[2024-11-07T22:43:36.363+0000] {local_task_job_runner.py:123} INFO - ::group::Pre task execution logs
[2024-11-07T22:43:36.384+0000] {taskinstance.py:2612} INFO - Dependencies all met for dep_context=non-requeueable deps ti=<TaskInstance: weather_dag.create_table manual__2024-11-07T22:43:31.120529+00:00 [queued]>
[2024-11-07T22:43:36.398+0000] {taskinstance.py:2612} INFO - Dependencies all met for dep_context=requeueable deps ti=<TaskInstance: weather_dag.create_table manual__2024-11-07T22:43:31.120529+00:00 [queued]>
[2024-11-07T22:43:36.399+0000] {taskinstance.py:2865} INFO - Starting attempt 1 of 1
[2024-11-07T22:43:36.418+0000] {taskinstance.py:2888} INFO - Executing <Task(PostgresOperator): create_table> on 2024-11-07 22:43:31.120529+00:00
[2024-11-07T22:43:36.428+0000] {warnings.py:112} WARNING - /home/***/.local/lib/python3.12/site-packages/***/task/task_runner/standard_task_runner.py:70: DeprecationWarning: This process (pid=214) is multi-threaded, use of fork() may lead to deadlocks in the child.
  pid = os.fork()

[2024-11-07T22:43:36.430+0000] {standard_task_runner.py:72} INFO - Started process 224 to run task
[2024-11-07T22:43:36.430+0000] {standard_task_runner.py:104} INFO - Running: ['***', 'tasks', 'run', 'weather_dag', 'create_table', 'manual__2024-11-07T22:43:31.120529+00:00', '--job-id', '765', '--raw', '--subdir', 'DAGS_FOLDER/Etl_weather.py', '--cfg-path', '/tmp/tmp8mnyt7ml']
[2024-11-07T22:43:36.431+0000] {standard_task_runner.py:105} INFO - Job 765: Subtask create_table
[2024-11-07T22:43:36.482+0000] {task_command.py:467} INFO - Running <TaskInstance: weather_dag.create_table manual__2024-11-07T22:43:31.120529+00:00 [running]> on host 915ee6de4e26
[2024-11-07T22:43:36.560+0000] {taskinstance.py:3131} INFO - Exporting env vars: AIRFLOW_CTX_DAG_OWNER='***' AIRFLOW_CTX_DAG_ID='weather_dag' AIRFLOW_CTX_TASK_ID='create_table' AIRFLOW_CTX_EXECUTION_DATE='2024-11-07T22:43:31.120529+00:00' AIRFLOW_CTX_TRY_NUMBER='1' AIRFLOW_CTX_DAG_RUN_ID='manual__2024-11-07T22:43:31.120529+00:00'
[2024-11-07T22:43:36.561+0000] {taskinstance.py:731} INFO - ::endgroup::
[2024-11-07T22:43:36.573+0000] {sql.py:266} INFO - Executing: 
         CREATE TABLE IF NOT EXISTS weather_medellin (
             city varchar(55),
             temp varchar(55),
             temp_min varchar(55),
             temp_max varchar(55),
             pressure varchar(55),
             humidity varchar(55),
             time varchar(255)
         );
         
[2024-11-07T22:43:36.581+0000] {base.py:84} INFO - Retrieving connection 'postgres_default'
[2024-11-07T22:43:36.590+0000] {base.py:84} INFO - Retrieving connection 'postgres_default'
[2024-11-07T22:43:36.625+0000] {sql.py:509} INFO - Running statement: 
         CREATE TABLE IF NOT EXISTS weather_medellin (
             city varchar(55),
             temp varchar(55),
             temp_min varchar(55),
             temp_max varchar(55),
             pressure varchar(55),
             humidity varchar(55),
             time varchar(255)
         );
         , parameters: None
[2024-11-07T22:43:36.638+0000] {taskinstance.py:340} INFO - ::group::Post task execution logs
[2024-11-07T22:43:36.639+0000] {taskinstance.py:352} INFO - Marking task as SUCCESS. dag_id=weather_dag, task_id=create_table, run_id=manual__2024-11-07T22:43:31.120529+00:00, execution_date=20241107T224331, start_date=20241107T224336, end_date=20241107T224336
[2024-11-07T22:43:36.686+0000] {local_task_job_runner.py:266} INFO - Task exited with return code 0
[2024-11-07T22:43:36.694+0000] {warnings.py:112} WARNING - /home/***/.local/lib/python3.12/site-packages/***/models/baseoperator.py:1378: AirflowProviderDeprecationWarning: Call to deprecated class PostgresOperator. (Please use `***.providers.common.sql.operators.sql.SQLExecuteQueryOperator`.Also, you can provide `hook_params={'schema': <database>}`.)
  result = cls.__new__(cls)

[2024-11-07T22:43:36.706+0000] {taskinstance.py:3900} INFO - 1 downstream tasks scheduled from follow-on schedule check
[2024-11-07T22:43:36.709+0000] {local_task_job_runner.py:245} INFO - ::endgroup::
