[2024-10-24T01:15:17.834+0000] {local_task_job_runner.py:123} INFO - ::group::Pre task execution logs
[2024-10-24T01:15:17.847+0000] {taskinstance.py:2612} INFO - Dependencies all met for dep_context=non-requeueable deps ti=<TaskInstance: weather_dag.extract_data manual__2024-10-24T01:15:16.001116+00:00 [queued]>
[2024-10-24T01:15:17.853+0000] {taskinstance.py:2612} INFO - Dependencies all met for dep_context=requeueable deps ti=<TaskInstance: weather_dag.extract_data manual__2024-10-24T01:15:16.001116+00:00 [queued]>
[2024-10-24T01:15:17.854+0000] {taskinstance.py:2865} INFO - Starting attempt 1 of 2
[2024-10-24T01:15:17.864+0000] {taskinstance.py:2888} INFO - Executing <Task(BashOperator): extract_data> on 2024-10-24 01:15:16.001116+00:00
[2024-10-24T01:15:17.870+0000] {warnings.py:112} WARNING - /home/***/.local/lib/python3.12/site-packages/***/task/task_runner/standard_task_runner.py:70: DeprecationWarning: This process (pid=147) is multi-threaded, use of fork() may lead to deadlocks in the child.
  pid = os.fork()

[2024-10-24T01:15:17.871+0000] {standard_task_runner.py:72} INFO - Started process 149 to run task
[2024-10-24T01:15:17.871+0000] {standard_task_runner.py:104} INFO - Running: ['***', 'tasks', 'run', 'weather_dag', 'extract_data', 'manual__2024-10-24T01:15:16.001116+00:00', '--job-id', '14', '--raw', '--subdir', 'DAGS_FOLDER/Etl_weather.py', '--cfg-path', '/tmp/tmp0w49ll0d']
[2024-10-24T01:15:17.874+0000] {standard_task_runner.py:105} INFO - Job 14: Subtask extract_data
[2024-10-24T01:15:17.914+0000] {task_command.py:467} INFO - Running <TaskInstance: weather_dag.extract_data manual__2024-10-24T01:15:16.001116+00:00 [running]> on host 9ec308eea9c2
[2024-10-24T01:15:17.975+0000] {taskinstance.py:3131} INFO - Exporting env vars: AIRFLOW_CTX_DAG_EMAIL='milo0@gmail.com' AIRFLOW_CTX_DAG_OWNER='milo' AIRFLOW_CTX_DAG_ID='weather_dag' AIRFLOW_CTX_TASK_ID='extract_data' AIRFLOW_CTX_EXECUTION_DATE='2024-10-24T01:15:16.001116+00:00' AIRFLOW_CTX_TRY_NUMBER='1' AIRFLOW_CTX_DAG_RUN_ID='manual__2024-10-24T01:15:16.001116+00:00'
[2024-10-24T01:15:17.977+0000] {taskinstance.py:731} INFO - ::endgroup::
[2024-10-24T01:15:17.989+0000] {subprocess.py:63} INFO - Tmp dir root location: /tmp
[2024-10-24T01:15:17.990+0000] {subprocess.py:75} INFO - Running command: ['/usr/bin/bash', '-c', 'python /opt/***/plugins/tmp/extract_data_api.py']
[2024-10-24T01:15:18.000+0000] {subprocess.py:86} INFO - Output:
[2024-10-24T01:15:19.061+0000] {subprocess.py:97} INFO - Command exited with return code 0
[2024-10-24T01:15:19.079+0000] {taskinstance.py:340} INFO - ::group::Post task execution logs
[2024-10-24T01:15:19.080+0000] {taskinstance.py:352} INFO - Marking task as SUCCESS. dag_id=weather_dag, task_id=extract_data, run_id=manual__2024-10-24T01:15:16.001116+00:00, execution_date=20241024T011516, start_date=20241024T011517, end_date=20241024T011519
[2024-10-24T01:15:19.098+0000] {local_task_job_runner.py:266} INFO - Task exited with return code 0
[2024-10-24T01:15:19.105+0000] {warnings.py:112} WARNING - /home/***/.local/lib/python3.12/site-packages/***/models/baseoperator.py:1378: AirflowProviderDeprecationWarning: Call to deprecated class PostgresOperator. (Please use `***.providers.common.sql.operators.sql.SQLExecuteQueryOperator`.Also, you can provide `hook_params={'schema': <database>}`.)
  result = cls.__new__(cls)

[2024-10-24T01:15:19.114+0000] {taskinstance.py:3900} INFO - 1 downstream tasks scheduled from follow-on schedule check
[2024-10-24T01:15:19.116+0000] {local_task_job_runner.py:245} INFO - ::endgroup::
