[2024-10-24T01:18:13.482+0000] {local_task_job_runner.py:123} INFO - ::group::Pre task execution logs
[2024-10-24T01:18:13.494+0000] {taskinstance.py:2612} INFO - Dependencies all met for dep_context=non-requeueable deps ti=<TaskInstance: weather_dag.create_table manual__2024-10-24T01:13:06.832809+00:00 [queued]>
[2024-10-24T01:18:13.500+0000] {taskinstance.py:2612} INFO - Dependencies all met for dep_context=requeueable deps ti=<TaskInstance: weather_dag.create_table manual__2024-10-24T01:13:06.832809+00:00 [queued]>
[2024-10-24T01:18:13.501+0000] {taskinstance.py:2865} INFO - Starting attempt 1 of 1
[2024-10-24T01:18:13.510+0000] {taskinstance.py:2888} INFO - Executing <Task(PostgresOperator): create_table> on 2024-10-24 01:13:06.832809+00:00
[2024-10-24T01:18:13.516+0000] {warnings.py:112} WARNING - /home/***/.local/lib/python3.12/site-packages/***/task/task_runner/standard_task_runner.py:70: DeprecationWarning: This process (pid=303) is multi-threaded, use of fork() may lead to deadlocks in the child.
  pid = os.fork()

[2024-10-24T01:18:13.517+0000] {standard_task_runner.py:72} INFO - Started process 305 to run task
[2024-10-24T01:18:13.517+0000] {standard_task_runner.py:104} INFO - Running: ['***', 'tasks', 'run', 'weather_dag', 'create_table', 'manual__2024-10-24T01:13:06.832809+00:00', '--job-id', '23', '--raw', '--subdir', 'DAGS_FOLDER/Etl_weather.py', '--cfg-path', '/tmp/tmpfweypl51']
[2024-10-24T01:18:13.519+0000] {standard_task_runner.py:105} INFO - Job 23: Subtask create_table
[2024-10-24T01:18:13.552+0000] {task_command.py:467} INFO - Running <TaskInstance: weather_dag.create_table manual__2024-10-24T01:13:06.832809+00:00 [running]> on host 9ec308eea9c2
[2024-10-24T01:18:13.732+0000] {taskinstance.py:3131} INFO - Exporting env vars: AIRFLOW_CTX_DAG_OWNER='***' AIRFLOW_CTX_DAG_ID='weather_dag' AIRFLOW_CTX_TASK_ID='create_table' AIRFLOW_CTX_EXECUTION_DATE='2024-10-24T01:13:06.832809+00:00' AIRFLOW_CTX_TRY_NUMBER='1' AIRFLOW_CTX_DAG_RUN_ID='manual__2024-10-24T01:13:06.832809+00:00'
[2024-10-24T01:18:13.733+0000] {taskinstance.py:731} INFO - ::endgroup::
[2024-10-24T01:18:13.741+0000] {sql.py:266} INFO - Executing: 
         CREATE TABLE IF NOT EXISTS weather_medellin (
             city varchar(255),
             temp float,
             temp_min float,
             temp_max float,
             pressure integer,
             humidity integer,
             time timestamp
         );
         
[2024-10-24T01:18:13.748+0000] {base.py:84} INFO - Retrieving connection 'postgres_default'
[2024-10-24T01:18:13.754+0000] {base.py:84} INFO - Retrieving connection 'postgres_default'
[2024-10-24T01:18:13.781+0000] {sql.py:509} INFO - Running statement: 
         CREATE TABLE IF NOT EXISTS weather_medellin (
             city varchar(255),
             temp float,
             temp_min float,
             temp_max float,
             pressure integer,
             humidity integer,
             time timestamp
         );
         , parameters: None
[2024-10-24T01:18:13.791+0000] {taskinstance.py:340} INFO - ::group::Post task execution logs
[2024-10-24T01:18:13.791+0000] {taskinstance.py:352} INFO - Marking task as SUCCESS. dag_id=weather_dag, task_id=create_table, run_id=manual__2024-10-24T01:13:06.832809+00:00, execution_date=20241024T011306, start_date=20241024T011813, end_date=20241024T011813
[2024-10-24T01:18:13.813+0000] {local_task_job_runner.py:266} INFO - Task exited with return code 0
[2024-10-24T01:18:13.825+0000] {taskinstance.py:3900} INFO - 0 downstream tasks scheduled from follow-on schedule check
[2024-10-24T01:18:13.827+0000] {local_task_job_runner.py:245} INFO - ::endgroup::
