[2024-11-07T22:43:36.360+0000] {local_task_job_runner.py:123} INFO - ::group::Pre task execution logs
[2024-11-07T22:43:36.379+0000] {taskinstance.py:2612} INFO - Dependencies all met for dep_context=non-requeueable deps ti=<TaskInstance: weather_dag.insert_data scheduled__2024-11-07T20:00:00+00:00 [queued]>
[2024-11-07T22:43:36.395+0000] {taskinstance.py:2612} INFO - Dependencies all met for dep_context=requeueable deps ti=<TaskInstance: weather_dag.insert_data scheduled__2024-11-07T20:00:00+00:00 [queued]>
[2024-11-07T22:43:36.396+0000] {taskinstance.py:2865} INFO - Starting attempt 1 of 1
[2024-11-07T22:43:36.413+0000] {taskinstance.py:2888} INFO - Executing <Task(PostgresFileOperator): insert_data> on 2024-11-07 20:00:00+00:00
[2024-11-07T22:43:36.422+0000] {warnings.py:112} WARNING - /home/***/.local/lib/python3.12/site-packages/***/task/task_runner/standard_task_runner.py:70: DeprecationWarning: This process (pid=216) is multi-threaded, use of fork() may lead to deadlocks in the child.
  pid = os.fork()

[2024-11-07T22:43:36.425+0000] {standard_task_runner.py:72} INFO - Started process 222 to run task
[2024-11-07T22:43:36.425+0000] {standard_task_runner.py:104} INFO - Running: ['***', 'tasks', 'run', 'weather_dag', 'insert_data', 'scheduled__2024-11-07T20:00:00+00:00', '--job-id', '764', '--raw', '--subdir', 'DAGS_FOLDER/Etl_weather.py', '--cfg-path', '/tmp/tmpdludyj86']
[2024-11-07T22:43:36.426+0000] {standard_task_runner.py:105} INFO - Job 764: Subtask insert_data
[2024-11-07T22:43:36.479+0000] {task_command.py:467} INFO - Running <TaskInstance: weather_dag.insert_data scheduled__2024-11-07T20:00:00+00:00 [running]> on host 915ee6de4e26
[2024-11-07T22:43:36.559+0000] {taskinstance.py:3131} INFO - Exporting env vars: AIRFLOW_CTX_DAG_OWNER='***' AIRFLOW_CTX_DAG_ID='weather_dag' AIRFLOW_CTX_TASK_ID='insert_data' AIRFLOW_CTX_EXECUTION_DATE='2024-11-07T20:00:00+00:00' AIRFLOW_CTX_TRY_NUMBER='1' AIRFLOW_CTX_DAG_RUN_ID='scheduled__2024-11-07T20:00:00+00:00'
[2024-11-07T22:43:36.560+0000] {taskinstance.py:731} INFO - ::endgroup::
[2024-11-07T22:43:36.572+0000] {postgres.py:191} INFO - Running copy expert: COPY weather_medellin FROM STDIN, filename: tmp/weather_data.tsv
[2024-11-07T22:43:36.581+0000] {base.py:84} INFO - Retrieving connection 'postgres_default'
[2024-11-07T22:43:36.639+0000] {taskinstance.py:340} INFO - ::group::Post task execution logs
[2024-11-07T22:43:36.640+0000] {taskinstance.py:352} INFO - Marking task as SUCCESS. dag_id=weather_dag, task_id=insert_data, run_id=scheduled__2024-11-07T20:00:00+00:00, execution_date=20241107T200000, start_date=20241107T224336, end_date=20241107T224336
[2024-11-07T22:43:36.682+0000] {local_task_job_runner.py:266} INFO - Task exited with return code 0
[2024-11-07T22:43:36.696+0000] {taskinstance.py:3900} INFO - 0 downstream tasks scheduled from follow-on schedule check
[2024-11-07T22:43:36.698+0000] {local_task_job_runner.py:245} INFO - ::endgroup::
