[2024-11-07T22:36:52.816+0000] {local_task_job_runner.py:123} INFO - ::group::Pre task execution logs
[2024-11-07T22:36:52.851+0000] {taskinstance.py:2612} INFO - Dependencies all met for dep_context=non-requeueable deps ti=<TaskInstance: weather_dag.create_table scheduled__2024-11-07T09:10:00+00:00 [queued]>
[2024-11-07T22:36:52.869+0000] {taskinstance.py:2612} INFO - Dependencies all met for dep_context=requeueable deps ti=<TaskInstance: weather_dag.create_table scheduled__2024-11-07T09:10:00+00:00 [queued]>
[2024-11-07T22:36:52.870+0000] {taskinstance.py:2865} INFO - Starting attempt 1 of 1
[2024-11-07T22:36:52.892+0000] {taskinstance.py:2888} INFO - Executing <Task(PostgresOperator): create_table> on 2024-11-07 09:10:00+00:00
[2024-11-07T22:36:52.901+0000] {warnings.py:112} WARNING - /home/***/.local/lib/python3.12/site-packages/***/task/task_runner/standard_task_runner.py:70: DeprecationWarning: This process (pid=1675) is multi-threaded, use of fork() may lead to deadlocks in the child.
  pid = os.fork()

[2024-11-07T22:36:52.904+0000] {standard_task_runner.py:72} INFO - Started process 1688 to run task
[2024-11-07T22:36:52.904+0000] {standard_task_runner.py:104} INFO - Running: ['***', 'tasks', 'run', 'weather_dag', 'create_table', 'scheduled__2024-11-07T09:10:00+00:00', '--job-id', '585', '--raw', '--subdir', 'DAGS_FOLDER/Etl_weather.py', '--cfg-path', '/tmp/tmp1zkk4ra6']
[2024-11-07T22:36:52.906+0000] {standard_task_runner.py:105} INFO - Job 585: Subtask create_table
[2024-11-07T22:36:52.984+0000] {task_command.py:467} INFO - Running <TaskInstance: weather_dag.create_table scheduled__2024-11-07T09:10:00+00:00 [running]> on host 915ee6de4e26
[2024-11-07T22:36:53.132+0000] {taskinstance.py:3131} INFO - Exporting env vars: AIRFLOW_CTX_DAG_OWNER='***' AIRFLOW_CTX_DAG_ID='weather_dag' AIRFLOW_CTX_TASK_ID='create_table' AIRFLOW_CTX_EXECUTION_DATE='2024-11-07T09:10:00+00:00' AIRFLOW_CTX_TRY_NUMBER='1' AIRFLOW_CTX_DAG_RUN_ID='scheduled__2024-11-07T09:10:00+00:00'
[2024-11-07T22:36:53.135+0000] {taskinstance.py:731} INFO - ::endgroup::
[2024-11-07T22:36:53.177+0000] {sql.py:266} INFO - Executing: 
         CREATE TABLE IF NOT EXISTS weather_medellin (
             city varchar(55),
             temp varchar(55),
             temp_min varchar(55),
             temp_max varchar(55),
             pressure varchar(55),
             humidity varchar(55),
             time varchar(255)
         );
         
[2024-11-07T22:36:53.196+0000] {base.py:84} INFO - Retrieving connection 'postgres_default'
[2024-11-07T22:36:53.210+0000] {base.py:84} INFO - Retrieving connection 'postgres_default'
[2024-11-07T22:36:53.283+0000] {sql.py:509} INFO - Running statement: 
         CREATE TABLE IF NOT EXISTS weather_medellin (
             city varchar(55),
             temp varchar(55),
             temp_min varchar(55),
             temp_max varchar(55),
             pressure varchar(55),
             humidity varchar(55),
             time varchar(255)
         );
         , parameters: None
[2024-11-07T22:36:53.311+0000] {taskinstance.py:340} INFO - ::group::Post task execution logs
[2024-11-07T22:36:53.313+0000] {taskinstance.py:352} INFO - Marking task as SUCCESS. dag_id=weather_dag, task_id=create_table, run_id=scheduled__2024-11-07T09:10:00+00:00, execution_date=20241107T091000, start_date=20241107T223652, end_date=20241107T223653
[2024-11-07T22:36:53.363+0000] {local_task_job_runner.py:266} INFO - Task exited with return code 0
[2024-11-07T22:36:53.382+0000] {warnings.py:112} WARNING - /home/***/.local/lib/python3.12/site-packages/***/models/baseoperator.py:1378: AirflowProviderDeprecationWarning: Call to deprecated class PostgresOperator. (Please use `***.providers.common.sql.operators.sql.SQLExecuteQueryOperator`.Also, you can provide `hook_params={'schema': <database>}`.)
  result = cls.__new__(cls)

[2024-11-07T22:36:53.407+0000] {taskinstance.py:3900} INFO - 1 downstream tasks scheduled from follow-on schedule check
[2024-11-07T22:36:53.410+0000] {local_task_job_runner.py:245} INFO - ::endgroup::
