[2024-11-07T22:37:21.520+0000] {local_task_job_runner.py:123} INFO - ::group::Pre task execution logs
[2024-11-07T22:37:21.555+0000] {taskinstance.py:2612} INFO - Dependencies all met for dep_context=non-requeueable deps ti=<TaskInstance: weather_dag.create_table scheduled__2024-11-07T14:30:00+00:00 [queued]>
[2024-11-07T22:37:21.574+0000] {taskinstance.py:2612} INFO - Dependencies all met for dep_context=requeueable deps ti=<TaskInstance: weather_dag.create_table scheduled__2024-11-07T14:30:00+00:00 [queued]>
[2024-11-07T22:37:21.575+0000] {taskinstance.py:2865} INFO - Starting attempt 1 of 1
[2024-11-07T22:37:21.594+0000] {taskinstance.py:2888} INFO - Executing <Task(PostgresOperator): create_table> on 2024-11-07 14:30:00+00:00
[2024-11-07T22:37:21.603+0000] {warnings.py:112} WARNING - /home/***/.local/lib/python3.12/site-packages/***/task/task_runner/standard_task_runner.py:70: DeprecationWarning: This process (pid=2507) is multi-threaded, use of fork() may lead to deadlocks in the child.
  pid = os.fork()

[2024-11-07T22:37:21.606+0000] {standard_task_runner.py:72} INFO - Started process 2526 to run task
[2024-11-07T22:37:21.606+0000] {standard_task_runner.py:104} INFO - Running: ['***', 'tasks', 'run', 'weather_dag', 'create_table', 'scheduled__2024-11-07T14:30:00+00:00', '--job-id', '682', '--raw', '--subdir', 'DAGS_FOLDER/Etl_weather.py', '--cfg-path', '/tmp/tmpwdiyats9']
[2024-11-07T22:37:21.608+0000] {standard_task_runner.py:105} INFO - Job 682: Subtask create_table
[2024-11-07T22:37:21.675+0000] {task_command.py:467} INFO - Running <TaskInstance: weather_dag.create_table scheduled__2024-11-07T14:30:00+00:00 [running]> on host 915ee6de4e26
[2024-11-07T22:37:21.852+0000] {taskinstance.py:3131} INFO - Exporting env vars: AIRFLOW_CTX_DAG_OWNER='***' AIRFLOW_CTX_DAG_ID='weather_dag' AIRFLOW_CTX_TASK_ID='create_table' AIRFLOW_CTX_EXECUTION_DATE='2024-11-07T14:30:00+00:00' AIRFLOW_CTX_TRY_NUMBER='1' AIRFLOW_CTX_DAG_RUN_ID='scheduled__2024-11-07T14:30:00+00:00'
[2024-11-07T22:37:21.855+0000] {taskinstance.py:731} INFO - ::endgroup::
[2024-11-07T22:37:21.890+0000] {sql.py:266} INFO - Executing: 
         CREATE TABLE IF NOT EXISTS weather_medellin (
             city varchar(55),
             temp varchar(55),
             temp_min varchar(55),
             temp_max varchar(55),
             pressure varchar(55),
             humidity varchar(55),
             time varchar(255)
         );
         
[2024-11-07T22:37:21.908+0000] {base.py:84} INFO - Retrieving connection 'postgres_default'
[2024-11-07T22:37:21.923+0000] {base.py:84} INFO - Retrieving connection 'postgres_default'
[2024-11-07T22:37:22.102+0000] {sql.py:509} INFO - Running statement: 
         CREATE TABLE IF NOT EXISTS weather_medellin (
             city varchar(55),
             temp varchar(55),
             temp_min varchar(55),
             temp_max varchar(55),
             pressure varchar(55),
             humidity varchar(55),
             time varchar(255)
         );
         , parameters: None
[2024-11-07T22:37:22.130+0000] {taskinstance.py:340} INFO - ::group::Post task execution logs
[2024-11-07T22:37:22.131+0000] {taskinstance.py:352} INFO - Marking task as SUCCESS. dag_id=weather_dag, task_id=create_table, run_id=scheduled__2024-11-07T14:30:00+00:00, execution_date=20241107T143000, start_date=20241107T223721, end_date=20241107T223722
[2024-11-07T22:37:22.187+0000] {local_task_job_runner.py:266} INFO - Task exited with return code 0
[2024-11-07T22:37:22.204+0000] {local_task_job_runner.py:245} INFO - ::endgroup::
