[2024-11-07T22:35:44.026+0000] {processor.py:186} INFO - Started process (PID=50) to work on /opt/airflow/dags/Etl_weather.py
[2024-11-07T22:35:44.028+0000] {processor.py:914} INFO - Processing file /opt/airflow/dags/Etl_weather.py for tasks to queue
[2024-11-07T22:35:44.030+0000] {logging_mixin.py:190} INFO - [2024-11-07T22:35:44.029+0000] {dagbag.py:588} INFO - Filling up the DagBag from /opt/airflow/dags/Etl_weather.py
[2024-11-07T22:35:44.089+0000] {processor.py:925} INFO - DAG(s) 'weather_dag' retrieved from /opt/airflow/dags/Etl_weather.py
[2024-11-07T22:35:44.449+0000] {logging_mixin.py:190} INFO - [2024-11-07T22:35:44.449+0000] {dag.py:3239} INFO - Sync 1 DAGs
[2024-11-07T22:35:44.471+0000] {logging_mixin.py:190} INFO - [2024-11-07T22:35:44.470+0000] {dag.py:4180} INFO - Setting next_dagrun for weather_dag to 2024-11-07 00:00:00+00:00, run_after=2024-11-07 00:10:00+00:00
[2024-11-07T22:35:44.497+0000] {processor.py:208} INFO - Processing /opt/airflow/dags/Etl_weather.py took 0.478 seconds
[2024-11-07T22:36:14.847+0000] {processor.py:186} INFO - Started process (PID=91) to work on /opt/airflow/dags/Etl_weather.py
[2024-11-07T22:36:14.848+0000] {processor.py:914} INFO - Processing file /opt/airflow/dags/Etl_weather.py for tasks to queue
[2024-11-07T22:36:14.851+0000] {logging_mixin.py:190} INFO - [2024-11-07T22:36:14.850+0000] {dagbag.py:588} INFO - Filling up the DagBag from /opt/airflow/dags/Etl_weather.py
[2024-11-07T22:36:14.899+0000] {processor.py:925} INFO - DAG(s) 'weather_dag' retrieved from /opt/airflow/dags/Etl_weather.py
[2024-11-07T22:36:14.930+0000] {logging_mixin.py:190} INFO - [2024-11-07T22:36:14.929+0000] {dag.py:3239} INFO - Sync 1 DAGs
[2024-11-07T22:36:14.958+0000] {logging_mixin.py:190} INFO - [2024-11-07T22:36:14.958+0000] {dag.py:4180} INFO - Setting next_dagrun for weather_dag to 2024-11-07 03:10:00+00:00, run_after=2024-11-07 03:20:00+00:00
[2024-11-07T22:36:14.985+0000] {processor.py:208} INFO - Processing /opt/airflow/dags/Etl_weather.py took 0.144 seconds
[2024-11-07T22:36:45.166+0000] {processor.py:186} INFO - Started process (PID=189) to work on /opt/airflow/dags/Etl_weather.py
[2024-11-07T22:36:45.167+0000] {processor.py:914} INFO - Processing file /opt/airflow/dags/Etl_weather.py for tasks to queue
[2024-11-07T22:36:45.173+0000] {logging_mixin.py:190} INFO - [2024-11-07T22:36:45.172+0000] {dagbag.py:588} INFO - Filling up the DagBag from /opt/airflow/dags/Etl_weather.py
[2024-11-07T22:36:45.251+0000] {processor.py:925} INFO - DAG(s) 'weather_dag' retrieved from /opt/airflow/dags/Etl_weather.py
[2024-11-07T22:36:45.299+0000] {logging_mixin.py:190} INFO - [2024-11-07T22:36:45.299+0000] {dag.py:3239} INFO - Sync 1 DAGs
[2024-11-07T22:36:45.345+0000] {logging_mixin.py:190} INFO - [2024-11-07T22:36:45.345+0000] {dag.py:4180} INFO - Setting next_dagrun for weather_dag to 2024-11-07 09:10:00+00:00, run_after=2024-11-07 09:20:00+00:00
[2024-11-07T22:36:45.381+0000] {processor.py:208} INFO - Processing /opt/airflow/dags/Etl_weather.py took 0.227 seconds
[2024-11-07T22:37:15.541+0000] {processor.py:186} INFO - Started process (PID=309) to work on /opt/airflow/dags/Etl_weather.py
[2024-11-07T22:37:15.543+0000] {processor.py:914} INFO - Processing file /opt/airflow/dags/Etl_weather.py for tasks to queue
[2024-11-07T22:37:15.546+0000] {logging_mixin.py:190} INFO - [2024-11-07T22:37:15.545+0000] {dagbag.py:588} INFO - Filling up the DagBag from /opt/airflow/dags/Etl_weather.py
[2024-11-07T22:37:15.608+0000] {processor.py:925} INFO - DAG(s) 'weather_dag' retrieved from /opt/airflow/dags/Etl_weather.py
[2024-11-07T22:37:15.645+0000] {logging_mixin.py:190} INFO - [2024-11-07T22:37:15.645+0000] {dag.py:3239} INFO - Sync 1 DAGs
[2024-11-07T22:37:15.683+0000] {logging_mixin.py:190} INFO - [2024-11-07T22:37:15.683+0000] {dag.py:4180} INFO - Setting next_dagrun for weather_dag to 2024-11-07 14:50:00+00:00, run_after=2024-11-07 15:00:00+00:00
[2024-11-07T22:37:15.991+0000] {processor.py:208} INFO - Processing /opt/airflow/dags/Etl_weather.py took 0.459 seconds
[2024-11-07T22:37:46.393+0000] {processor.py:186} INFO - Started process (PID=404) to work on /opt/airflow/dags/Etl_weather.py
[2024-11-07T22:37:46.394+0000] {processor.py:914} INFO - Processing file /opt/airflow/dags/Etl_weather.py for tasks to queue
[2024-11-07T22:37:46.396+0000] {logging_mixin.py:190} INFO - [2024-11-07T22:37:46.396+0000] {dagbag.py:588} INFO - Filling up the DagBag from /opt/airflow/dags/Etl_weather.py
[2024-11-07T22:37:46.427+0000] {processor.py:925} INFO - DAG(s) 'weather_dag' retrieved from /opt/airflow/dags/Etl_weather.py
[2024-11-07T22:37:46.450+0000] {logging_mixin.py:190} INFO - [2024-11-07T22:37:46.450+0000] {dag.py:3239} INFO - Sync 1 DAGs
[2024-11-07T22:37:46.590+0000] {logging_mixin.py:190} INFO - [2024-11-07T22:37:46.590+0000] {dag.py:4180} INFO - Setting next_dagrun for weather_dag to 2024-11-07 18:20:00+00:00, run_after=2024-11-07 18:30:00+00:00
[2024-11-07T22:37:46.606+0000] {processor.py:208} INFO - Processing /opt/airflow/dags/Etl_weather.py took 0.218 seconds
[2024-11-07T22:38:16.740+0000] {processor.py:186} INFO - Started process (PID=411) to work on /opt/airflow/dags/Etl_weather.py
[2024-11-07T22:38:16.741+0000] {processor.py:914} INFO - Processing file /opt/airflow/dags/Etl_weather.py for tasks to queue
[2024-11-07T22:38:16.743+0000] {logging_mixin.py:190} INFO - [2024-11-07T22:38:16.742+0000] {dagbag.py:588} INFO - Filling up the DagBag from /opt/airflow/dags/Etl_weather.py
[2024-11-07T22:38:16.768+0000] {processor.py:925} INFO - DAG(s) 'weather_dag' retrieved from /opt/airflow/dags/Etl_weather.py
[2024-11-07T22:38:16.788+0000] {logging_mixin.py:190} INFO - [2024-11-07T22:38:16.788+0000] {dag.py:3239} INFO - Sync 1 DAGs
[2024-11-07T22:38:16.905+0000] {logging_mixin.py:190} INFO - [2024-11-07T22:38:16.905+0000] {dag.py:4180} INFO - Setting next_dagrun for weather_dag to 2024-11-07 18:20:00+00:00, run_after=2024-11-07 18:30:00+00:00
[2024-11-07T22:38:16.918+0000] {processor.py:208} INFO - Processing /opt/airflow/dags/Etl_weather.py took 0.182 seconds
[2024-11-07T22:38:47.209+0000] {processor.py:186} INFO - Started process (PID=418) to work on /opt/airflow/dags/Etl_weather.py
[2024-11-07T22:38:47.211+0000] {processor.py:914} INFO - Processing file /opt/airflow/dags/Etl_weather.py for tasks to queue
[2024-11-07T22:38:47.213+0000] {logging_mixin.py:190} INFO - [2024-11-07T22:38:47.213+0000] {dagbag.py:588} INFO - Filling up the DagBag from /opt/airflow/dags/Etl_weather.py
[2024-11-07T22:38:47.238+0000] {processor.py:925} INFO - DAG(s) 'weather_dag' retrieved from /opt/airflow/dags/Etl_weather.py
[2024-11-07T22:38:47.370+0000] {logging_mixin.py:190} INFO - [2024-11-07T22:38:47.370+0000] {dag.py:3239} INFO - Sync 1 DAGs
[2024-11-07T22:38:47.387+0000] {logging_mixin.py:190} INFO - [2024-11-07T22:38:47.386+0000] {dag.py:4180} INFO - Setting next_dagrun for weather_dag to 2024-11-07 18:20:00+00:00, run_after=2024-11-07 18:30:00+00:00
[2024-11-07T22:38:47.403+0000] {processor.py:208} INFO - Processing /opt/airflow/dags/Etl_weather.py took 0.198 seconds
[2024-11-07T22:39:17.523+0000] {processor.py:186} INFO - Started process (PID=425) to work on /opt/airflow/dags/Etl_weather.py
[2024-11-07T22:39:17.524+0000] {processor.py:914} INFO - Processing file /opt/airflow/dags/Etl_weather.py for tasks to queue
[2024-11-07T22:39:17.526+0000] {logging_mixin.py:190} INFO - [2024-11-07T22:39:17.526+0000] {dagbag.py:588} INFO - Filling up the DagBag from /opt/airflow/dags/Etl_weather.py
[2024-11-07T22:39:17.655+0000] {processor.py:925} INFO - DAG(s) 'weather_dag' retrieved from /opt/airflow/dags/Etl_weather.py
[2024-11-07T22:39:17.672+0000] {logging_mixin.py:190} INFO - [2024-11-07T22:39:17.671+0000] {dag.py:3239} INFO - Sync 1 DAGs
[2024-11-07T22:39:17.686+0000] {logging_mixin.py:190} INFO - [2024-11-07T22:39:17.686+0000] {dag.py:4180} INFO - Setting next_dagrun for weather_dag to 2024-11-07 18:20:00+00:00, run_after=2024-11-07 18:30:00+00:00
[2024-11-07T22:39:17.703+0000] {processor.py:208} INFO - Processing /opt/airflow/dags/Etl_weather.py took 0.183 seconds
[2024-11-07T22:39:47.994+0000] {processor.py:186} INFO - Started process (PID=432) to work on /opt/airflow/dags/Etl_weather.py
[2024-11-07T22:39:47.995+0000] {processor.py:914} INFO - Processing file /opt/airflow/dags/Etl_weather.py for tasks to queue
[2024-11-07T22:39:47.997+0000] {logging_mixin.py:190} INFO - [2024-11-07T22:39:47.997+0000] {dagbag.py:588} INFO - Filling up the DagBag from /opt/airflow/dags/Etl_weather.py
[2024-11-07T22:39:48.025+0000] {processor.py:925} INFO - DAG(s) 'weather_dag' retrieved from /opt/airflow/dags/Etl_weather.py
[2024-11-07T22:39:48.046+0000] {logging_mixin.py:190} INFO - [2024-11-07T22:39:48.045+0000] {dag.py:3239} INFO - Sync 1 DAGs
[2024-11-07T22:39:48.064+0000] {logging_mixin.py:190} INFO - [2024-11-07T22:39:48.064+0000] {dag.py:4180} INFO - Setting next_dagrun for weather_dag to 2024-11-07 18:20:00+00:00, run_after=2024-11-07 18:30:00+00:00
[2024-11-07T22:39:48.085+0000] {processor.py:208} INFO - Processing /opt/airflow/dags/Etl_weather.py took 0.096 seconds
[2024-11-07T22:40:18.441+0000] {processor.py:186} INFO - Started process (PID=439) to work on /opt/airflow/dags/Etl_weather.py
[2024-11-07T22:40:18.442+0000] {processor.py:914} INFO - Processing file /opt/airflow/dags/Etl_weather.py for tasks to queue
[2024-11-07T22:40:18.444+0000] {logging_mixin.py:190} INFO - [2024-11-07T22:40:18.444+0000] {dagbag.py:588} INFO - Filling up the DagBag from /opt/airflow/dags/Etl_weather.py
[2024-11-07T22:40:18.477+0000] {processor.py:925} INFO - DAG(s) 'weather_dag' retrieved from /opt/airflow/dags/Etl_weather.py
[2024-11-07T22:40:18.495+0000] {logging_mixin.py:190} INFO - [2024-11-07T22:40:18.495+0000] {dag.py:3239} INFO - Sync 1 DAGs
[2024-11-07T22:40:18.513+0000] {logging_mixin.py:190} INFO - [2024-11-07T22:40:18.512+0000] {dag.py:4180} INFO - Setting next_dagrun for weather_dag to 2024-11-07 18:20:00+00:00, run_after=2024-11-07 18:30:00+00:00
[2024-11-07T22:40:18.529+0000] {processor.py:208} INFO - Processing /opt/airflow/dags/Etl_weather.py took 0.094 seconds
[2024-11-07T22:43:03.775+0000] {processor.py:186} INFO - Started process (PID=50) to work on /opt/airflow/dags/Etl_weather.py
[2024-11-07T22:43:03.776+0000] {processor.py:914} INFO - Processing file /opt/airflow/dags/Etl_weather.py for tasks to queue
[2024-11-07T22:43:03.777+0000] {logging_mixin.py:190} INFO - [2024-11-07T22:43:03.777+0000] {dagbag.py:588} INFO - Filling up the DagBag from /opt/airflow/dags/Etl_weather.py
[2024-11-07T22:43:03.814+0000] {processor.py:925} INFO - DAG(s) 'weather_dag' retrieved from /opt/airflow/dags/Etl_weather.py
[2024-11-07T22:43:04.034+0000] {logging_mixin.py:190} INFO - [2024-11-07T22:43:04.034+0000] {dag.py:3239} INFO - Sync 1 DAGs
[2024-11-07T22:43:04.053+0000] {logging_mixin.py:190} INFO - [2024-11-07T22:43:04.053+0000] {dag.py:4180} INFO - Setting next_dagrun for weather_dag to 2024-11-07 18:00:00+00:00, run_after=2024-11-07 19:00:00+00:00
[2024-11-07T22:43:04.074+0000] {processor.py:208} INFO - Processing /opt/airflow/dags/Etl_weather.py took 0.304 seconds
[2024-11-07T22:43:34.150+0000] {processor.py:186} INFO - Started process (PID=71) to work on /opt/airflow/dags/Etl_weather.py
[2024-11-07T22:43:34.151+0000] {processor.py:914} INFO - Processing file /opt/airflow/dags/Etl_weather.py for tasks to queue
[2024-11-07T22:43:34.153+0000] {logging_mixin.py:190} INFO - [2024-11-07T22:43:34.153+0000] {dagbag.py:588} INFO - Filling up the DagBag from /opt/airflow/dags/Etl_weather.py
[2024-11-07T22:43:34.189+0000] {processor.py:925} INFO - DAG(s) 'weather_dag' retrieved from /opt/airflow/dags/Etl_weather.py
[2024-11-07T22:43:34.219+0000] {logging_mixin.py:190} INFO - [2024-11-07T22:43:34.219+0000] {dag.py:3239} INFO - Sync 1 DAGs
[2024-11-07T22:43:34.255+0000] {logging_mixin.py:190} INFO - [2024-11-07T22:43:34.254+0000] {dag.py:4180} INFO - Setting next_dagrun for weather_dag to 2024-11-07 22:00:00+00:00, run_after=2024-11-07 23:00:00+00:00
[2024-11-07T22:43:34.277+0000] {processor.py:208} INFO - Processing /opt/airflow/dags/Etl_weather.py took 0.132 seconds
[2024-11-07T22:44:04.487+0000] {processor.py:186} INFO - Started process (PID=90) to work on /opt/airflow/dags/Etl_weather.py
[2024-11-07T22:44:04.488+0000] {processor.py:914} INFO - Processing file /opt/airflow/dags/Etl_weather.py for tasks to queue
[2024-11-07T22:44:04.490+0000] {logging_mixin.py:190} INFO - [2024-11-07T22:44:04.489+0000] {dagbag.py:588} INFO - Filling up the DagBag from /opt/airflow/dags/Etl_weather.py
[2024-11-07T22:44:04.518+0000] {processor.py:925} INFO - DAG(s) 'weather_dag' retrieved from /opt/airflow/dags/Etl_weather.py
[2024-11-07T22:44:04.539+0000] {logging_mixin.py:190} INFO - [2024-11-07T22:44:04.539+0000] {dag.py:3239} INFO - Sync 1 DAGs
[2024-11-07T22:44:04.558+0000] {logging_mixin.py:190} INFO - [2024-11-07T22:44:04.558+0000] {dag.py:4180} INFO - Setting next_dagrun for weather_dag to 2024-11-07 22:00:00+00:00, run_after=2024-11-07 23:00:00+00:00
[2024-11-07T22:44:04.577+0000] {processor.py:208} INFO - Processing /opt/airflow/dags/Etl_weather.py took 0.094 seconds
[2024-11-07T22:48:35.425+0000] {processor.py:186} INFO - Started process (PID=50) to work on /opt/airflow/dags/Etl_weather.py
[2024-11-07T22:48:35.426+0000] {processor.py:914} INFO - Processing file /opt/airflow/dags/Etl_weather.py for tasks to queue
[2024-11-07T22:48:35.428+0000] {logging_mixin.py:190} INFO - [2024-11-07T22:48:35.427+0000] {dagbag.py:588} INFO - Filling up the DagBag from /opt/airflow/dags/Etl_weather.py
[2024-11-07T22:48:35.464+0000] {processor.py:925} INFO - DAG(s) 'weather_dag' retrieved from /opt/airflow/dags/Etl_weather.py
[2024-11-07T22:48:35.731+0000] {logging_mixin.py:190} INFO - [2024-11-07T22:48:35.731+0000] {dag.py:3239} INFO - Sync 1 DAGs
[2024-11-07T22:48:35.753+0000] {logging_mixin.py:190} INFO - [2024-11-07T22:48:35.752+0000] {dag.py:4180} INFO - Setting next_dagrun for weather_dag to 2024-11-07 22:00:00+00:00, run_after=2024-11-07 23:00:00+00:00
[2024-11-07T22:48:35.778+0000] {processor.py:208} INFO - Processing /opt/airflow/dags/Etl_weather.py took 0.358 seconds
[2024-11-07T22:49:06.128+0000] {processor.py:186} INFO - Started process (PID=57) to work on /opt/airflow/dags/Etl_weather.py
[2024-11-07T22:49:06.129+0000] {processor.py:914} INFO - Processing file /opt/airflow/dags/Etl_weather.py for tasks to queue
[2024-11-07T22:49:06.131+0000] {logging_mixin.py:190} INFO - [2024-11-07T22:49:06.130+0000] {dagbag.py:588} INFO - Filling up the DagBag from /opt/airflow/dags/Etl_weather.py
[2024-11-07T22:49:06.163+0000] {processor.py:925} INFO - DAG(s) 'weather_dag' retrieved from /opt/airflow/dags/Etl_weather.py
[2024-11-07T22:49:06.185+0000] {logging_mixin.py:190} INFO - [2024-11-07T22:49:06.185+0000] {dag.py:3239} INFO - Sync 1 DAGs
[2024-11-07T22:49:06.204+0000] {logging_mixin.py:190} INFO - [2024-11-07T22:49:06.204+0000] {dag.py:4180} INFO - Setting next_dagrun for weather_dag to 2024-11-07 22:00:00+00:00, run_after=2024-11-07 23:00:00+00:00
[2024-11-07T22:49:06.220+0000] {processor.py:208} INFO - Processing /opt/airflow/dags/Etl_weather.py took 0.097 seconds
