[2024-11-07T22:36:23.847+0000] {local_task_job_runner.py:123} INFO - ::group::Pre task execution logs
[2024-11-07T22:36:23.873+0000] {taskinstance.py:2612} INFO - Dependencies all met for dep_context=non-requeueable deps ti=<TaskInstance: weather_dag.create_table scheduled__2024-11-07T04:30:00+00:00 [queued]>
[2024-11-07T22:36:23.890+0000] {taskinstance.py:2612} INFO - Dependencies all met for dep_context=requeueable deps ti=<TaskInstance: weather_dag.create_table scheduled__2024-11-07T04:30:00+00:00 [queued]>
[2024-11-07T22:36:23.891+0000] {taskinstance.py:2865} INFO - Starting attempt 1 of 1
[2024-11-07T22:36:23.916+0000] {taskinstance.py:2888} INFO - Executing <Task(PostgresOperator): create_table> on 2024-11-07 04:30:00+00:00
[2024-11-07T22:36:23.927+0000] {warnings.py:112} WARNING - /home/***/.local/lib/python3.12/site-packages/***/task/task_runner/standard_task_runner.py:70: DeprecationWarning: This process (pid=870) is multi-threaded, use of fork() may lead to deadlocks in the child.
  pid = os.fork()

[2024-11-07T22:36:23.930+0000] {standard_task_runner.py:72} INFO - Started process 879 to run task
[2024-11-07T22:36:23.930+0000] {standard_task_runner.py:104} INFO - Running: ['***', 'tasks', 'run', 'weather_dag', 'create_table', 'scheduled__2024-11-07T04:30:00+00:00', '--job-id', '497', '--raw', '--subdir', 'DAGS_FOLDER/Etl_weather.py', '--cfg-path', '/tmp/tmptx7vb19b']
[2024-11-07T22:36:23.932+0000] {standard_task_runner.py:105} INFO - Job 497: Subtask create_table
[2024-11-07T22:36:24.012+0000] {task_command.py:467} INFO - Running <TaskInstance: weather_dag.create_table scheduled__2024-11-07T04:30:00+00:00 [running]> on host 915ee6de4e26
[2024-11-07T22:36:24.138+0000] {taskinstance.py:3131} INFO - Exporting env vars: AIRFLOW_CTX_DAG_OWNER='***' AIRFLOW_CTX_DAG_ID='weather_dag' AIRFLOW_CTX_TASK_ID='create_table' AIRFLOW_CTX_EXECUTION_DATE='2024-11-07T04:30:00+00:00' AIRFLOW_CTX_TRY_NUMBER='1' AIRFLOW_CTX_DAG_RUN_ID='scheduled__2024-11-07T04:30:00+00:00'
[2024-11-07T22:36:24.139+0000] {taskinstance.py:731} INFO - ::endgroup::
[2024-11-07T22:36:24.157+0000] {sql.py:266} INFO - Executing: 
         CREATE TABLE IF NOT EXISTS weather_medellin (
             city varchar(55),
             temp varchar(55),
             temp_min varchar(55),
             temp_max varchar(55),
             pressure varchar(55),
             humidity varchar(55),
             time varchar(255)
         );
         
[2024-11-07T22:36:24.170+0000] {base.py:84} INFO - Retrieving connection 'postgres_default'
[2024-11-07T22:36:24.184+0000] {base.py:84} INFO - Retrieving connection 'postgres_default'
[2024-11-07T22:36:24.247+0000] {sql.py:509} INFO - Running statement: 
         CREATE TABLE IF NOT EXISTS weather_medellin (
             city varchar(55),
             temp varchar(55),
             temp_min varchar(55),
             temp_max varchar(55),
             pressure varchar(55),
             humidity varchar(55),
             time varchar(255)
         );
         , parameters: None
[2024-11-07T22:36:24.273+0000] {taskinstance.py:340} INFO - ::group::Post task execution logs
[2024-11-07T22:36:24.274+0000] {taskinstance.py:352} INFO - Marking task as SUCCESS. dag_id=weather_dag, task_id=create_table, run_id=scheduled__2024-11-07T04:30:00+00:00, execution_date=20241107T043000, start_date=20241107T223623, end_date=20241107T223624
[2024-11-07T22:36:24.308+0000] {local_task_job_runner.py:266} INFO - Task exited with return code 0
[2024-11-07T22:36:24.320+0000] {local_task_job_runner.py:245} INFO - ::endgroup::
