[2024-11-07T22:36:53.995+0000] {local_task_job_runner.py:123} INFO - ::group::Pre task execution logs
[2024-11-07T22:36:54.022+0000] {taskinstance.py:2612} INFO - Dependencies all met for dep_context=non-requeueable deps ti=<TaskInstance: weather_dag.create_table scheduled__2024-11-07T09:30:00+00:00 [queued]>
[2024-11-07T22:36:54.040+0000] {taskinstance.py:2612} INFO - Dependencies all met for dep_context=requeueable deps ti=<TaskInstance: weather_dag.create_table scheduled__2024-11-07T09:30:00+00:00 [queued]>
[2024-11-07T22:36:54.043+0000] {taskinstance.py:2865} INFO - Starting attempt 1 of 1
[2024-11-07T22:36:54.073+0000] {taskinstance.py:2888} INFO - Executing <Task(PostgresOperator): create_table> on 2024-11-07 09:30:00+00:00
[2024-11-07T22:36:54.083+0000] {warnings.py:112} WARNING - /home/***/.local/lib/python3.12/site-packages/***/task/task_runner/standard_task_runner.py:70: DeprecationWarning: This process (pid=1694) is multi-threaded, use of fork() may lead to deadlocks in the child.
  pid = os.fork()

[2024-11-07T22:36:54.086+0000] {standard_task_runner.py:72} INFO - Started process 1711 to run task
[2024-11-07T22:36:54.086+0000] {standard_task_runner.py:104} INFO - Running: ['***', 'tasks', 'run', 'weather_dag', 'create_table', 'scheduled__2024-11-07T09:30:00+00:00', '--job-id', '593', '--raw', '--subdir', 'DAGS_FOLDER/Etl_weather.py', '--cfg-path', '/tmp/tmpnkdj34uq']
[2024-11-07T22:36:54.088+0000] {standard_task_runner.py:105} INFO - Job 593: Subtask create_table
[2024-11-07T22:36:54.182+0000] {task_command.py:467} INFO - Running <TaskInstance: weather_dag.create_table scheduled__2024-11-07T09:30:00+00:00 [running]> on host 915ee6de4e26
[2024-11-07T22:36:54.327+0000] {taskinstance.py:3131} INFO - Exporting env vars: AIRFLOW_CTX_DAG_OWNER='***' AIRFLOW_CTX_DAG_ID='weather_dag' AIRFLOW_CTX_TASK_ID='create_table' AIRFLOW_CTX_EXECUTION_DATE='2024-11-07T09:30:00+00:00' AIRFLOW_CTX_TRY_NUMBER='1' AIRFLOW_CTX_DAG_RUN_ID='scheduled__2024-11-07T09:30:00+00:00'
[2024-11-07T22:36:54.328+0000] {taskinstance.py:731} INFO - ::endgroup::
[2024-11-07T22:36:54.344+0000] {sql.py:266} INFO - Executing: 
         CREATE TABLE IF NOT EXISTS weather_medellin (
             city varchar(55),
             temp varchar(55),
             temp_min varchar(55),
             temp_max varchar(55),
             pressure varchar(55),
             humidity varchar(55),
             time varchar(255)
         );
         
[2024-11-07T22:36:54.358+0000] {base.py:84} INFO - Retrieving connection 'postgres_default'
[2024-11-07T22:36:54.372+0000] {base.py:84} INFO - Retrieving connection 'postgres_default'
[2024-11-07T22:36:54.430+0000] {sql.py:509} INFO - Running statement: 
         CREATE TABLE IF NOT EXISTS weather_medellin (
             city varchar(55),
             temp varchar(55),
             temp_min varchar(55),
             temp_max varchar(55),
             pressure varchar(55),
             humidity varchar(55),
             time varchar(255)
         );
         , parameters: None
[2024-11-07T22:36:54.449+0000] {taskinstance.py:340} INFO - ::group::Post task execution logs
[2024-11-07T22:36:54.450+0000] {taskinstance.py:352} INFO - Marking task as SUCCESS. dag_id=weather_dag, task_id=create_table, run_id=scheduled__2024-11-07T09:30:00+00:00, execution_date=20241107T093000, start_date=20241107T223654, end_date=20241107T223654
[2024-11-07T22:36:54.505+0000] {local_task_job_runner.py:266} INFO - Task exited with return code 0
[2024-11-07T22:36:54.517+0000] {warnings.py:112} WARNING - /home/***/.local/lib/python3.12/site-packages/***/models/baseoperator.py:1378: AirflowProviderDeprecationWarning: Call to deprecated class PostgresOperator. (Please use `***.providers.common.sql.operators.sql.SQLExecuteQueryOperator`.Also, you can provide `hook_params={'schema': <database>}`.)
  result = cls.__new__(cls)

[2024-11-07T22:36:54.533+0000] {taskinstance.py:3900} INFO - 1 downstream tasks scheduled from follow-on schedule check
[2024-11-07T22:36:54.536+0000] {local_task_job_runner.py:245} INFO - ::endgroup::
