[2024-11-07T22:43:29.989+0000] {local_task_job_runner.py:123} INFO - ::group::Pre task execution logs
[2024-11-07T22:43:30.025+0000] {taskinstance.py:2612} INFO - Dependencies all met for dep_context=non-requeueable deps ti=<TaskInstance: weather_dag.insert_data scheduled__2024-11-07T17:40:00+00:00 [queued]>
[2024-11-07T22:43:30.050+0000] {taskinstance.py:2612} INFO - Dependencies all met for dep_context=requeueable deps ti=<TaskInstance: weather_dag.insert_data scheduled__2024-11-07T17:40:00+00:00 [queued]>
[2024-11-07T22:43:30.051+0000] {taskinstance.py:2865} INFO - Starting attempt 1 of 1
[2024-11-07T22:43:30.081+0000] {taskinstance.py:2888} INFO - Executing <Task(PostgresFileOperator): insert_data> on 2024-11-07 17:40:00+00:00
[2024-11-07T22:43:30.095+0000] {warnings.py:112} WARNING - /home/***/.local/lib/python3.12/site-packages/***/task/task_runner/standard_task_runner.py:70: DeprecationWarning: This process (pid=79) is multi-threaded, use of fork() may lead to deadlocks in the child.
  pid = os.fork()

[2024-11-07T22:43:30.098+0000] {standard_task_runner.py:72} INFO - Started process 95 to run task
[2024-11-07T22:43:30.098+0000] {standard_task_runner.py:104} INFO - Running: ['***', 'tasks', 'run', 'weather_dag', 'insert_data', 'scheduled__2024-11-07T17:40:00+00:00', '--job-id', '750', '--raw', '--subdir', 'DAGS_FOLDER/Etl_weather.py', '--cfg-path', '/tmp/tmpks9bqmal']
[2024-11-07T22:43:30.101+0000] {standard_task_runner.py:105} INFO - Job 750: Subtask insert_data
[2024-11-07T22:43:30.211+0000] {task_command.py:467} INFO - Running <TaskInstance: weather_dag.insert_data scheduled__2024-11-07T17:40:00+00:00 [running]> on host 915ee6de4e26
[2024-11-07T22:43:30.463+0000] {taskinstance.py:3131} INFO - Exporting env vars: AIRFLOW_CTX_DAG_OWNER='***' AIRFLOW_CTX_DAG_ID='weather_dag' AIRFLOW_CTX_TASK_ID='insert_data' AIRFLOW_CTX_EXECUTION_DATE='2024-11-07T17:40:00+00:00' AIRFLOW_CTX_TRY_NUMBER='1' AIRFLOW_CTX_DAG_RUN_ID='scheduled__2024-11-07T17:40:00+00:00'
[2024-11-07T22:43:30.466+0000] {taskinstance.py:731} INFO - ::endgroup::
[2024-11-07T22:43:30.494+0000] {postgres.py:191} INFO - Running copy expert: COPY weather_medellin FROM STDIN, filename: tmp/weather_data.tsv
[2024-11-07T22:43:30.518+0000] {base.py:84} INFO - Retrieving connection 'postgres_default'
[2024-11-07T22:43:30.647+0000] {taskinstance.py:340} INFO - ::group::Post task execution logs
[2024-11-07T22:43:30.648+0000] {taskinstance.py:352} INFO - Marking task as SUCCESS. dag_id=weather_dag, task_id=insert_data, run_id=scheduled__2024-11-07T17:40:00+00:00, execution_date=20241107T174000, start_date=20241107T224330, end_date=20241107T224330
[2024-11-07T22:43:30.806+0000] {local_task_job_runner.py:266} INFO - Task exited with return code 0
[2024-11-07T22:43:30.835+0000] {taskinstance.py:3900} INFO - 0 downstream tasks scheduled from follow-on schedule check
[2024-11-07T22:43:30.839+0000] {local_task_job_runner.py:245} INFO - ::endgroup::
