[2024-11-02T00:53:36.016+0000] {processor.py:186} INFO - Started process (PID=55) to work on /opt/airflow/dags/Etl_weather.py
[2024-11-02T00:53:36.018+0000] {processor.py:914} INFO - Processing file /opt/airflow/dags/Etl_weather.py for tasks to queue
[2024-11-02T00:53:36.021+0000] {logging_mixin.py:190} INFO - [2024-11-02T00:53:36.020+0000] {dagbag.py:588} INFO - Filling up the DagBag from /opt/airflow/dags/Etl_weather.py
[2024-11-02T00:53:36.067+0000] {processor.py:925} INFO - DAG(s) 'weather_dag' retrieved from /opt/airflow/dags/Etl_weather.py
[2024-11-02T00:53:36.469+0000] {logging_mixin.py:190} INFO - [2024-11-02T00:53:36.469+0000] {dag.py:3239} INFO - Sync 1 DAGs
[2024-11-02T00:53:36.500+0000] {logging_mixin.py:190} INFO - [2024-11-02T00:53:36.500+0000] {dag.py:4180} INFO - Setting next_dagrun for weather_dag to 2024-11-02 00:00:00+00:00, run_after=2024-11-03 00:00:00+00:00
[2024-11-02T00:53:36.529+0000] {processor.py:208} INFO - Processing /opt/airflow/dags/Etl_weather.py took 0.518 seconds
[2024-11-02T00:54:49.875+0000] {processor.py:186} INFO - Started process (PID=50) to work on /opt/airflow/dags/Etl_weather.py
[2024-11-02T00:54:49.876+0000] {processor.py:914} INFO - Processing file /opt/airflow/dags/Etl_weather.py for tasks to queue
[2024-11-02T00:54:49.878+0000] {logging_mixin.py:190} INFO - [2024-11-02T00:54:49.877+0000] {dagbag.py:588} INFO - Filling up the DagBag from /opt/airflow/dags/Etl_weather.py
[2024-11-02T00:54:49.916+0000] {processor.py:925} INFO - DAG(s) 'weather_dag' retrieved from /opt/airflow/dags/Etl_weather.py
[2024-11-02T00:54:49.945+0000] {logging_mixin.py:190} INFO - [2024-11-02T00:54:49.945+0000] {dag.py:3239} INFO - Sync 1 DAGs
[2024-11-02T00:54:49.973+0000] {logging_mixin.py:190} INFO - [2024-11-02T00:54:49.972+0000] {dag.py:4180} INFO - Setting next_dagrun for weather_dag to 2024-11-02 00:00:00+00:00, run_after=2024-11-03 00:00:00+00:00
[2024-11-02T00:54:50.000+0000] {processor.py:208} INFO - Processing /opt/airflow/dags/Etl_weather.py took 0.130 seconds
[2024-11-02T00:55:20.126+0000] {processor.py:186} INFO - Started process (PID=57) to work on /opt/airflow/dags/Etl_weather.py
[2024-11-02T00:55:20.126+0000] {processor.py:914} INFO - Processing file /opt/airflow/dags/Etl_weather.py for tasks to queue
[2024-11-02T00:55:20.128+0000] {logging_mixin.py:190} INFO - [2024-11-02T00:55:20.128+0000] {dagbag.py:588} INFO - Filling up the DagBag from /opt/airflow/dags/Etl_weather.py
[2024-11-02T00:55:20.152+0000] {processor.py:925} INFO - DAG(s) 'weather_dag' retrieved from /opt/airflow/dags/Etl_weather.py
[2024-11-02T00:55:20.173+0000] {logging_mixin.py:190} INFO - [2024-11-02T00:55:20.172+0000] {dag.py:3239} INFO - Sync 1 DAGs
[2024-11-02T00:55:20.189+0000] {logging_mixin.py:190} INFO - [2024-11-02T00:55:20.189+0000] {dag.py:4180} INFO - Setting next_dagrun for weather_dag to 2024-11-02 00:00:00+00:00, run_after=2024-11-03 00:00:00+00:00
[2024-11-02T00:55:20.205+0000] {processor.py:208} INFO - Processing /opt/airflow/dags/Etl_weather.py took 0.083 seconds
[2024-11-02T00:55:50.445+0000] {processor.py:186} INFO - Started process (PID=64) to work on /opt/airflow/dags/Etl_weather.py
[2024-11-02T00:55:50.446+0000] {processor.py:914} INFO - Processing file /opt/airflow/dags/Etl_weather.py for tasks to queue
[2024-11-02T00:55:50.450+0000] {logging_mixin.py:190} INFO - [2024-11-02T00:55:50.450+0000] {dagbag.py:588} INFO - Filling up the DagBag from /opt/airflow/dags/Etl_weather.py
[2024-11-02T00:55:50.477+0000] {processor.py:925} INFO - DAG(s) 'weather_dag' retrieved from /opt/airflow/dags/Etl_weather.py
[2024-11-02T00:55:50.502+0000] {logging_mixin.py:190} INFO - [2024-11-02T00:55:50.502+0000] {dag.py:3239} INFO - Sync 1 DAGs
[2024-11-02T00:55:50.524+0000] {logging_mixin.py:190} INFO - [2024-11-02T00:55:50.524+0000] {dag.py:4180} INFO - Setting next_dagrun for weather_dag to 2024-11-02 00:00:00+00:00, run_after=2024-11-03 00:00:00+00:00
[2024-11-02T00:55:50.546+0000] {processor.py:208} INFO - Processing /opt/airflow/dags/Etl_weather.py took 0.106 seconds
[2024-11-02T00:56:20.772+0000] {processor.py:186} INFO - Started process (PID=71) to work on /opt/airflow/dags/Etl_weather.py
[2024-11-02T00:56:20.774+0000] {processor.py:914} INFO - Processing file /opt/airflow/dags/Etl_weather.py for tasks to queue
[2024-11-02T00:56:20.776+0000] {logging_mixin.py:190} INFO - [2024-11-02T00:56:20.775+0000] {dagbag.py:588} INFO - Filling up the DagBag from /opt/airflow/dags/Etl_weather.py
[2024-11-02T00:56:20.800+0000] {processor.py:925} INFO - DAG(s) 'weather_dag' retrieved from /opt/airflow/dags/Etl_weather.py
[2024-11-02T00:56:20.819+0000] {logging_mixin.py:190} INFO - [2024-11-02T00:56:20.819+0000] {dag.py:3239} INFO - Sync 1 DAGs
[2024-11-02T00:56:20.836+0000] {logging_mixin.py:190} INFO - [2024-11-02T00:56:20.835+0000] {dag.py:4180} INFO - Setting next_dagrun for weather_dag to 2024-11-02 00:00:00+00:00, run_after=2024-11-03 00:00:00+00:00
[2024-11-02T00:56:20.983+0000] {processor.py:208} INFO - Processing /opt/airflow/dags/Etl_weather.py took 0.216 seconds
[2024-11-02T00:56:51.067+0000] {processor.py:186} INFO - Started process (PID=78) to work on /opt/airflow/dags/Etl_weather.py
[2024-11-02T00:56:51.068+0000] {processor.py:914} INFO - Processing file /opt/airflow/dags/Etl_weather.py for tasks to queue
[2024-11-02T00:56:51.072+0000] {logging_mixin.py:190} INFO - [2024-11-02T00:56:51.072+0000] {dagbag.py:588} INFO - Filling up the DagBag from /opt/airflow/dags/Etl_weather.py
[2024-11-02T00:56:51.109+0000] {processor.py:925} INFO - DAG(s) 'weather_dag' retrieved from /opt/airflow/dags/Etl_weather.py
[2024-11-02T00:56:51.142+0000] {logging_mixin.py:190} INFO - [2024-11-02T00:56:51.141+0000] {dag.py:3239} INFO - Sync 1 DAGs
[2024-11-02T00:56:51.352+0000] {logging_mixin.py:190} INFO - [2024-11-02T00:56:51.351+0000] {dag.py:4180} INFO - Setting next_dagrun for weather_dag to 2024-11-02 00:00:00+00:00, run_after=2024-11-03 00:00:00+00:00
[2024-11-02T00:56:51.375+0000] {processor.py:208} INFO - Processing /opt/airflow/dags/Etl_weather.py took 0.314 seconds
[2024-11-02T00:57:21.529+0000] {processor.py:186} INFO - Started process (PID=91) to work on /opt/airflow/dags/Etl_weather.py
[2024-11-02T00:57:21.530+0000] {processor.py:914} INFO - Processing file /opt/airflow/dags/Etl_weather.py for tasks to queue
[2024-11-02T00:57:21.532+0000] {logging_mixin.py:190} INFO - [2024-11-02T00:57:21.532+0000] {dagbag.py:588} INFO - Filling up the DagBag from /opt/airflow/dags/Etl_weather.py
[2024-11-02T00:57:21.554+0000] {processor.py:925} INFO - DAG(s) 'weather_dag' retrieved from /opt/airflow/dags/Etl_weather.py
[2024-11-02T00:57:21.577+0000] {logging_mixin.py:190} INFO - [2024-11-02T00:57:21.576+0000] {dag.py:3239} INFO - Sync 1 DAGs
[2024-11-02T00:57:21.723+0000] {logging_mixin.py:190} INFO - [2024-11-02T00:57:21.723+0000] {dag.py:4180} INFO - Setting next_dagrun for weather_dag to 2024-11-02 00:00:00+00:00, run_after=2024-11-03 00:00:00+00:00
[2024-11-02T00:57:21.742+0000] {processor.py:208} INFO - Processing /opt/airflow/dags/Etl_weather.py took 0.217 seconds
[2024-11-02T00:57:51.964+0000] {processor.py:186} INFO - Started process (PID=98) to work on /opt/airflow/dags/Etl_weather.py
[2024-11-02T00:57:51.964+0000] {processor.py:914} INFO - Processing file /opt/airflow/dags/Etl_weather.py for tasks to queue
[2024-11-02T00:57:51.966+0000] {logging_mixin.py:190} INFO - [2024-11-02T00:57:51.966+0000] {dagbag.py:588} INFO - Filling up the DagBag from /opt/airflow/dags/Etl_weather.py
[2024-11-02T00:57:51.988+0000] {processor.py:925} INFO - DAG(s) 'weather_dag' retrieved from /opt/airflow/dags/Etl_weather.py
[2024-11-02T00:57:52.101+0000] {logging_mixin.py:190} INFO - [2024-11-02T00:57:52.101+0000] {dag.py:3239} INFO - Sync 1 DAGs
[2024-11-02T00:57:52.116+0000] {logging_mixin.py:190} INFO - [2024-11-02T00:57:52.116+0000] {dag.py:4180} INFO - Setting next_dagrun for weather_dag to 2024-11-02 00:00:00+00:00, run_after=2024-11-03 00:00:00+00:00
[2024-11-02T00:57:52.128+0000] {processor.py:208} INFO - Processing /opt/airflow/dags/Etl_weather.py took 0.169 seconds
[2024-11-02T00:58:22.315+0000] {processor.py:186} INFO - Started process (PID=105) to work on /opt/airflow/dags/Etl_weather.py
[2024-11-02T00:58:22.316+0000] {processor.py:914} INFO - Processing file /opt/airflow/dags/Etl_weather.py for tasks to queue
[2024-11-02T00:58:22.318+0000] {logging_mixin.py:190} INFO - [2024-11-02T00:58:22.318+0000] {dagbag.py:588} INFO - Filling up the DagBag from /opt/airflow/dags/Etl_weather.py
[2024-11-02T00:58:22.465+0000] {processor.py:925} INFO - DAG(s) 'weather_dag' retrieved from /opt/airflow/dags/Etl_weather.py
[2024-11-02T00:58:22.484+0000] {logging_mixin.py:190} INFO - [2024-11-02T00:58:22.483+0000] {dag.py:3239} INFO - Sync 1 DAGs
[2024-11-02T00:58:22.500+0000] {logging_mixin.py:190} INFO - [2024-11-02T00:58:22.499+0000] {dag.py:4180} INFO - Setting next_dagrun for weather_dag to 2024-11-02 00:00:00+00:00, run_after=2024-11-03 00:00:00+00:00
[2024-11-02T00:58:22.517+0000] {processor.py:208} INFO - Processing /opt/airflow/dags/Etl_weather.py took 0.206 seconds
[2024-11-02T00:58:52.790+0000] {processor.py:186} INFO - Started process (PID=112) to work on /opt/airflow/dags/Etl_weather.py
[2024-11-02T00:58:52.791+0000] {processor.py:914} INFO - Processing file /opt/airflow/dags/Etl_weather.py for tasks to queue
[2024-11-02T00:58:52.793+0000] {logging_mixin.py:190} INFO - [2024-11-02T00:58:52.792+0000] {dagbag.py:588} INFO - Filling up the DagBag from /opt/airflow/dags/Etl_weather.py
[2024-11-02T00:58:52.819+0000] {processor.py:925} INFO - DAG(s) 'weather_dag' retrieved from /opt/airflow/dags/Etl_weather.py
[2024-11-02T00:58:52.836+0000] {logging_mixin.py:190} INFO - [2024-11-02T00:58:52.836+0000] {dag.py:3239} INFO - Sync 1 DAGs
[2024-11-02T00:58:52.856+0000] {logging_mixin.py:190} INFO - [2024-11-02T00:58:52.856+0000] {dag.py:4180} INFO - Setting next_dagrun for weather_dag to 2024-11-02 00:00:00+00:00, run_after=2024-11-03 00:00:00+00:00
[2024-11-02T00:58:52.870+0000] {processor.py:208} INFO - Processing /opt/airflow/dags/Etl_weather.py took 0.084 seconds
[2024-11-02T00:59:23.174+0000] {processor.py:186} INFO - Started process (PID=119) to work on /opt/airflow/dags/Etl_weather.py
[2024-11-02T00:59:23.176+0000] {processor.py:914} INFO - Processing file /opt/airflow/dags/Etl_weather.py for tasks to queue
[2024-11-02T00:59:23.178+0000] {logging_mixin.py:190} INFO - [2024-11-02T00:59:23.178+0000] {dagbag.py:588} INFO - Filling up the DagBag from /opt/airflow/dags/Etl_weather.py
[2024-11-02T00:59:23.205+0000] {processor.py:925} INFO - DAG(s) 'weather_dag' retrieved from /opt/airflow/dags/Etl_weather.py
[2024-11-02T00:59:23.225+0000] {logging_mixin.py:190} INFO - [2024-11-02T00:59:23.225+0000] {dag.py:3239} INFO - Sync 1 DAGs
[2024-11-02T00:59:23.243+0000] {logging_mixin.py:190} INFO - [2024-11-02T00:59:23.243+0000] {dag.py:4180} INFO - Setting next_dagrun for weather_dag to 2024-11-02 00:00:00+00:00, run_after=2024-11-03 00:00:00+00:00
[2024-11-02T00:59:23.261+0000] {processor.py:208} INFO - Processing /opt/airflow/dags/Etl_weather.py took 0.092 seconds
[2024-11-02T00:59:53.570+0000] {processor.py:186} INFO - Started process (PID=126) to work on /opt/airflow/dags/Etl_weather.py
[2024-11-02T00:59:53.571+0000] {processor.py:914} INFO - Processing file /opt/airflow/dags/Etl_weather.py for tasks to queue
[2024-11-02T00:59:53.573+0000] {logging_mixin.py:190} INFO - [2024-11-02T00:59:53.573+0000] {dagbag.py:588} INFO - Filling up the DagBag from /opt/airflow/dags/Etl_weather.py
[2024-11-02T00:59:53.596+0000] {processor.py:925} INFO - DAG(s) 'weather_dag' retrieved from /opt/airflow/dags/Etl_weather.py
[2024-11-02T00:59:53.616+0000] {logging_mixin.py:190} INFO - [2024-11-02T00:59:53.616+0000] {dag.py:3239} INFO - Sync 1 DAGs
[2024-11-02T00:59:53.635+0000] {logging_mixin.py:190} INFO - [2024-11-02T00:59:53.635+0000] {dag.py:4180} INFO - Setting next_dagrun for weather_dag to 2024-11-02 00:00:00+00:00, run_after=2024-11-03 00:00:00+00:00
[2024-11-02T00:59:53.651+0000] {processor.py:208} INFO - Processing /opt/airflow/dags/Etl_weather.py took 0.086 seconds
[2024-11-02T01:00:23.930+0000] {processor.py:186} INFO - Started process (PID=133) to work on /opt/airflow/dags/Etl_weather.py
[2024-11-02T01:00:23.930+0000] {processor.py:914} INFO - Processing file /opt/airflow/dags/Etl_weather.py for tasks to queue
[2024-11-02T01:00:23.932+0000] {logging_mixin.py:190} INFO - [2024-11-02T01:00:23.932+0000] {dagbag.py:588} INFO - Filling up the DagBag from /opt/airflow/dags/Etl_weather.py
[2024-11-02T01:00:23.960+0000] {processor.py:925} INFO - DAG(s) 'weather_dag' retrieved from /opt/airflow/dags/Etl_weather.py
[2024-11-02T01:00:23.981+0000] {logging_mixin.py:190} INFO - [2024-11-02T01:00:23.981+0000] {dag.py:3239} INFO - Sync 1 DAGs
[2024-11-02T01:00:23.999+0000] {logging_mixin.py:190} INFO - [2024-11-02T01:00:23.999+0000] {dag.py:4180} INFO - Setting next_dagrun for weather_dag to 2024-11-02 00:00:00+00:00, run_after=2024-11-03 00:00:00+00:00
[2024-11-02T01:00:24.018+0000] {processor.py:208} INFO - Processing /opt/airflow/dags/Etl_weather.py took 0.095 seconds
[2024-11-02T01:00:54.383+0000] {processor.py:186} INFO - Started process (PID=140) to work on /opt/airflow/dags/Etl_weather.py
[2024-11-02T01:00:54.384+0000] {processor.py:914} INFO - Processing file /opt/airflow/dags/Etl_weather.py for tasks to queue
[2024-11-02T01:00:54.386+0000] {logging_mixin.py:190} INFO - [2024-11-02T01:00:54.386+0000] {dagbag.py:588} INFO - Filling up the DagBag from /opt/airflow/dags/Etl_weather.py
[2024-11-02T01:00:54.413+0000] {processor.py:925} INFO - DAG(s) 'weather_dag' retrieved from /opt/airflow/dags/Etl_weather.py
[2024-11-02T01:00:54.431+0000] {logging_mixin.py:190} INFO - [2024-11-02T01:00:54.431+0000] {dag.py:3239} INFO - Sync 1 DAGs
[2024-11-02T01:00:54.449+0000] {logging_mixin.py:190} INFO - [2024-11-02T01:00:54.449+0000] {dag.py:4180} INFO - Setting next_dagrun for weather_dag to 2024-11-02 00:00:00+00:00, run_after=2024-11-03 00:00:00+00:00
[2024-11-02T01:00:54.471+0000] {processor.py:208} INFO - Processing /opt/airflow/dags/Etl_weather.py took 0.094 seconds
[2024-11-02T01:01:24.723+0000] {processor.py:186} INFO - Started process (PID=147) to work on /opt/airflow/dags/Etl_weather.py
[2024-11-02T01:01:24.723+0000] {processor.py:914} INFO - Processing file /opt/airflow/dags/Etl_weather.py for tasks to queue
[2024-11-02T01:01:24.725+0000] {logging_mixin.py:190} INFO - [2024-11-02T01:01:24.725+0000] {dagbag.py:588} INFO - Filling up the DagBag from /opt/airflow/dags/Etl_weather.py
[2024-11-02T01:01:24.753+0000] {processor.py:925} INFO - DAG(s) 'weather_dag' retrieved from /opt/airflow/dags/Etl_weather.py
[2024-11-02T01:01:24.772+0000] {logging_mixin.py:190} INFO - [2024-11-02T01:01:24.772+0000] {dag.py:3239} INFO - Sync 1 DAGs
[2024-11-02T01:01:24.791+0000] {logging_mixin.py:190} INFO - [2024-11-02T01:01:24.791+0000] {dag.py:4180} INFO - Setting next_dagrun for weather_dag to 2024-11-02 00:00:00+00:00, run_after=2024-11-03 00:00:00+00:00
[2024-11-02T01:01:24.809+0000] {processor.py:208} INFO - Processing /opt/airflow/dags/Etl_weather.py took 0.091 seconds
[2024-11-02T01:01:55.161+0000] {processor.py:186} INFO - Started process (PID=154) to work on /opt/airflow/dags/Etl_weather.py
[2024-11-02T01:01:55.162+0000] {processor.py:914} INFO - Processing file /opt/airflow/dags/Etl_weather.py for tasks to queue
[2024-11-02T01:01:55.163+0000] {logging_mixin.py:190} INFO - [2024-11-02T01:01:55.163+0000] {dagbag.py:588} INFO - Filling up the DagBag from /opt/airflow/dags/Etl_weather.py
[2024-11-02T01:01:55.190+0000] {processor.py:925} INFO - DAG(s) 'weather_dag' retrieved from /opt/airflow/dags/Etl_weather.py
[2024-11-02T01:01:55.209+0000] {logging_mixin.py:190} INFO - [2024-11-02T01:01:55.209+0000] {dag.py:3239} INFO - Sync 1 DAGs
[2024-11-02T01:01:55.229+0000] {logging_mixin.py:190} INFO - [2024-11-02T01:01:55.228+0000] {dag.py:4180} INFO - Setting next_dagrun for weather_dag to 2024-11-02 00:00:00+00:00, run_after=2024-11-03 00:00:00+00:00
[2024-11-02T01:01:55.249+0000] {processor.py:208} INFO - Processing /opt/airflow/dags/Etl_weather.py took 0.092 seconds
[2024-11-02T01:02:25.506+0000] {processor.py:186} INFO - Started process (PID=161) to work on /opt/airflow/dags/Etl_weather.py
[2024-11-02T01:02:25.507+0000] {processor.py:914} INFO - Processing file /opt/airflow/dags/Etl_weather.py for tasks to queue
[2024-11-02T01:02:25.510+0000] {logging_mixin.py:190} INFO - [2024-11-02T01:02:25.509+0000] {dagbag.py:588} INFO - Filling up the DagBag from /opt/airflow/dags/Etl_weather.py
[2024-11-02T01:02:25.538+0000] {processor.py:925} INFO - DAG(s) 'weather_dag' retrieved from /opt/airflow/dags/Etl_weather.py
[2024-11-02T01:02:25.558+0000] {logging_mixin.py:190} INFO - [2024-11-02T01:02:25.558+0000] {dag.py:3239} INFO - Sync 1 DAGs
[2024-11-02T01:02:25.579+0000] {logging_mixin.py:190} INFO - [2024-11-02T01:02:25.579+0000] {dag.py:4180} INFO - Setting next_dagrun for weather_dag to 2024-11-02 00:00:00+00:00, run_after=2024-11-03 00:00:00+00:00
[2024-11-02T01:02:25.600+0000] {processor.py:208} INFO - Processing /opt/airflow/dags/Etl_weather.py took 0.098 seconds
[2024-11-02T01:02:55.924+0000] {processor.py:186} INFO - Started process (PID=169) to work on /opt/airflow/dags/Etl_weather.py
[2024-11-02T01:02:55.924+0000] {processor.py:914} INFO - Processing file /opt/airflow/dags/Etl_weather.py for tasks to queue
[2024-11-02T01:02:55.927+0000] {logging_mixin.py:190} INFO - [2024-11-02T01:02:55.926+0000] {dagbag.py:588} INFO - Filling up the DagBag from /opt/airflow/dags/Etl_weather.py
[2024-11-02T01:02:55.950+0000] {processor.py:925} INFO - DAG(s) 'weather_dag' retrieved from /opt/airflow/dags/Etl_weather.py
[2024-11-02T01:02:55.971+0000] {logging_mixin.py:190} INFO - [2024-11-02T01:02:55.970+0000] {dag.py:3239} INFO - Sync 1 DAGs
[2024-11-02T01:02:55.989+0000] {logging_mixin.py:190} INFO - [2024-11-02T01:02:55.989+0000] {dag.py:4180} INFO - Setting next_dagrun for weather_dag to 2024-11-02 00:00:00+00:00, run_after=2024-11-03 00:00:00+00:00
[2024-11-02T01:02:56.005+0000] {processor.py:208} INFO - Processing /opt/airflow/dags/Etl_weather.py took 0.087 seconds
[2024-11-02T01:03:26.377+0000] {processor.py:186} INFO - Started process (PID=176) to work on /opt/airflow/dags/Etl_weather.py
[2024-11-02T01:03:26.378+0000] {processor.py:914} INFO - Processing file /opt/airflow/dags/Etl_weather.py for tasks to queue
[2024-11-02T01:03:26.381+0000] {logging_mixin.py:190} INFO - [2024-11-02T01:03:26.381+0000] {dagbag.py:588} INFO - Filling up the DagBag from /opt/airflow/dags/Etl_weather.py
[2024-11-02T01:03:26.414+0000] {processor.py:925} INFO - DAG(s) 'weather_dag' retrieved from /opt/airflow/dags/Etl_weather.py
[2024-11-02T01:03:26.434+0000] {logging_mixin.py:190} INFO - [2024-11-02T01:03:26.433+0000] {dag.py:3239} INFO - Sync 1 DAGs
[2024-11-02T01:03:26.451+0000] {logging_mixin.py:190} INFO - [2024-11-02T01:03:26.451+0000] {dag.py:4180} INFO - Setting next_dagrun for weather_dag to 2024-11-02 00:00:00+00:00, run_after=2024-11-03 00:00:00+00:00
[2024-11-02T01:03:26.472+0000] {processor.py:208} INFO - Processing /opt/airflow/dags/Etl_weather.py took 0.098 seconds
[2024-11-02T01:03:56.803+0000] {processor.py:186} INFO - Started process (PID=183) to work on /opt/airflow/dags/Etl_weather.py
[2024-11-02T01:03:56.804+0000] {processor.py:914} INFO - Processing file /opt/airflow/dags/Etl_weather.py for tasks to queue
[2024-11-02T01:03:56.807+0000] {logging_mixin.py:190} INFO - [2024-11-02T01:03:56.807+0000] {dagbag.py:588} INFO - Filling up the DagBag from /opt/airflow/dags/Etl_weather.py
[2024-11-02T01:03:56.838+0000] {processor.py:925} INFO - DAG(s) 'weather_dag' retrieved from /opt/airflow/dags/Etl_weather.py
[2024-11-02T01:03:56.861+0000] {logging_mixin.py:190} INFO - [2024-11-02T01:03:56.861+0000] {dag.py:3239} INFO - Sync 1 DAGs
[2024-11-02T01:03:56.880+0000] {logging_mixin.py:190} INFO - [2024-11-02T01:03:56.880+0000] {dag.py:4180} INFO - Setting next_dagrun for weather_dag to 2024-11-02 00:00:00+00:00, run_after=2024-11-03 00:00:00+00:00
[2024-11-02T01:03:56.899+0000] {processor.py:208} INFO - Processing /opt/airflow/dags/Etl_weather.py took 0.101 seconds
[2024-11-02T01:04:27.282+0000] {processor.py:186} INFO - Started process (PID=190) to work on /opt/airflow/dags/Etl_weather.py
[2024-11-02T01:04:27.283+0000] {processor.py:914} INFO - Processing file /opt/airflow/dags/Etl_weather.py for tasks to queue
[2024-11-02T01:04:27.285+0000] {logging_mixin.py:190} INFO - [2024-11-02T01:04:27.285+0000] {dagbag.py:588} INFO - Filling up the DagBag from /opt/airflow/dags/Etl_weather.py
[2024-11-02T01:04:27.313+0000] {processor.py:925} INFO - DAG(s) 'weather_dag' retrieved from /opt/airflow/dags/Etl_weather.py
[2024-11-02T01:04:27.333+0000] {logging_mixin.py:190} INFO - [2024-11-02T01:04:27.333+0000] {dag.py:3239} INFO - Sync 1 DAGs
[2024-11-02T01:04:27.355+0000] {logging_mixin.py:190} INFO - [2024-11-02T01:04:27.354+0000] {dag.py:4180} INFO - Setting next_dagrun for weather_dag to 2024-11-02 00:00:00+00:00, run_after=2024-11-03 00:00:00+00:00
[2024-11-02T01:04:27.370+0000] {processor.py:208} INFO - Processing /opt/airflow/dags/Etl_weather.py took 0.092 seconds
[2024-11-02T01:04:57.721+0000] {processor.py:186} INFO - Started process (PID=197) to work on /opt/airflow/dags/Etl_weather.py
[2024-11-02T01:04:57.721+0000] {processor.py:914} INFO - Processing file /opt/airflow/dags/Etl_weather.py for tasks to queue
[2024-11-02T01:04:57.723+0000] {logging_mixin.py:190} INFO - [2024-11-02T01:04:57.723+0000] {dagbag.py:588} INFO - Filling up the DagBag from /opt/airflow/dags/Etl_weather.py
[2024-11-02T01:04:57.751+0000] {processor.py:925} INFO - DAG(s) 'weather_dag' retrieved from /opt/airflow/dags/Etl_weather.py
[2024-11-02T01:04:57.771+0000] {logging_mixin.py:190} INFO - [2024-11-02T01:04:57.771+0000] {dag.py:3239} INFO - Sync 1 DAGs
[2024-11-02T01:04:57.791+0000] {logging_mixin.py:190} INFO - [2024-11-02T01:04:57.791+0000] {dag.py:4180} INFO - Setting next_dagrun for weather_dag to 2024-11-02 00:00:00+00:00, run_after=2024-11-03 00:00:00+00:00
[2024-11-02T01:04:57.816+0000] {processor.py:208} INFO - Processing /opt/airflow/dags/Etl_weather.py took 0.099 seconds
[2024-11-02T01:05:28.058+0000] {processor.py:186} INFO - Started process (PID=204) to work on /opt/airflow/dags/Etl_weather.py
[2024-11-02T01:05:28.059+0000] {processor.py:914} INFO - Processing file /opt/airflow/dags/Etl_weather.py for tasks to queue
[2024-11-02T01:05:28.061+0000] {logging_mixin.py:190} INFO - [2024-11-02T01:05:28.061+0000] {dagbag.py:588} INFO - Filling up the DagBag from /opt/airflow/dags/Etl_weather.py
[2024-11-02T01:05:28.080+0000] {processor.py:925} INFO - DAG(s) 'weather_dag' retrieved from /opt/airflow/dags/Etl_weather.py
[2024-11-02T01:05:28.099+0000] {logging_mixin.py:190} INFO - [2024-11-02T01:05:28.099+0000] {dag.py:3239} INFO - Sync 1 DAGs
[2024-11-02T01:05:28.116+0000] {logging_mixin.py:190} INFO - [2024-11-02T01:05:28.116+0000] {dag.py:4180} INFO - Setting next_dagrun for weather_dag to 2024-11-02 00:00:00+00:00, run_after=2024-11-03 00:00:00+00:00
[2024-11-02T01:05:28.130+0000] {processor.py:208} INFO - Processing /opt/airflow/dags/Etl_weather.py took 0.076 seconds
[2024-11-02T01:05:58.400+0000] {processor.py:186} INFO - Started process (PID=211) to work on /opt/airflow/dags/Etl_weather.py
[2024-11-02T01:05:58.400+0000] {processor.py:914} INFO - Processing file /opt/airflow/dags/Etl_weather.py for tasks to queue
[2024-11-02T01:05:58.402+0000] {logging_mixin.py:190} INFO - [2024-11-02T01:05:58.402+0000] {dagbag.py:588} INFO - Filling up the DagBag from /opt/airflow/dags/Etl_weather.py
[2024-11-02T01:05:58.422+0000] {processor.py:925} INFO - DAG(s) 'weather_dag' retrieved from /opt/airflow/dags/Etl_weather.py
[2024-11-02T01:05:58.441+0000] {logging_mixin.py:190} INFO - [2024-11-02T01:05:58.441+0000] {dag.py:3239} INFO - Sync 1 DAGs
[2024-11-02T01:05:58.457+0000] {logging_mixin.py:190} INFO - [2024-11-02T01:05:58.457+0000] {dag.py:4180} INFO - Setting next_dagrun for weather_dag to 2024-11-02 00:00:00+00:00, run_after=2024-11-03 00:00:00+00:00
[2024-11-02T01:05:58.472+0000] {processor.py:208} INFO - Processing /opt/airflow/dags/Etl_weather.py took 0.077 seconds
[2024-11-02T01:06:28.695+0000] {processor.py:186} INFO - Started process (PID=218) to work on /opt/airflow/dags/Etl_weather.py
[2024-11-02T01:06:28.696+0000] {processor.py:914} INFO - Processing file /opt/airflow/dags/Etl_weather.py for tasks to queue
[2024-11-02T01:06:28.699+0000] {logging_mixin.py:190} INFO - [2024-11-02T01:06:28.699+0000] {dagbag.py:588} INFO - Filling up the DagBag from /opt/airflow/dags/Etl_weather.py
[2024-11-02T01:06:28.727+0000] {processor.py:925} INFO - DAG(s) 'weather_dag' retrieved from /opt/airflow/dags/Etl_weather.py
[2024-11-02T01:06:28.750+0000] {logging_mixin.py:190} INFO - [2024-11-02T01:06:28.749+0000] {dag.py:3239} INFO - Sync 1 DAGs
[2024-11-02T01:06:28.769+0000] {logging_mixin.py:190} INFO - [2024-11-02T01:06:28.769+0000] {dag.py:4180} INFO - Setting next_dagrun for weather_dag to 2024-11-02 00:00:00+00:00, run_after=2024-11-03 00:00:00+00:00
[2024-11-02T01:06:28.789+0000] {processor.py:208} INFO - Processing /opt/airflow/dags/Etl_weather.py took 0.100 seconds
[2024-11-02T01:06:59.109+0000] {processor.py:186} INFO - Started process (PID=226) to work on /opt/airflow/dags/Etl_weather.py
[2024-11-02T01:06:59.110+0000] {processor.py:914} INFO - Processing file /opt/airflow/dags/Etl_weather.py for tasks to queue
[2024-11-02T01:06:59.113+0000] {logging_mixin.py:190} INFO - [2024-11-02T01:06:59.113+0000] {dagbag.py:588} INFO - Filling up the DagBag from /opt/airflow/dags/Etl_weather.py
[2024-11-02T01:06:59.134+0000] {processor.py:925} INFO - DAG(s) 'weather_dag' retrieved from /opt/airflow/dags/Etl_weather.py
[2024-11-02T01:06:59.154+0000] {logging_mixin.py:190} INFO - [2024-11-02T01:06:59.154+0000] {dag.py:3239} INFO - Sync 1 DAGs
[2024-11-02T01:06:59.171+0000] {logging_mixin.py:190} INFO - [2024-11-02T01:06:59.171+0000] {dag.py:4180} INFO - Setting next_dagrun for weather_dag to 2024-11-02 00:00:00+00:00, run_after=2024-11-03 00:00:00+00:00
[2024-11-02T01:06:59.189+0000] {processor.py:208} INFO - Processing /opt/airflow/dags/Etl_weather.py took 0.085 seconds
[2024-11-02T01:07:29.455+0000] {processor.py:186} INFO - Started process (PID=233) to work on /opt/airflow/dags/Etl_weather.py
[2024-11-02T01:07:29.456+0000] {processor.py:914} INFO - Processing file /opt/airflow/dags/Etl_weather.py for tasks to queue
[2024-11-02T01:07:29.458+0000] {logging_mixin.py:190} INFO - [2024-11-02T01:07:29.458+0000] {dagbag.py:588} INFO - Filling up the DagBag from /opt/airflow/dags/Etl_weather.py
[2024-11-02T01:07:29.486+0000] {processor.py:925} INFO - DAG(s) 'weather_dag' retrieved from /opt/airflow/dags/Etl_weather.py
[2024-11-02T01:07:29.507+0000] {logging_mixin.py:190} INFO - [2024-11-02T01:07:29.507+0000] {dag.py:3239} INFO - Sync 1 DAGs
[2024-11-02T01:07:29.528+0000] {logging_mixin.py:190} INFO - [2024-11-02T01:07:29.528+0000] {dag.py:4180} INFO - Setting next_dagrun for weather_dag to 2024-11-02 00:00:00+00:00, run_after=2024-11-03 00:00:00+00:00
[2024-11-02T01:07:29.550+0000] {processor.py:208} INFO - Processing /opt/airflow/dags/Etl_weather.py took 0.098 seconds
[2024-11-02T01:07:59.987+0000] {processor.py:186} INFO - Started process (PID=240) to work on /opt/airflow/dags/Etl_weather.py
[2024-11-02T01:07:59.987+0000] {processor.py:914} INFO - Processing file /opt/airflow/dags/Etl_weather.py for tasks to queue
[2024-11-02T01:07:59.989+0000] {logging_mixin.py:190} INFO - [2024-11-02T01:07:59.989+0000] {dagbag.py:588} INFO - Filling up the DagBag from /opt/airflow/dags/Etl_weather.py
[2024-11-02T01:08:00.007+0000] {processor.py:925} INFO - DAG(s) 'weather_dag' retrieved from /opt/airflow/dags/Etl_weather.py
[2024-11-02T01:08:00.026+0000] {logging_mixin.py:190} INFO - [2024-11-02T01:08:00.026+0000] {dag.py:3239} INFO - Sync 1 DAGs
[2024-11-02T01:08:00.046+0000] {logging_mixin.py:190} INFO - [2024-11-02T01:08:00.046+0000] {dag.py:4180} INFO - Setting next_dagrun for weather_dag to 2024-11-02 00:00:00+00:00, run_after=2024-11-03 00:00:00+00:00
[2024-11-02T01:08:00.063+0000] {processor.py:208} INFO - Processing /opt/airflow/dags/Etl_weather.py took 0.081 seconds
[2024-11-02T01:08:30.376+0000] {processor.py:186} INFO - Started process (PID=247) to work on /opt/airflow/dags/Etl_weather.py
[2024-11-02T01:08:30.377+0000] {processor.py:914} INFO - Processing file /opt/airflow/dags/Etl_weather.py for tasks to queue
[2024-11-02T01:08:30.379+0000] {logging_mixin.py:190} INFO - [2024-11-02T01:08:30.379+0000] {dagbag.py:588} INFO - Filling up the DagBag from /opt/airflow/dags/Etl_weather.py
[2024-11-02T01:08:30.405+0000] {processor.py:925} INFO - DAG(s) 'weather_dag' retrieved from /opt/airflow/dags/Etl_weather.py
[2024-11-02T01:08:30.425+0000] {logging_mixin.py:190} INFO - [2024-11-02T01:08:30.425+0000] {dag.py:3239} INFO - Sync 1 DAGs
[2024-11-02T01:08:30.442+0000] {logging_mixin.py:190} INFO - [2024-11-02T01:08:30.442+0000] {dag.py:4180} INFO - Setting next_dagrun for weather_dag to 2024-11-02 00:00:00+00:00, run_after=2024-11-03 00:00:00+00:00
[2024-11-02T01:08:30.461+0000] {processor.py:208} INFO - Processing /opt/airflow/dags/Etl_weather.py took 0.090 seconds
[2024-11-02T01:09:00.840+0000] {processor.py:186} INFO - Started process (PID=254) to work on /opt/airflow/dags/Etl_weather.py
[2024-11-02T01:09:00.840+0000] {processor.py:914} INFO - Processing file /opt/airflow/dags/Etl_weather.py for tasks to queue
[2024-11-02T01:09:00.843+0000] {logging_mixin.py:190} INFO - [2024-11-02T01:09:00.842+0000] {dagbag.py:588} INFO - Filling up the DagBag from /opt/airflow/dags/Etl_weather.py
[2024-11-02T01:09:00.864+0000] {processor.py:925} INFO - DAG(s) 'weather_dag' retrieved from /opt/airflow/dags/Etl_weather.py
[2024-11-02T01:09:00.882+0000] {logging_mixin.py:190} INFO - [2024-11-02T01:09:00.881+0000] {dag.py:3239} INFO - Sync 1 DAGs
[2024-11-02T01:09:00.897+0000] {logging_mixin.py:190} INFO - [2024-11-02T01:09:00.897+0000] {dag.py:4180} INFO - Setting next_dagrun for weather_dag to 2024-11-02 00:00:00+00:00, run_after=2024-11-03 00:00:00+00:00
[2024-11-02T01:09:00.915+0000] {processor.py:208} INFO - Processing /opt/airflow/dags/Etl_weather.py took 0.080 seconds
[2024-11-02T01:09:31.236+0000] {processor.py:186} INFO - Started process (PID=261) to work on /opt/airflow/dags/Etl_weather.py
[2024-11-02T01:09:31.237+0000] {processor.py:914} INFO - Processing file /opt/airflow/dags/Etl_weather.py for tasks to queue
[2024-11-02T01:09:31.239+0000] {logging_mixin.py:190} INFO - [2024-11-02T01:09:31.238+0000] {dagbag.py:588} INFO - Filling up the DagBag from /opt/airflow/dags/Etl_weather.py
[2024-11-02T01:09:31.266+0000] {processor.py:925} INFO - DAG(s) 'weather_dag' retrieved from /opt/airflow/dags/Etl_weather.py
[2024-11-02T01:09:31.287+0000] {logging_mixin.py:190} INFO - [2024-11-02T01:09:31.287+0000] {dag.py:3239} INFO - Sync 1 DAGs
[2024-11-02T01:09:31.305+0000] {logging_mixin.py:190} INFO - [2024-11-02T01:09:31.305+0000] {dag.py:4180} INFO - Setting next_dagrun for weather_dag to 2024-11-02 00:00:00+00:00, run_after=2024-11-03 00:00:00+00:00
[2024-11-02T01:09:31.322+0000] {processor.py:208} INFO - Processing /opt/airflow/dags/Etl_weather.py took 0.091 seconds
[2024-11-02T01:10:01.613+0000] {processor.py:186} INFO - Started process (PID=268) to work on /opt/airflow/dags/Etl_weather.py
[2024-11-02T01:10:01.614+0000] {processor.py:914} INFO - Processing file /opt/airflow/dags/Etl_weather.py for tasks to queue
[2024-11-02T01:10:01.617+0000] {logging_mixin.py:190} INFO - [2024-11-02T01:10:01.616+0000] {dagbag.py:588} INFO - Filling up the DagBag from /opt/airflow/dags/Etl_weather.py
[2024-11-02T01:10:01.647+0000] {processor.py:925} INFO - DAG(s) 'weather_dag' retrieved from /opt/airflow/dags/Etl_weather.py
[2024-11-02T01:10:01.667+0000] {logging_mixin.py:190} INFO - [2024-11-02T01:10:01.667+0000] {dag.py:3239} INFO - Sync 1 DAGs
[2024-11-02T01:10:01.688+0000] {logging_mixin.py:190} INFO - [2024-11-02T01:10:01.688+0000] {dag.py:4180} INFO - Setting next_dagrun for weather_dag to 2024-11-02 00:00:00+00:00, run_after=2024-11-03 00:00:00+00:00
[2024-11-02T01:10:01.707+0000] {processor.py:208} INFO - Processing /opt/airflow/dags/Etl_weather.py took 0.101 seconds
