[2024-11-01T01:05:24.489+0000] {local_task_job_runner.py:123} INFO - ::group::Pre task execution logs
[2024-11-01T01:05:24.501+0000] {taskinstance.py:2612} INFO - Dependencies all met for dep_context=non-requeueable deps ti=<TaskInstance: weather_dag.create_table manual__2024-11-01T01:05:20.050677+00:00 [queued]>
[2024-11-01T01:05:24.507+0000] {taskinstance.py:2612} INFO - Dependencies all met for dep_context=requeueable deps ti=<TaskInstance: weather_dag.create_table manual__2024-11-01T01:05:20.050677+00:00 [queued]>
[2024-11-01T01:05:24.508+0000] {taskinstance.py:2865} INFO - Starting attempt 1 of 1
[2024-11-01T01:05:24.517+0000] {taskinstance.py:2888} INFO - Executing <Task(PostgresOperator): create_table> on 2024-11-01 01:05:20.050677+00:00
[2024-11-01T01:05:24.521+0000] {warnings.py:112} WARNING - /home/***/.local/lib/python3.12/site-packages/***/task/task_runner/standard_task_runner.py:70: DeprecationWarning: This process (pid=112) is multi-threaded, use of fork() may lead to deadlocks in the child.
  pid = os.fork()

[2024-11-01T01:05:24.523+0000] {standard_task_runner.py:72} INFO - Started process 113 to run task
[2024-11-01T01:05:24.523+0000] {standard_task_runner.py:104} INFO - Running: ['***', 'tasks', 'run', 'weather_dag', 'create_table', 'manual__2024-11-01T01:05:20.050677+00:00', '--job-id', '68', '--raw', '--subdir', 'DAGS_FOLDER/Etl_weather.py', '--cfg-path', '/tmp/tmpvgcgboza']
[2024-11-01T01:05:24.524+0000] {standard_task_runner.py:105} INFO - Job 68: Subtask create_table
[2024-11-01T01:05:24.558+0000] {task_command.py:467} INFO - Running <TaskInstance: weather_dag.create_table manual__2024-11-01T01:05:20.050677+00:00 [running]> on host 915ee6de4e26
[2024-11-01T01:05:24.648+0000] {taskinstance.py:3131} INFO - Exporting env vars: AIRFLOW_CTX_DAG_OWNER='***' AIRFLOW_CTX_DAG_ID='weather_dag' AIRFLOW_CTX_TASK_ID='create_table' AIRFLOW_CTX_EXECUTION_DATE='2024-11-01T01:05:20.050677+00:00' AIRFLOW_CTX_TRY_NUMBER='1' AIRFLOW_CTX_DAG_RUN_ID='manual__2024-11-01T01:05:20.050677+00:00'
[2024-11-01T01:05:24.649+0000] {taskinstance.py:731} INFO - ::endgroup::
[2024-11-01T01:05:24.663+0000] {sql.py:266} INFO - Executing: 
         CREATE TABLE IF NOT EXISTS weather_medellin (
             city varchar(255),
             temp float,
             temp_min float,
             temp_max float,
             pressure integer,
             humidity integer,
             time timestamp
         );
         
[2024-11-01T01:05:24.671+0000] {base.py:84} INFO - Retrieving connection 'postgres_default'
[2024-11-01T01:05:24.679+0000] {base.py:84} INFO - Retrieving connection 'postgres_default'
[2024-11-01T01:05:24.711+0000] {sql.py:509} INFO - Running statement: 
         CREATE TABLE IF NOT EXISTS weather_medellin (
             city varchar(255),
             temp float,
             temp_min float,
             temp_max float,
             pressure integer,
             humidity integer,
             time timestamp
         );
         , parameters: None
[2024-11-01T01:05:24.722+0000] {taskinstance.py:340} INFO - ::group::Post task execution logs
[2024-11-01T01:05:24.723+0000] {taskinstance.py:352} INFO - Marking task as SUCCESS. dag_id=weather_dag, task_id=create_table, run_id=manual__2024-11-01T01:05:20.050677+00:00, execution_date=20241101T010520, start_date=20241101T010524, end_date=20241101T010524
[2024-11-01T01:05:24.779+0000] {local_task_job_runner.py:266} INFO - Task exited with return code 0
[2024-11-01T01:05:24.788+0000] {warnings.py:112} WARNING - /home/***/.local/lib/python3.12/site-packages/***/models/baseoperator.py:1378: AirflowProviderDeprecationWarning: Call to deprecated class PostgresOperator. (Please use `***.providers.common.sql.operators.sql.SQLExecuteQueryOperator`.Also, you can provide `hook_params={'schema': <database>}`.)
  result = cls.__new__(cls)

[2024-11-01T01:05:24.799+0000] {taskinstance.py:3900} INFO - 1 downstream tasks scheduled from follow-on schedule check
[2024-11-01T01:05:24.801+0000] {local_task_job_runner.py:245} INFO - ::endgroup::
