[2024-11-07T22:36:50.810+0000] {local_task_job_runner.py:123} INFO - ::group::Pre task execution logs
[2024-11-07T22:36:50.868+0000] {taskinstance.py:2612} INFO - Dependencies all met for dep_context=non-requeueable deps ti=<TaskInstance: weather_dag.create_table scheduled__2024-11-07T08:20:00+00:00 [queued]>
[2024-11-07T22:36:50.904+0000] {taskinstance.py:2612} INFO - Dependencies all met for dep_context=requeueable deps ti=<TaskInstance: weather_dag.create_table scheduled__2024-11-07T08:20:00+00:00 [queued]>
[2024-11-07T22:36:50.906+0000] {taskinstance.py:2865} INFO - Starting attempt 1 of 1
[2024-11-07T22:36:50.963+0000] {taskinstance.py:2888} INFO - Executing <Task(PostgresOperator): create_table> on 2024-11-07 08:20:00+00:00
[2024-11-07T22:36:50.980+0000] {warnings.py:112} WARNING - /home/***/.local/lib/python3.12/site-packages/***/task/task_runner/standard_task_runner.py:70: DeprecationWarning: This process (pid=1584) is multi-threaded, use of fork() may lead to deadlocks in the child.
  pid = os.fork()

[2024-11-07T22:36:50.984+0000] {standard_task_runner.py:72} INFO - Started process 1630 to run task
[2024-11-07T22:36:50.990+0000] {standard_task_runner.py:104} INFO - Running: ['***', 'tasks', 'run', 'weather_dag', 'create_table', 'scheduled__2024-11-07T08:20:00+00:00', '--job-id', '577', '--raw', '--subdir', 'DAGS_FOLDER/Etl_weather.py', '--cfg-path', '/tmp/tmp5q0z6f1d']
[2024-11-07T22:36:50.993+0000] {standard_task_runner.py:105} INFO - Job 577: Subtask create_table
[2024-11-07T22:36:51.094+0000] {task_command.py:467} INFO - Running <TaskInstance: weather_dag.create_table scheduled__2024-11-07T08:20:00+00:00 [running]> on host 915ee6de4e26
[2024-11-07T22:36:51.266+0000] {taskinstance.py:3131} INFO - Exporting env vars: AIRFLOW_CTX_DAG_OWNER='***' AIRFLOW_CTX_DAG_ID='weather_dag' AIRFLOW_CTX_TASK_ID='create_table' AIRFLOW_CTX_EXECUTION_DATE='2024-11-07T08:20:00+00:00' AIRFLOW_CTX_TRY_NUMBER='1' AIRFLOW_CTX_DAG_RUN_ID='scheduled__2024-11-07T08:20:00+00:00'
[2024-11-07T22:36:51.267+0000] {taskinstance.py:731} INFO - ::endgroup::
[2024-11-07T22:36:51.319+0000] {sql.py:266} INFO - Executing: 
         CREATE TABLE IF NOT EXISTS weather_medellin (
             city varchar(55),
             temp varchar(55),
             temp_min varchar(55),
             temp_max varchar(55),
             pressure varchar(55),
             humidity varchar(55),
             time varchar(255)
         );
         
[2024-11-07T22:36:51.339+0000] {base.py:84} INFO - Retrieving connection 'postgres_default'
[2024-11-07T22:36:51.366+0000] {base.py:84} INFO - Retrieving connection 'postgres_default'
[2024-11-07T22:36:51.438+0000] {sql.py:509} INFO - Running statement: 
         CREATE TABLE IF NOT EXISTS weather_medellin (
             city varchar(55),
             temp varchar(55),
             temp_min varchar(55),
             temp_max varchar(55),
             pressure varchar(55),
             humidity varchar(55),
             time varchar(255)
         );
         , parameters: None
[2024-11-07T22:36:51.469+0000] {taskinstance.py:340} INFO - ::group::Post task execution logs
[2024-11-07T22:36:51.471+0000] {taskinstance.py:352} INFO - Marking task as SUCCESS. dag_id=weather_dag, task_id=create_table, run_id=scheduled__2024-11-07T08:20:00+00:00, execution_date=20241107T082000, start_date=20241107T223650, end_date=20241107T223651
[2024-11-07T22:36:51.572+0000] {local_task_job_runner.py:266} INFO - Task exited with return code 0
[2024-11-07T22:36:51.604+0000] {warnings.py:112} WARNING - /home/***/.local/lib/python3.12/site-packages/***/models/baseoperator.py:1378: AirflowProviderDeprecationWarning: Call to deprecated class PostgresOperator. (Please use `***.providers.common.sql.operators.sql.SQLExecuteQueryOperator`.Also, you can provide `hook_params={'schema': <database>}`.)
  result = cls.__new__(cls)

[2024-11-07T22:36:51.632+0000] {taskinstance.py:3900} INFO - 1 downstream tasks scheduled from follow-on schedule check
[2024-11-07T22:36:51.636+0000] {local_task_job_runner.py:245} INFO - ::endgroup::
