[2024-11-07T22:36:53.385+0000] {local_task_job_runner.py:123} INFO - ::group::Pre task execution logs
[2024-11-07T22:36:53.418+0000] {taskinstance.py:2612} INFO - Dependencies all met for dep_context=non-requeueable deps ti=<TaskInstance: weather_dag.create_table scheduled__2024-11-07T09:20:00+00:00 [queued]>
[2024-11-07T22:36:53.436+0000] {taskinstance.py:2612} INFO - Dependencies all met for dep_context=requeueable deps ti=<TaskInstance: weather_dag.create_table scheduled__2024-11-07T09:20:00+00:00 [queued]>
[2024-11-07T22:36:53.438+0000] {taskinstance.py:2865} INFO - Starting attempt 1 of 1
[2024-11-07T22:36:53.476+0000] {taskinstance.py:2888} INFO - Executing <Task(PostgresOperator): create_table> on 2024-11-07 09:20:00+00:00
[2024-11-07T22:36:53.489+0000] {warnings.py:112} WARNING - /home/***/.local/lib/python3.12/site-packages/***/task/task_runner/standard_task_runner.py:70: DeprecationWarning: This process (pid=1685) is multi-threaded, use of fork() may lead to deadlocks in the child.
  pid = os.fork()

[2024-11-07T22:36:53.493+0000] {standard_task_runner.py:72} INFO - Started process 1697 to run task
[2024-11-07T22:36:53.494+0000] {standard_task_runner.py:104} INFO - Running: ['***', 'tasks', 'run', 'weather_dag', 'create_table', 'scheduled__2024-11-07T09:20:00+00:00', '--job-id', '588', '--raw', '--subdir', 'DAGS_FOLDER/Etl_weather.py', '--cfg-path', '/tmp/tmp70hdil2_']
[2024-11-07T22:36:53.496+0000] {standard_task_runner.py:105} INFO - Job 588: Subtask create_table
[2024-11-07T22:36:53.598+0000] {task_command.py:467} INFO - Running <TaskInstance: weather_dag.create_table scheduled__2024-11-07T09:20:00+00:00 [running]> on host 915ee6de4e26
[2024-11-07T22:36:53.756+0000] {taskinstance.py:3131} INFO - Exporting env vars: AIRFLOW_CTX_DAG_OWNER='***' AIRFLOW_CTX_DAG_ID='weather_dag' AIRFLOW_CTX_TASK_ID='create_table' AIRFLOW_CTX_EXECUTION_DATE='2024-11-07T09:20:00+00:00' AIRFLOW_CTX_TRY_NUMBER='1' AIRFLOW_CTX_DAG_RUN_ID='scheduled__2024-11-07T09:20:00+00:00'
[2024-11-07T22:36:53.758+0000] {taskinstance.py:731} INFO - ::endgroup::
[2024-11-07T22:36:53.785+0000] {sql.py:266} INFO - Executing: 
         CREATE TABLE IF NOT EXISTS weather_medellin (
             city varchar(55),
             temp varchar(55),
             temp_min varchar(55),
             temp_max varchar(55),
             pressure varchar(55),
             humidity varchar(55),
             time varchar(255)
         );
         
[2024-11-07T22:36:53.800+0000] {base.py:84} INFO - Retrieving connection 'postgres_default'
[2024-11-07T22:36:53.814+0000] {base.py:84} INFO - Retrieving connection 'postgres_default'
[2024-11-07T22:36:53.872+0000] {sql.py:509} INFO - Running statement: 
         CREATE TABLE IF NOT EXISTS weather_medellin (
             city varchar(55),
             temp varchar(55),
             temp_min varchar(55),
             temp_max varchar(55),
             pressure varchar(55),
             humidity varchar(55),
             time varchar(255)
         );
         , parameters: None
[2024-11-07T22:36:53.897+0000] {taskinstance.py:340} INFO - ::group::Post task execution logs
[2024-11-07T22:36:53.898+0000] {taskinstance.py:352} INFO - Marking task as SUCCESS. dag_id=weather_dag, task_id=create_table, run_id=scheduled__2024-11-07T09:20:00+00:00, execution_date=20241107T092000, start_date=20241107T223653, end_date=20241107T223653
[2024-11-07T22:36:53.953+0000] {local_task_job_runner.py:266} INFO - Task exited with return code 0
[2024-11-07T22:36:53.967+0000] {local_task_job_runner.py:245} INFO - ::endgroup::
