[2024-11-07T22:36:37.203+0000] {local_task_job_runner.py:123} INFO - ::group::Pre task execution logs
[2024-11-07T22:36:37.235+0000] {taskinstance.py:2612} INFO - Dependencies all met for dep_context=non-requeueable deps ti=<TaskInstance: weather_dag.insert_data scheduled__2024-11-07T05:20:00+00:00 [queued]>
[2024-11-07T22:36:37.257+0000] {taskinstance.py:2612} INFO - Dependencies all met for dep_context=requeueable deps ti=<TaskInstance: weather_dag.insert_data scheduled__2024-11-07T05:20:00+00:00 [queued]>
[2024-11-07T22:36:37.259+0000] {taskinstance.py:2865} INFO - Starting attempt 1 of 1
[2024-11-07T22:36:37.290+0000] {taskinstance.py:2888} INFO - Executing <Task(PostgresFileOperator): insert_data> on 2024-11-07 05:20:00+00:00
[2024-11-07T22:36:37.301+0000] {warnings.py:112} WARNING - /home/***/.local/lib/python3.12/site-packages/***/task/task_runner/standard_task_runner.py:70: DeprecationWarning: This process (pid=1256) is multi-threaded, use of fork() may lead to deadlocks in the child.
  pid = os.fork()

[2024-11-07T22:36:37.304+0000] {standard_task_runner.py:72} INFO - Started process 1272 to run task
[2024-11-07T22:36:37.305+0000] {standard_task_runner.py:104} INFO - Running: ['***', 'tasks', 'run', 'weather_dag', 'insert_data', 'scheduled__2024-11-07T05:20:00+00:00', '--job-id', '538', '--raw', '--subdir', 'DAGS_FOLDER/Etl_weather.py', '--cfg-path', '/tmp/tmp185tr9p0']
[2024-11-07T22:36:37.307+0000] {standard_task_runner.py:105} INFO - Job 538: Subtask insert_data
[2024-11-07T22:36:37.399+0000] {task_command.py:467} INFO - Running <TaskInstance: weather_dag.insert_data scheduled__2024-11-07T05:20:00+00:00 [running]> on host 915ee6de4e26
[2024-11-07T22:36:37.583+0000] {taskinstance.py:3131} INFO - Exporting env vars: AIRFLOW_CTX_DAG_OWNER='***' AIRFLOW_CTX_DAG_ID='weather_dag' AIRFLOW_CTX_TASK_ID='insert_data' AIRFLOW_CTX_EXECUTION_DATE='2024-11-07T05:20:00+00:00' AIRFLOW_CTX_TRY_NUMBER='1' AIRFLOW_CTX_DAG_RUN_ID='scheduled__2024-11-07T05:20:00+00:00'
[2024-11-07T22:36:37.591+0000] {taskinstance.py:731} INFO - ::endgroup::
[2024-11-07T22:36:37.630+0000] {postgres.py:191} INFO - Running copy expert: COPY weather_medellin FROM STDIN, filename: tmp/weather_data.tsv
[2024-11-07T22:36:37.652+0000] {base.py:84} INFO - Retrieving connection 'postgres_default'
[2024-11-07T22:36:37.760+0000] {taskinstance.py:340} INFO - ::group::Post task execution logs
[2024-11-07T22:36:37.762+0000] {taskinstance.py:352} INFO - Marking task as SUCCESS. dag_id=weather_dag, task_id=insert_data, run_id=scheduled__2024-11-07T05:20:00+00:00, execution_date=20241107T052000, start_date=20241107T223637, end_date=20241107T223637
[2024-11-07T22:36:37.805+0000] {local_task_job_runner.py:266} INFO - Task exited with return code 0
[2024-11-07T22:36:37.839+0000] {taskinstance.py:3900} INFO - 0 downstream tasks scheduled from follow-on schedule check
[2024-11-07T22:36:37.843+0000] {local_task_job_runner.py:245} INFO - ::endgroup::
