[2024-10-24T01:17:25.094+0000] {local_task_job_runner.py:123} INFO - ::group::Pre task execution logs
[2024-10-24T01:17:25.109+0000] {taskinstance.py:2612} INFO - Dependencies all met for dep_context=non-requeueable deps ti=<TaskInstance: weather_dag.extract_data manual__2024-10-24T01:17:23.327188+00:00 [queued]>
[2024-10-24T01:17:25.116+0000] {taskinstance.py:2612} INFO - Dependencies all met for dep_context=requeueable deps ti=<TaskInstance: weather_dag.extract_data manual__2024-10-24T01:17:23.327188+00:00 [queued]>
[2024-10-24T01:17:25.117+0000] {taskinstance.py:2865} INFO - Starting attempt 1 of 2
[2024-10-24T01:17:25.129+0000] {taskinstance.py:2888} INFO - Executing <Task(BashOperator): extract_data> on 2024-10-24 01:17:23.327188+00:00
[2024-10-24T01:17:25.135+0000] {warnings.py:112} WARNING - /home/***/.local/lib/python3.12/site-packages/***/task/task_runner/standard_task_runner.py:70: DeprecationWarning: This process (pid=250) is multi-threaded, use of fork() may lead to deadlocks in the child.
  pid = os.fork()

[2024-10-24T01:17:25.136+0000] {standard_task_runner.py:72} INFO - Started process 252 to run task
[2024-10-24T01:17:25.136+0000] {standard_task_runner.py:104} INFO - Running: ['***', 'tasks', 'run', 'weather_dag', 'extract_data', 'manual__2024-10-24T01:17:23.327188+00:00', '--job-id', '20', '--raw', '--subdir', 'DAGS_FOLDER/Etl_weather.py', '--cfg-path', '/tmp/tmpdrfnwc0v']
[2024-10-24T01:17:25.138+0000] {standard_task_runner.py:105} INFO - Job 20: Subtask extract_data
[2024-10-24T01:17:25.174+0000] {task_command.py:467} INFO - Running <TaskInstance: weather_dag.extract_data manual__2024-10-24T01:17:23.327188+00:00 [running]> on host 9ec308eea9c2
[2024-10-24T01:17:25.379+0000] {taskinstance.py:3131} INFO - Exporting env vars: AIRFLOW_CTX_DAG_EMAIL='milo0@gmail.com' AIRFLOW_CTX_DAG_OWNER='milo' AIRFLOW_CTX_DAG_ID='weather_dag' AIRFLOW_CTX_TASK_ID='extract_data' AIRFLOW_CTX_EXECUTION_DATE='2024-10-24T01:17:23.327188+00:00' AIRFLOW_CTX_TRY_NUMBER='1' AIRFLOW_CTX_DAG_RUN_ID='manual__2024-10-24T01:17:23.327188+00:00'
[2024-10-24T01:17:25.380+0000] {taskinstance.py:731} INFO - ::endgroup::
[2024-10-24T01:17:25.389+0000] {subprocess.py:63} INFO - Tmp dir root location: /tmp
[2024-10-24T01:17:25.390+0000] {subprocess.py:75} INFO - Running command: ['/usr/bin/bash', '-c', 'python /opt/***/plugins/tmp/extract_data_api.py']
[2024-10-24T01:17:25.398+0000] {subprocess.py:86} INFO - Output:
[2024-10-24T01:17:27.352+0000] {subprocess.py:93} INFO - {'coord': {'lon': -75.5636, 'lat': 6.2518}, 'weather': [{'id': 802, 'main': 'Clouds', 'description': 'scattered clouds', 'icon': '03n'}], 'base': 'stations', 'main': {'temp': 19.7, 'feels_like': 20.26, 'temp_min': 19.29, 'temp_max': 20.87, 'pressure': 1015, 'humidity': 97, 'sea_level': 1015, 'grnd_level': 806}, 'visibility': 10000, 'wind': {'speed': 1.34, 'deg': 80, 'gust': 0}, 'clouds': {'all': 40}, 'dt': 1729732197, 'sys': {'type': 2, 'id': 2084700, 'country': 'CO', 'sunrise': 1729680487, 'sunset': 1729723476}, 'timezone': -18000, 'id': 3674962, 'name': 'Medellín', 'cod': 200}
[2024-10-24T01:17:27.421+0000] {subprocess.py:97} INFO - Command exited with return code 0
[2024-10-24T01:17:27.447+0000] {taskinstance.py:340} INFO - ::group::Post task execution logs
[2024-10-24T01:17:27.448+0000] {taskinstance.py:352} INFO - Marking task as SUCCESS. dag_id=weather_dag, task_id=extract_data, run_id=manual__2024-10-24T01:17:23.327188+00:00, execution_date=20241024T011723, start_date=20241024T011725, end_date=20241024T011727
[2024-10-24T01:17:27.489+0000] {local_task_job_runner.py:266} INFO - Task exited with return code 0
[2024-10-24T01:17:27.498+0000] {warnings.py:112} WARNING - /home/***/.local/lib/python3.12/site-packages/***/models/baseoperator.py:1378: AirflowProviderDeprecationWarning: Call to deprecated class PostgresOperator. (Please use `***.providers.common.sql.operators.sql.SQLExecuteQueryOperator`.Also, you can provide `hook_params={'schema': <database>}`.)
  result = cls.__new__(cls)

[2024-10-24T01:17:27.510+0000] {taskinstance.py:3900} INFO - 1 downstream tasks scheduled from follow-on schedule check
[2024-10-24T01:17:27.512+0000] {local_task_job_runner.py:245} INFO - ::endgroup::
