[2024-11-07T22:36:23.915+0000] {local_task_job_runner.py:123} INFO - ::group::Pre task execution logs
[2024-11-07T22:36:23.942+0000] {taskinstance.py:2612} INFO - Dependencies all met for dep_context=non-requeueable deps ti=<TaskInstance: weather_dag.insert_data scheduled__2024-11-07T03:30:00+00:00 [queued]>
[2024-11-07T22:36:23.957+0000] {taskinstance.py:2612} INFO - Dependencies all met for dep_context=requeueable deps ti=<TaskInstance: weather_dag.insert_data scheduled__2024-11-07T03:30:00+00:00 [queued]>
[2024-11-07T22:36:23.958+0000] {taskinstance.py:2865} INFO - Starting attempt 1 of 1
[2024-11-07T22:36:23.984+0000] {taskinstance.py:2888} INFO - Executing <Task(PostgresFileOperator): insert_data> on 2024-11-07 03:30:00+00:00
[2024-11-07T22:36:23.996+0000] {warnings.py:112} WARNING - /home/***/.local/lib/python3.12/site-packages/***/task/task_runner/standard_task_runner.py:70: DeprecationWarning: This process (pid=869) is multi-threaded, use of fork() may lead to deadlocks in the child.
  pid = os.fork()

[2024-11-07T22:36:23.999+0000] {standard_task_runner.py:72} INFO - Started process 884 to run task
[2024-11-07T22:36:24.000+0000] {standard_task_runner.py:104} INFO - Running: ['***', 'tasks', 'run', 'weather_dag', 'insert_data', 'scheduled__2024-11-07T03:30:00+00:00', '--job-id', '499', '--raw', '--subdir', 'DAGS_FOLDER/Etl_weather.py', '--cfg-path', '/tmp/tmp0wbpco8i']
[2024-11-07T22:36:24.002+0000] {standard_task_runner.py:105} INFO - Job 499: Subtask insert_data
[2024-11-07T22:36:24.081+0000] {task_command.py:467} INFO - Running <TaskInstance: weather_dag.insert_data scheduled__2024-11-07T03:30:00+00:00 [running]> on host 915ee6de4e26
[2024-11-07T22:36:24.213+0000] {taskinstance.py:3131} INFO - Exporting env vars: AIRFLOW_CTX_DAG_OWNER='***' AIRFLOW_CTX_DAG_ID='weather_dag' AIRFLOW_CTX_TASK_ID='insert_data' AIRFLOW_CTX_EXECUTION_DATE='2024-11-07T03:30:00+00:00' AIRFLOW_CTX_TRY_NUMBER='1' AIRFLOW_CTX_DAG_RUN_ID='scheduled__2024-11-07T03:30:00+00:00'
[2024-11-07T22:36:24.214+0000] {taskinstance.py:731} INFO - ::endgroup::
[2024-11-07T22:36:24.236+0000] {postgres.py:191} INFO - Running copy expert: COPY weather_medellin FROM STDIN, filename: tmp/weather_data.tsv
[2024-11-07T22:36:24.254+0000] {base.py:84} INFO - Retrieving connection 'postgres_default'
[2024-11-07T22:36:24.359+0000] {taskinstance.py:340} INFO - ::group::Post task execution logs
[2024-11-07T22:36:24.360+0000] {taskinstance.py:352} INFO - Marking task as SUCCESS. dag_id=weather_dag, task_id=insert_data, run_id=scheduled__2024-11-07T03:30:00+00:00, execution_date=20241107T033000, start_date=20241107T223623, end_date=20241107T223624
[2024-11-07T22:36:24.459+0000] {local_task_job_runner.py:266} INFO - Task exited with return code 0
[2024-11-07T22:36:24.503+0000] {taskinstance.py:3900} INFO - 0 downstream tasks scheduled from follow-on schedule check
[2024-11-07T22:36:24.507+0000] {local_task_job_runner.py:245} INFO - ::endgroup::
