[2024-11-07T22:37:35.395+0000] {local_task_job_runner.py:123} INFO - ::group::Pre task execution logs
[2024-11-07T22:37:35.435+0000] {taskinstance.py:2612} INFO - Dependencies all met for dep_context=non-requeueable deps ti=<TaskInstance: weather_dag.create_table scheduled__2024-11-07T17:00:00+00:00 [queued]>
[2024-11-07T22:37:35.460+0000] {taskinstance.py:2612} INFO - Dependencies all met for dep_context=requeueable deps ti=<TaskInstance: weather_dag.create_table scheduled__2024-11-07T17:00:00+00:00 [queued]>
[2024-11-07T22:37:35.461+0000] {taskinstance.py:2865} INFO - Starting attempt 1 of 1
[2024-11-07T22:37:35.491+0000] {taskinstance.py:2888} INFO - Executing <Task(PostgresOperator): create_table> on 2024-11-07 17:00:00+00:00
[2024-11-07T22:37:35.504+0000] {warnings.py:112} WARNING - /home/***/.local/lib/python3.12/site-packages/***/task/task_runner/standard_task_runner.py:70: DeprecationWarning: This process (pid=2929) is multi-threaded, use of fork() may lead to deadlocks in the child.
  pid = os.fork()

[2024-11-07T22:37:35.507+0000] {standard_task_runner.py:72} INFO - Started process 2947 to run task
[2024-11-07T22:37:35.507+0000] {standard_task_runner.py:104} INFO - Running: ['***', 'tasks', 'run', 'weather_dag', 'create_table', 'scheduled__2024-11-07T17:00:00+00:00', '--job-id', '729', '--raw', '--subdir', 'DAGS_FOLDER/Etl_weather.py', '--cfg-path', '/tmp/tmpl8m6kqfu']
[2024-11-07T22:37:35.510+0000] {standard_task_runner.py:105} INFO - Job 729: Subtask create_table
[2024-11-07T22:37:35.599+0000] {task_command.py:467} INFO - Running <TaskInstance: weather_dag.create_table scheduled__2024-11-07T17:00:00+00:00 [running]> on host 915ee6de4e26
[2024-11-07T22:37:35.758+0000] {taskinstance.py:3131} INFO - Exporting env vars: AIRFLOW_CTX_DAG_OWNER='***' AIRFLOW_CTX_DAG_ID='weather_dag' AIRFLOW_CTX_TASK_ID='create_table' AIRFLOW_CTX_EXECUTION_DATE='2024-11-07T17:00:00+00:00' AIRFLOW_CTX_TRY_NUMBER='1' AIRFLOW_CTX_DAG_RUN_ID='scheduled__2024-11-07T17:00:00+00:00'
[2024-11-07T22:37:35.761+0000] {taskinstance.py:731} INFO - ::endgroup::
[2024-11-07T22:37:35.784+0000] {sql.py:266} INFO - Executing: 
         CREATE TABLE IF NOT EXISTS weather_medellin (
             city varchar(55),
             temp varchar(55),
             temp_min varchar(55),
             temp_max varchar(55),
             pressure varchar(55),
             humidity varchar(55),
             time varchar(255)
         );
         
[2024-11-07T22:37:35.802+0000] {base.py:84} INFO - Retrieving connection 'postgres_default'
[2024-11-07T22:37:35.823+0000] {base.py:84} INFO - Retrieving connection 'postgres_default'
[2024-11-07T22:37:35.894+0000] {sql.py:509} INFO - Running statement: 
         CREATE TABLE IF NOT EXISTS weather_medellin (
             city varchar(55),
             temp varchar(55),
             temp_min varchar(55),
             temp_max varchar(55),
             pressure varchar(55),
             humidity varchar(55),
             time varchar(255)
         );
         , parameters: None
[2024-11-07T22:37:35.924+0000] {taskinstance.py:340} INFO - ::group::Post task execution logs
[2024-11-07T22:37:35.926+0000] {taskinstance.py:352} INFO - Marking task as SUCCESS. dag_id=weather_dag, task_id=create_table, run_id=scheduled__2024-11-07T17:00:00+00:00, execution_date=20241107T170000, start_date=20241107T223735, end_date=20241107T223735
[2024-11-07T22:37:35.967+0000] {local_task_job_runner.py:266} INFO - Task exited with return code 0
[2024-11-07T22:37:35.984+0000] {local_task_job_runner.py:245} INFO - ::endgroup::
