[2024-11-07T22:43:31.427+0000] {local_task_job_runner.py:123} INFO - ::group::Pre task execution logs
[2024-11-07T22:43:31.458+0000] {taskinstance.py:2612} INFO - Dependencies all met for dep_context=non-requeueable deps ti=<TaskInstance: weather_dag.extract_data scheduled__2024-11-07T21:00:00+00:00 [queued]>
[2024-11-07T22:43:31.470+0000] {taskinstance.py:2612} INFO - Dependencies all met for dep_context=requeueable deps ti=<TaskInstance: weather_dag.extract_data scheduled__2024-11-07T21:00:00+00:00 [queued]>
[2024-11-07T22:43:31.471+0000] {taskinstance.py:2865} INFO - Starting attempt 1 of 2
[2024-11-07T22:43:31.493+0000] {taskinstance.py:2888} INFO - Executing <Task(BashOperator): extract_data> on 2024-11-07 21:00:00+00:00
[2024-11-07T22:43:31.502+0000] {warnings.py:112} WARNING - /home/***/.local/lib/python3.12/site-packages/***/task/task_runner/standard_task_runner.py:70: DeprecationWarning: This process (pid=99) is multi-threaded, use of fork() may lead to deadlocks in the child.
  pid = os.fork()

[2024-11-07T22:43:31.504+0000] {standard_task_runner.py:72} INFO - Started process 124 to run task
[2024-11-07T22:43:31.505+0000] {standard_task_runner.py:104} INFO - Running: ['***', 'tasks', 'run', 'weather_dag', 'extract_data', 'scheduled__2024-11-07T21:00:00+00:00', '--job-id', '753', '--raw', '--subdir', 'DAGS_FOLDER/Etl_weather.py', '--cfg-path', '/tmp/tmpero1m311']
[2024-11-07T22:43:31.507+0000] {standard_task_runner.py:105} INFO - Job 753: Subtask extract_data
[2024-11-07T22:43:31.590+0000] {task_command.py:467} INFO - Running <TaskInstance: weather_dag.extract_data scheduled__2024-11-07T21:00:00+00:00 [running]> on host 915ee6de4e26
[2024-11-07T22:43:31.739+0000] {taskinstance.py:3131} INFO - Exporting env vars: AIRFLOW_CTX_DAG_EMAIL='milo0@gmail.com' AIRFLOW_CTX_DAG_OWNER='milo' AIRFLOW_CTX_DAG_ID='weather_dag' AIRFLOW_CTX_TASK_ID='extract_data' AIRFLOW_CTX_EXECUTION_DATE='2024-11-07T21:00:00+00:00' AIRFLOW_CTX_TRY_NUMBER='1' AIRFLOW_CTX_DAG_RUN_ID='scheduled__2024-11-07T21:00:00+00:00'
[2024-11-07T22:43:31.741+0000] {taskinstance.py:731} INFO - ::endgroup::
[2024-11-07T22:43:31.768+0000] {subprocess.py:63} INFO - Tmp dir root location: /tmp
[2024-11-07T22:43:31.770+0000] {subprocess.py:75} INFO - Running command: ['/usr/bin/bash', '-c', 'python /opt/***/tmp/extract_data_api.py']
[2024-11-07T22:43:31.790+0000] {subprocess.py:86} INFO - Output:
[2024-11-07T22:43:34.212+0000] {subprocess.py:93} INFO - {'coord': {'lon': -75.5646, 'lat': 6.2529}, 'weather': [{'id': 803, 'main': 'Clouds', 'description': 'broken clouds', 'icon': '04d'}], 'base': 'stations', 'main': {'temp': 20.5, 'feels_like': 20.93, 'temp_min': 19.99, 'temp_max': 21.63, 'pressure': 1011, 'humidity': 89, 'sea_level': 1011, 'grnd_level': 804}, 'visibility': 10000, 'wind': {'speed': 9.39, 'deg': 340, 'gust': 0}, 'clouds': {'all': 75}, 'dt': 1731018826, 'sys': {'type': 2, 'id': 2084700, 'country': 'CO', 'sunrise': 1730976596, 'sunset': 1731019323}, 'timezone': -18000, 'id': 3674962, 'name': 'Medellín', 'cod': 200}
[2024-11-07T22:43:34.318+0000] {subprocess.py:97} INFO - Command exited with return code 0
[2024-11-07T22:43:34.338+0000] {taskinstance.py:340} INFO - ::group::Post task execution logs
[2024-11-07T22:43:34.339+0000] {taskinstance.py:352} INFO - Marking task as SUCCESS. dag_id=weather_dag, task_id=extract_data, run_id=scheduled__2024-11-07T21:00:00+00:00, execution_date=20241107T210000, start_date=20241107T224331, end_date=20241107T224334
[2024-11-07T22:43:34.386+0000] {local_task_job_runner.py:266} INFO - Task exited with return code 0
[2024-11-07T22:43:34.397+0000] {warnings.py:112} WARNING - /home/***/.local/lib/python3.12/site-packages/***/models/baseoperator.py:1378: AirflowProviderDeprecationWarning: Call to deprecated class PostgresOperator. (Please use `***.providers.common.sql.operators.sql.SQLExecuteQueryOperator`.Also, you can provide `hook_params={'schema': <database>}`.)
  result = cls.__new__(cls)

[2024-11-07T22:43:34.412+0000] {taskinstance.py:3900} INFO - 1 downstream tasks scheduled from follow-on schedule check
[2024-11-07T22:43:34.414+0000] {local_task_job_runner.py:245} INFO - ::endgroup::
