[2024-11-01T02:32:16.510+0000] {local_task_job_runner.py:123} INFO - ::group::Pre task execution logs
[2024-11-01T02:32:16.523+0000] {taskinstance.py:2612} INFO - Dependencies all met for dep_context=non-requeueable deps ti=<TaskInstance: weather_dag.extract_data manual__2024-11-01T02:27:13.674459+00:00 [queued]>
[2024-11-01T02:32:16.528+0000] {taskinstance.py:2612} INFO - Dependencies all met for dep_context=requeueable deps ti=<TaskInstance: weather_dag.extract_data manual__2024-11-01T02:27:13.674459+00:00 [queued]>
[2024-11-01T02:32:16.529+0000] {taskinstance.py:2865} INFO - Starting attempt 2 of 2
[2024-11-01T02:32:16.538+0000] {taskinstance.py:2888} INFO - Executing <Task(BashOperator): extract_data> on 2024-11-01 02:27:13.674459+00:00
[2024-11-01T02:32:16.543+0000] {warnings.py:112} WARNING - /home/***/.local/lib/python3.12/site-packages/***/task/task_runner/standard_task_runner.py:70: DeprecationWarning: This process (pid=1625) is multi-threaded, use of fork() may lead to deadlocks in the child.
  pid = os.fork()

[2024-11-01T02:32:16.544+0000] {standard_task_runner.py:72} INFO - Started process 1626 to run task
[2024-11-01T02:32:16.544+0000] {standard_task_runner.py:104} INFO - Running: ['***', 'tasks', 'run', 'weather_dag', 'extract_data', 'manual__2024-11-01T02:27:13.674459+00:00', '--job-id', '110', '--raw', '--subdir', 'DAGS_FOLDER/Etl_weather.py', '--cfg-path', '/tmp/tmpytc7ysbj']
[2024-11-01T02:32:16.545+0000] {standard_task_runner.py:105} INFO - Job 110: Subtask extract_data
[2024-11-01T02:32:16.578+0000] {task_command.py:467} INFO - Running <TaskInstance: weather_dag.extract_data manual__2024-11-01T02:27:13.674459+00:00 [running]> on host 915ee6de4e26
[2024-11-01T02:32:16.634+0000] {taskinstance.py:3131} INFO - Exporting env vars: AIRFLOW_CTX_DAG_EMAIL='milo0@gmail.com' AIRFLOW_CTX_DAG_OWNER='milo' AIRFLOW_CTX_DAG_ID='weather_dag' AIRFLOW_CTX_TASK_ID='extract_data' AIRFLOW_CTX_EXECUTION_DATE='2024-11-01T02:27:13.674459+00:00' AIRFLOW_CTX_TRY_NUMBER='2' AIRFLOW_CTX_DAG_RUN_ID='manual__2024-11-01T02:27:13.674459+00:00'
[2024-11-01T02:32:16.635+0000] {taskinstance.py:731} INFO - ::endgroup::
[2024-11-01T02:32:16.645+0000] {subprocess.py:63} INFO - Tmp dir root location: /tmp
[2024-11-01T02:32:16.646+0000] {subprocess.py:75} INFO - Running command: ['/usr/bin/bash', '-c', 'python /opt/***/tmp/extract_data_api.py']
[2024-11-01T02:32:16.653+0000] {subprocess.py:86} INFO - Output:
[2024-11-01T02:32:18.710+0000] {subprocess.py:93} INFO - {'coord': {'lon': -75.5646, 'lat': 6.2529}, 'weather': [{'id': 802, 'main': 'Clouds', 'description': 'scattered clouds', 'icon': '03n'}], 'base': 'stations', 'main': {'temp': 19.58, 'feels_like': 20.07, 'temp_min': 19.43, 'temp_max': 20.01, 'pressure': 1014, 'humidity': 95, 'sea_level': 1014, 'grnd_level': 806}, 'visibility': 9000, 'wind': {'speed': 3.58, 'deg': 60, 'gust': 0}, 'clouds': {'all': 40}, 'dt': 1730427926, 'sys': {'type': 2, 'id': 2084700, 'country': 'CO', 'sunrise': 1730371724, 'sunset': 1730414569}, 'timezone': -18000, 'id': 3674962, 'name': 'Medellín', 'cod': 200}
[2024-11-01T02:32:18.772+0000] {subprocess.py:97} INFO - Command exited with return code 0
[2024-11-01T02:32:18.790+0000] {taskinstance.py:340} INFO - ::group::Post task execution logs
[2024-11-01T02:32:18.791+0000] {taskinstance.py:352} INFO - Marking task as SUCCESS. dag_id=weather_dag, task_id=extract_data, run_id=manual__2024-11-01T02:27:13.674459+00:00, execution_date=20241101T022713, start_date=20241101T023216, end_date=20241101T023218
[2024-11-01T02:32:18.812+0000] {local_task_job_runner.py:266} INFO - Task exited with return code 0
[2024-11-01T02:32:18.819+0000] {warnings.py:112} WARNING - /home/***/.local/lib/python3.12/site-packages/***/models/baseoperator.py:1378: AirflowProviderDeprecationWarning: Call to deprecated class PostgresOperator. (Please use `***.providers.common.sql.operators.sql.SQLExecuteQueryOperator`.Also, you can provide `hook_params={'schema': <database>}`.)
  result = cls.__new__(cls)

[2024-11-01T02:32:18.831+0000] {taskinstance.py:3900} INFO - 1 downstream tasks scheduled from follow-on schedule check
[2024-11-01T02:32:18.833+0000] {local_task_job_runner.py:245} INFO - ::endgroup::
