[2024-11-01T01:10:17.736+0000] {local_task_job_runner.py:123} INFO - ::group::Pre task execution logs
[2024-11-01T01:10:17.749+0000] {taskinstance.py:2612} INFO - Dependencies all met for dep_context=non-requeueable deps ti=<TaskInstance: weather_dag.extract_data manual__2024-11-01T01:10:16.874470+00:00 [queued]>
[2024-11-01T01:10:17.756+0000] {taskinstance.py:2612} INFO - Dependencies all met for dep_context=requeueable deps ti=<TaskInstance: weather_dag.extract_data manual__2024-11-01T01:10:16.874470+00:00 [queued]>
[2024-11-01T01:10:17.757+0000] {taskinstance.py:2865} INFO - Starting attempt 1 of 2
[2024-11-01T01:10:17.767+0000] {taskinstance.py:2888} INFO - Executing <Task(BashOperator): extract_data> on 2024-11-01 01:10:16.874470+00:00
[2024-11-01T01:10:17.772+0000] {warnings.py:112} WARNING - /home/***/.local/lib/python3.12/site-packages/***/task/task_runner/standard_task_runner.py:70: DeprecationWarning: This process (pid=213) is multi-threaded, use of fork() may lead to deadlocks in the child.
  pid = os.fork()

[2024-11-01T01:10:17.773+0000] {standard_task_runner.py:72} INFO - Started process 214 to run task
[2024-11-01T01:10:17.774+0000] {standard_task_runner.py:104} INFO - Running: ['***', 'tasks', 'run', 'weather_dag', 'extract_data', 'manual__2024-11-01T01:10:16.874470+00:00', '--job-id', '73', '--raw', '--subdir', 'DAGS_FOLDER/Etl_weather.py', '--cfg-path', '/tmp/tmp7byt1tut']
[2024-11-01T01:10:17.775+0000] {standard_task_runner.py:105} INFO - Job 73: Subtask extract_data
[2024-11-01T01:10:17.813+0000] {task_command.py:467} INFO - Running <TaskInstance: weather_dag.extract_data manual__2024-11-01T01:10:16.874470+00:00 [running]> on host 915ee6de4e26
[2024-11-01T01:10:17.879+0000] {taskinstance.py:3131} INFO - Exporting env vars: AIRFLOW_CTX_DAG_EMAIL='milo0@gmail.com' AIRFLOW_CTX_DAG_OWNER='milo' AIRFLOW_CTX_DAG_ID='weather_dag' AIRFLOW_CTX_TASK_ID='extract_data' AIRFLOW_CTX_EXECUTION_DATE='2024-11-01T01:10:16.874470+00:00' AIRFLOW_CTX_TRY_NUMBER='1' AIRFLOW_CTX_DAG_RUN_ID='manual__2024-11-01T01:10:16.874470+00:00'
[2024-11-01T01:10:17.880+0000] {taskinstance.py:731} INFO - ::endgroup::
[2024-11-01T01:10:17.890+0000] {subprocess.py:63} INFO - Tmp dir root location: /tmp
[2024-11-01T01:10:17.891+0000] {subprocess.py:75} INFO - Running command: ['/usr/bin/bash', '-c', 'python /opt/***/tmp/extract_data_api.py']
[2024-11-01T01:10:17.898+0000] {subprocess.py:86} INFO - Output:
[2024-11-01T01:10:19.793+0000] {subprocess.py:93} INFO - {'coord': {'lon': -75.5636, 'lat': 6.2518}, 'weather': [{'id': 802, 'main': 'Clouds', 'description': 'scattered clouds', 'icon': '03n'}], 'base': 'stations', 'main': {'temp': 19.45, 'feels_like': 19.88, 'temp_min': 19.29, 'temp_max': 19.87, 'pressure': 1014, 'humidity': 93, 'sea_level': 1014, 'grnd_level': 805}, 'visibility': 10000, 'wind': {'speed': 3.58, 'deg': 60, 'gust': 0}, 'clouds': {'all': 40}, 'dt': 1730423386, 'sys': {'type': 2, 'id': 2084700, 'country': 'CO', 'sunrise': 1730371724, 'sunset': 1730414569}, 'timezone': -18000, 'id': 3674962, 'name': 'Medellín', 'cod': 200}
[2024-11-01T01:10:19.871+0000] {subprocess.py:97} INFO - Command exited with return code 0
[2024-11-01T01:10:19.891+0000] {taskinstance.py:340} INFO - ::group::Post task execution logs
[2024-11-01T01:10:19.892+0000] {taskinstance.py:352} INFO - Marking task as SUCCESS. dag_id=weather_dag, task_id=extract_data, run_id=manual__2024-11-01T01:10:16.874470+00:00, execution_date=20241101T011016, start_date=20241101T011017, end_date=20241101T011019
[2024-11-01T01:10:19.927+0000] {local_task_job_runner.py:266} INFO - Task exited with return code 0
[2024-11-01T01:10:19.935+0000] {warnings.py:112} WARNING - /home/***/.local/lib/python3.12/site-packages/***/models/baseoperator.py:1378: AirflowProviderDeprecationWarning: Call to deprecated class PostgresOperator. (Please use `***.providers.common.sql.operators.sql.SQLExecuteQueryOperator`.Also, you can provide `hook_params={'schema': <database>}`.)
  result = cls.__new__(cls)

[2024-11-01T01:10:19.949+0000] {taskinstance.py:3900} INFO - 1 downstream tasks scheduled from follow-on schedule check
[2024-11-01T01:10:19.951+0000] {local_task_job_runner.py:245} INFO - ::endgroup::
