[2024-11-01T02:17:22.353+0000] {local_task_job_runner.py:123} INFO - ::group::Pre task execution logs
[2024-11-01T02:17:22.366+0000] {taskinstance.py:2612} INFO - Dependencies all met for dep_context=non-requeueable deps ti=<TaskInstance: weather_dag.insert_data manual__2024-11-01T02:17:17.539051+00:00 [queued]>
[2024-11-01T02:17:22.373+0000] {taskinstance.py:2612} INFO - Dependencies all met for dep_context=requeueable deps ti=<TaskInstance: weather_dag.insert_data manual__2024-11-01T02:17:17.539051+00:00 [queued]>
[2024-11-01T02:17:22.374+0000] {taskinstance.py:2865} INFO - Starting attempt 1 of 1
[2024-11-01T02:17:22.383+0000] {taskinstance.py:2888} INFO - Executing <Task(PostgresFileOperator): insert_data> on 2024-11-01 02:17:17.539051+00:00
[2024-11-01T02:17:22.389+0000] {warnings.py:112} WARNING - /home/***/.local/lib/python3.12/site-packages/***/task/task_runner/standard_task_runner.py:70: DeprecationWarning: This process (pid=1354) is multi-threaded, use of fork() may lead to deadlocks in the child.
  pid = os.fork()

[2024-11-01T02:17:22.390+0000] {standard_task_runner.py:72} INFO - Started process 1355 to run task
[2024-11-01T02:17:22.390+0000] {standard_task_runner.py:104} INFO - Running: ['***', 'tasks', 'run', 'weather_dag', 'insert_data', 'manual__2024-11-01T02:17:17.539051+00:00', '--job-id', '102', '--raw', '--subdir', 'DAGS_FOLDER/Etl_weather.py', '--cfg-path', '/tmp/tmpjvwc78tk']
[2024-11-01T02:17:22.391+0000] {standard_task_runner.py:105} INFO - Job 102: Subtask insert_data
[2024-11-01T02:17:22.427+0000] {task_command.py:467} INFO - Running <TaskInstance: weather_dag.insert_data manual__2024-11-01T02:17:17.539051+00:00 [running]> on host 915ee6de4e26
[2024-11-01T02:17:22.496+0000] {taskinstance.py:3131} INFO - Exporting env vars: AIRFLOW_CTX_DAG_OWNER='***' AIRFLOW_CTX_DAG_ID='weather_dag' AIRFLOW_CTX_TASK_ID='insert_data' AIRFLOW_CTX_EXECUTION_DATE='2024-11-01T02:17:17.539051+00:00' AIRFLOW_CTX_TRY_NUMBER='1' AIRFLOW_CTX_DAG_RUN_ID='manual__2024-11-01T02:17:17.539051+00:00'
[2024-11-01T02:17:22.497+0000] {taskinstance.py:731} INFO - ::endgroup::
[2024-11-01T02:17:22.509+0000] {postgres.py:191} INFO - Running copy expert: COPY weather_medellin FROM STDIN, filename: tmp/weather_data.tsv
[2024-11-01T02:17:22.525+0000] {base.py:84} INFO - Retrieving connection 'postgres_default'
[2024-11-01T02:17:22.570+0000] {taskinstance.py:340} INFO - ::group::Post task execution logs
[2024-11-01T02:17:22.571+0000] {taskinstance.py:352} INFO - Marking task as SUCCESS. dag_id=weather_dag, task_id=insert_data, run_id=manual__2024-11-01T02:17:17.539051+00:00, execution_date=20241101T021717, start_date=20241101T021722, end_date=20241101T021722
[2024-11-01T02:17:22.606+0000] {local_task_job_runner.py:266} INFO - Task exited with return code 0
[2024-11-01T02:17:22.620+0000] {taskinstance.py:3900} INFO - 0 downstream tasks scheduled from follow-on schedule check
[2024-11-01T02:17:22.623+0000] {local_task_job_runner.py:245} INFO - ::endgroup::
