[2024-11-01T01:05:21.336+0000] {local_task_job_runner.py:123} INFO - ::group::Pre task execution logs
[2024-11-01T01:05:21.348+0000] {taskinstance.py:2612} INFO - Dependencies all met for dep_context=non-requeueable deps ti=<TaskInstance: weather_dag.extract_data manual__2024-11-01T01:05:20.050677+00:00 [queued]>
[2024-11-01T01:05:21.354+0000] {taskinstance.py:2612} INFO - Dependencies all met for dep_context=requeueable deps ti=<TaskInstance: weather_dag.extract_data manual__2024-11-01T01:05:20.050677+00:00 [queued]>
[2024-11-01T01:05:21.355+0000] {taskinstance.py:2865} INFO - Starting attempt 1 of 2
[2024-11-01T01:05:21.364+0000] {taskinstance.py:2888} INFO - Executing <Task(BashOperator): extract_data> on 2024-11-01 01:05:20.050677+00:00
[2024-11-01T01:05:21.368+0000] {warnings.py:112} WARNING - /home/***/.local/lib/python3.12/site-packages/***/task/task_runner/standard_task_runner.py:70: DeprecationWarning: This process (pid=92) is multi-threaded, use of fork() may lead to deadlocks in the child.
  pid = os.fork()

[2024-11-01T01:05:21.370+0000] {standard_task_runner.py:72} INFO - Started process 93 to run task
[2024-11-01T01:05:21.370+0000] {standard_task_runner.py:104} INFO - Running: ['***', 'tasks', 'run', 'weather_dag', 'extract_data', 'manual__2024-11-01T01:05:20.050677+00:00', '--job-id', '67', '--raw', '--subdir', 'DAGS_FOLDER/Etl_weather.py', '--cfg-path', '/tmp/tmp7p2a45k3']
[2024-11-01T01:05:21.371+0000] {standard_task_runner.py:105} INFO - Job 67: Subtask extract_data
[2024-11-01T01:05:21.406+0000] {task_command.py:467} INFO - Running <TaskInstance: weather_dag.extract_data manual__2024-11-01T01:05:20.050677+00:00 [running]> on host 915ee6de4e26
[2024-11-01T01:05:21.474+0000] {taskinstance.py:3131} INFO - Exporting env vars: AIRFLOW_CTX_DAG_EMAIL='milo0@gmail.com' AIRFLOW_CTX_DAG_OWNER='milo' AIRFLOW_CTX_DAG_ID='weather_dag' AIRFLOW_CTX_TASK_ID='extract_data' AIRFLOW_CTX_EXECUTION_DATE='2024-11-01T01:05:20.050677+00:00' AIRFLOW_CTX_TRY_NUMBER='1' AIRFLOW_CTX_DAG_RUN_ID='manual__2024-11-01T01:05:20.050677+00:00'
[2024-11-01T01:05:21.475+0000] {taskinstance.py:731} INFO - ::endgroup::
[2024-11-01T01:05:21.485+0000] {subprocess.py:63} INFO - Tmp dir root location: /tmp
[2024-11-01T01:05:21.486+0000] {subprocess.py:75} INFO - Running command: ['/usr/bin/bash', '-c', 'python /opt/***/tmp/extract_data_api.py']
[2024-11-01T01:05:21.493+0000] {subprocess.py:86} INFO - Output:
[2024-11-01T01:05:23.395+0000] {subprocess.py:93} INFO - {'coord': {'lon': -75.5646, 'lat': 6.2529}, 'weather': [{'id': 802, 'main': 'Clouds', 'description': 'scattered clouds', 'icon': '03n'}], 'base': 'stations', 'main': {'temp': 19.58, 'feels_like': 20, 'temp_min': 19.43, 'temp_max': 20.01, 'pressure': 1014, 'humidity': 92, 'sea_level': 1014, 'grnd_level': 805}, 'visibility': 10000, 'wind': {'speed': 3.58, 'deg': 60, 'gust': 0}, 'clouds': {'all': 40}, 'dt': 1730422768, 'sys': {'type': 2, 'id': 2084700, 'country': 'CO', 'sunrise': 1730371724, 'sunset': 1730414569}, 'timezone': -18000, 'id': 3674962, 'name': 'Medellín', 'cod': 200}
[2024-11-01T01:05:23.486+0000] {subprocess.py:97} INFO - Command exited with return code 0
[2024-11-01T01:05:23.515+0000] {taskinstance.py:340} INFO - ::group::Post task execution logs
[2024-11-01T01:05:23.516+0000] {taskinstance.py:352} INFO - Marking task as SUCCESS. dag_id=weather_dag, task_id=extract_data, run_id=manual__2024-11-01T01:05:20.050677+00:00, execution_date=20241101T010520, start_date=20241101T010521, end_date=20241101T010523
[2024-11-01T01:05:23.561+0000] {local_task_job_runner.py:266} INFO - Task exited with return code 0
[2024-11-01T01:05:23.569+0000] {warnings.py:112} WARNING - /home/***/.local/lib/python3.12/site-packages/***/models/baseoperator.py:1378: AirflowProviderDeprecationWarning: Call to deprecated class PostgresOperator. (Please use `***.providers.common.sql.operators.sql.SQLExecuteQueryOperator`.Also, you can provide `hook_params={'schema': <database>}`.)
  result = cls.__new__(cls)

[2024-11-01T01:05:23.583+0000] {taskinstance.py:3900} INFO - 1 downstream tasks scheduled from follow-on schedule check
[2024-11-01T01:05:23.585+0000] {local_task_job_runner.py:245} INFO - ::endgroup::
