[2024-10-24T00:26:36.406+0000] {processor.py:186} INFO - Started process (PID=57) to work on /opt/airflow/dags/etl_process_data.py
[2024-10-24T00:26:36.407+0000] {processor.py:914} INFO - Processing file /opt/airflow/dags/etl_process_data.py for tasks to queue
[2024-10-24T00:26:36.409+0000] {logging_mixin.py:190} INFO - [2024-10-24T00:26:36.408+0000] {dagbag.py:588} INFO - Filling up the DagBag from /opt/airflow/dags/etl_process_data.py
[2024-10-24T00:26:36.473+0000] {processor.py:925} INFO - DAG(s) 'etl_dag' retrieved from /opt/airflow/dags/etl_process_data.py
[2024-10-24T00:26:36.689+0000] {logging_mixin.py:190} INFO - [2024-10-24T00:26:36.689+0000] {override.py:1808} ERROR - Add View Menu Error: (psycopg2.errors.UniqueViolation) duplicate key value violates unique constraint "serialized_dag_pkey"
DETAIL:  Key (dag_id)=(etl_dag) already exists.

[SQL: INSERT INTO serialized_dag (dag_id, fileloc, fileloc_hash, data, data_compressed, last_updated, dag_hash, processor_subdir) VALUES (%(dag_id)s, %(fileloc)s, %(fileloc_hash)s, %(data)s, %(data_compressed)s, %(last_updated)s, %(dag_hash)s, %(processor_subdir)s)]
[parameters: {'dag_id': 'etl_dag', 'fileloc': '/opt/airflow/dags/etl_process_data.py', 'fileloc_hash': 68795828525822564, 'data': '{"__version": 1, "dag": {"edge_info": {}, "timezone": "UTC", "default_args": {"__var": {"owner": "milo", "start_date": {"__var": 1729728000.0, "__typ ... (7616 characters truncated) ... 0EN-SkillsNetwork/labs/Final%20Assignment/tolldata.tgz -o /opt/airflow/process_data"}, "__type": "operator"}], "dag_dependencies": [], "params": []}}', 'data_compressed': None, 'last_updated': datetime.datetime(2024, 10, 24, 0, 26, 36, 485546, tzinfo=Timezone('UTC')), 'dag_hash': 'de8f7abc9fadfc9ac7cb6bfa431fe48c', 'processor_subdir': '/opt/airflow/dags'}]
(Background on this error at: https://sqlalche.me/e/14/gkpj)
[2024-10-24T00:26:36.696+0000] {logging_mixin.py:190} INFO - [2024-10-24T00:26:36.695+0000] {override.py:1900} INFO - Created Permission View: can delete on None
[2024-10-24T00:26:36.706+0000] {logging_mixin.py:190} INFO - [2024-10-24T00:26:36.706+0000] {override.py:1903} ERROR - Creation of Permission View Error: (psycopg2.errors.UniqueViolation) duplicate key value violates unique constraint "ab_permission_view_permission_id_view_menu_id_uq"
DETAIL:  Key (permission_id, view_menu_id)=(2, 54) already exists.

[SQL: INSERT INTO ab_permission_view (permission_id, view_menu_id) VALUES (%(permission_id)s, %(view_menu_id)s) RETURNING ab_permission_view.id]
[parameters: {'permission_id': 2, 'view_menu_id': 54}]
(Background on this error at: https://sqlalche.me/e/14/gkpj)
[2024-10-24T00:26:36.717+0000] {logging_mixin.py:190} INFO - [2024-10-24T00:26:36.717+0000] {override.py:1900} INFO - Created Permission View: can edit on DAG:etl_dag
[2024-10-24T00:26:36.732+0000] {logging_mixin.py:190} INFO - [2024-10-24T00:26:36.732+0000] {override.py:1900} INFO - Created Permission View: can delete on DAG Run:etl_dag
[2024-10-24T00:26:36.750+0000] {logging_mixin.py:190} INFO - [2024-10-24T00:26:36.749+0000] {override.py:1900} INFO - Created Permission View: can create on DAG Run:etl_dag
[2024-10-24T00:26:36.766+0000] {logging_mixin.py:190} INFO - [2024-10-24T00:26:36.765+0000] {override.py:1903} ERROR - Creation of Permission View Error: (psycopg2.errors.UniqueViolation) duplicate key value violates unique constraint "ab_permission_view_permission_id_view_menu_id_uq"
DETAIL:  Key (permission_id, view_menu_id)=(2, 55) already exists.

[SQL: INSERT INTO ab_permission_view (permission_id, view_menu_id) VALUES (%(permission_id)s, %(view_menu_id)s) RETURNING ab_permission_view.id]
[parameters: {'permission_id': 2, 'view_menu_id': 55}]
(Background on this error at: https://sqlalche.me/e/14/gkpj)
[2024-10-24T00:26:36.778+0000] {logging_mixin.py:190} INFO - [2024-10-24T00:26:36.777+0000] {override.py:1903} ERROR - Creation of Permission View Error: (psycopg2.errors.UniqueViolation) duplicate key value violates unique constraint "ab_permission_view_permission_id_view_menu_id_uq"
DETAIL:  Key (permission_id, view_menu_id)=(5, 55) already exists.

[SQL: INSERT INTO ab_permission_view (permission_id, view_menu_id) VALUES (%(permission_id)s, %(view_menu_id)s) RETURNING ab_permission_view.id]
[parameters: {'permission_id': 5, 'view_menu_id': 55}]
(Background on this error at: https://sqlalche.me/e/14/gkpj)
[2024-10-24T00:26:36.779+0000] {logging_mixin.py:190} INFO - [2024-10-24T00:26:36.779+0000] {dag.py:3239} INFO - Sync 1 DAGs
[2024-10-24T00:26:36.794+0000] {logging_mixin.py:190} INFO - [2024-10-24T00:26:36.794+0000] {dag.py:3262} INFO - Creating ORM DAG for etl_dag
[2024-10-24T00:26:36.804+0000] {logging_mixin.py:190} INFO - [2024-10-24T00:26:36.804+0000] {dag.py:4180} INFO - Setting next_dagrun for etl_dag to 2024-10-24 00:00:00+00:00, run_after=2024-10-25 00:00:00+00:00
[2024-10-24T00:26:36.826+0000] {processor.py:208} INFO - Processing /opt/airflow/dags/etl_process_data.py took 0.426 seconds
[2024-10-24T00:27:07.164+0000] {processor.py:186} INFO - Started process (PID=66) to work on /opt/airflow/dags/etl_process_data.py
[2024-10-24T00:27:07.165+0000] {processor.py:914} INFO - Processing file /opt/airflow/dags/etl_process_data.py for tasks to queue
[2024-10-24T00:27:07.167+0000] {logging_mixin.py:190} INFO - [2024-10-24T00:27:07.167+0000] {dagbag.py:588} INFO - Filling up the DagBag from /opt/airflow/dags/etl_process_data.py
[2024-10-24T00:27:07.190+0000] {processor.py:925} INFO - DAG(s) 'etl_dag' retrieved from /opt/airflow/dags/etl_process_data.py
[2024-10-24T00:27:07.286+0000] {logging_mixin.py:190} INFO - [2024-10-24T00:27:07.285+0000] {dag.py:3239} INFO - Sync 1 DAGs
[2024-10-24T00:27:07.320+0000] {logging_mixin.py:190} INFO - [2024-10-24T00:27:07.319+0000] {dag.py:4180} INFO - Setting next_dagrun for etl_dag to 2024-10-24 00:00:00+00:00, run_after=2024-10-25 00:00:00+00:00
[2024-10-24T00:27:07.341+0000] {processor.py:208} INFO - Processing /opt/airflow/dags/etl_process_data.py took 0.180 seconds
[2024-10-24T00:27:37.635+0000] {processor.py:186} INFO - Started process (PID=75) to work on /opt/airflow/dags/etl_process_data.py
[2024-10-24T00:27:37.636+0000] {processor.py:914} INFO - Processing file /opt/airflow/dags/etl_process_data.py for tasks to queue
[2024-10-24T00:27:37.638+0000] {logging_mixin.py:190} INFO - [2024-10-24T00:27:37.638+0000] {dagbag.py:588} INFO - Filling up the DagBag from /opt/airflow/dags/etl_process_data.py
[2024-10-24T00:27:37.674+0000] {processor.py:925} INFO - DAG(s) 'etl_dag' retrieved from /opt/airflow/dags/etl_process_data.py
[2024-10-24T00:27:37.706+0000] {logging_mixin.py:190} INFO - [2024-10-24T00:27:37.706+0000] {dag.py:3239} INFO - Sync 1 DAGs
[2024-10-24T00:27:37.730+0000] {logging_mixin.py:190} INFO - [2024-10-24T00:27:37.729+0000] {dag.py:4180} INFO - Setting next_dagrun for etl_dag to 2024-10-24 00:00:00+00:00, run_after=2024-10-25 00:00:00+00:00
[2024-10-24T00:27:37.752+0000] {processor.py:208} INFO - Processing /opt/airflow/dags/etl_process_data.py took 0.126 seconds
[2024-10-24T00:28:08.057+0000] {processor.py:186} INFO - Started process (PID=90) to work on /opt/airflow/dags/etl_process_data.py
[2024-10-24T00:28:08.058+0000] {processor.py:914} INFO - Processing file /opt/airflow/dags/etl_process_data.py for tasks to queue
[2024-10-24T00:28:08.060+0000] {logging_mixin.py:190} INFO - [2024-10-24T00:28:08.059+0000] {dagbag.py:588} INFO - Filling up the DagBag from /opt/airflow/dags/etl_process_data.py
[2024-10-24T00:28:08.083+0000] {processor.py:925} INFO - DAG(s) 'etl_dag' retrieved from /opt/airflow/dags/etl_process_data.py
[2024-10-24T00:28:08.174+0000] {logging_mixin.py:190} INFO - [2024-10-24T00:28:08.174+0000] {dag.py:3239} INFO - Sync 1 DAGs
[2024-10-24T00:28:08.300+0000] {logging_mixin.py:190} INFO - [2024-10-24T00:28:08.300+0000] {dag.py:4180} INFO - Setting next_dagrun for etl_dag to 2024-10-24 00:00:00+00:00, run_after=2024-10-25 00:00:00+00:00
[2024-10-24T00:28:08.315+0000] {processor.py:208} INFO - Processing /opt/airflow/dags/etl_process_data.py took 0.264 seconds
[2024-10-24T00:28:38.642+0000] {processor.py:186} INFO - Started process (PID=99) to work on /opt/airflow/dags/etl_process_data.py
[2024-10-24T00:28:38.642+0000] {processor.py:914} INFO - Processing file /opt/airflow/dags/etl_process_data.py for tasks to queue
[2024-10-24T00:28:38.644+0000] {logging_mixin.py:190} INFO - [2024-10-24T00:28:38.644+0000] {dagbag.py:588} INFO - Filling up the DagBag from /opt/airflow/dags/etl_process_data.py
[2024-10-24T00:28:38.672+0000] {processor.py:925} INFO - DAG(s) 'etl_dag' retrieved from /opt/airflow/dags/etl_process_data.py
[2024-10-24T00:28:38.697+0000] {logging_mixin.py:190} INFO - [2024-10-24T00:28:38.697+0000] {dag.py:3239} INFO - Sync 1 DAGs
[2024-10-24T00:28:38.717+0000] {logging_mixin.py:190} INFO - [2024-10-24T00:28:38.717+0000] {dag.py:4180} INFO - Setting next_dagrun for etl_dag to 2024-10-24 00:00:00+00:00, run_after=2024-10-25 00:00:00+00:00
[2024-10-24T00:28:38.735+0000] {processor.py:208} INFO - Processing /opt/airflow/dags/etl_process_data.py took 0.098 seconds
[2024-10-24T00:29:09.102+0000] {processor.py:186} INFO - Started process (PID=108) to work on /opt/airflow/dags/etl_process_data.py
[2024-10-24T00:29:09.103+0000] {processor.py:914} INFO - Processing file /opt/airflow/dags/etl_process_data.py for tasks to queue
[2024-10-24T00:29:09.108+0000] {logging_mixin.py:190} INFO - [2024-10-24T00:29:09.107+0000] {dagbag.py:588} INFO - Filling up the DagBag from /opt/airflow/dags/etl_process_data.py
[2024-10-24T00:29:09.137+0000] {processor.py:925} INFO - DAG(s) 'etl_dag' retrieved from /opt/airflow/dags/etl_process_data.py
[2024-10-24T00:29:09.387+0000] {logging_mixin.py:190} INFO - [2024-10-24T00:29:09.387+0000] {dag.py:3239} INFO - Sync 1 DAGs
[2024-10-24T00:29:09.406+0000] {logging_mixin.py:190} INFO - [2024-10-24T00:29:09.406+0000] {dag.py:4180} INFO - Setting next_dagrun for etl_dag to 2024-10-24 00:00:00+00:00, run_after=2024-10-25 00:00:00+00:00
[2024-10-24T00:29:09.422+0000] {processor.py:208} INFO - Processing /opt/airflow/dags/etl_process_data.py took 0.328 seconds
[2024-10-24T00:29:39.553+0000] {processor.py:186} INFO - Started process (PID=117) to work on /opt/airflow/dags/etl_process_data.py
[2024-10-24T00:29:39.553+0000] {processor.py:914} INFO - Processing file /opt/airflow/dags/etl_process_data.py for tasks to queue
[2024-10-24T00:29:39.556+0000] {logging_mixin.py:190} INFO - [2024-10-24T00:29:39.556+0000] {dagbag.py:588} INFO - Filling up the DagBag from /opt/airflow/dags/etl_process_data.py
[2024-10-24T00:29:39.583+0000] {processor.py:925} INFO - DAG(s) 'etl_dag' retrieved from /opt/airflow/dags/etl_process_data.py
[2024-10-24T00:29:39.608+0000] {logging_mixin.py:190} INFO - [2024-10-24T00:29:39.607+0000] {dag.py:3239} INFO - Sync 1 DAGs
[2024-10-24T00:29:39.628+0000] {logging_mixin.py:190} INFO - [2024-10-24T00:29:39.627+0000] {dag.py:4180} INFO - Setting next_dagrun for etl_dag to 2024-10-24 00:00:00+00:00, run_after=2024-10-25 00:00:00+00:00
[2024-10-24T00:29:39.644+0000] {processor.py:208} INFO - Processing /opt/airflow/dags/etl_process_data.py took 0.096 seconds
[2024-10-24T00:30:10.135+0000] {processor.py:186} INFO - Started process (PID=129) to work on /opt/airflow/dags/etl_process_data.py
[2024-10-24T00:30:10.136+0000] {processor.py:914} INFO - Processing file /opt/airflow/dags/etl_process_data.py for tasks to queue
[2024-10-24T00:30:10.139+0000] {logging_mixin.py:190} INFO - [2024-10-24T00:30:10.139+0000] {dagbag.py:588} INFO - Filling up the DagBag from /opt/airflow/dags/etl_process_data.py
[2024-10-24T00:30:10.164+0000] {processor.py:925} INFO - DAG(s) 'etl_dag' retrieved from /opt/airflow/dags/etl_process_data.py
[2024-10-24T00:30:10.366+0000] {logging_mixin.py:190} INFO - [2024-10-24T00:30:10.366+0000] {dag.py:3239} INFO - Sync 1 DAGs
[2024-10-24T00:30:10.382+0000] {logging_mixin.py:190} INFO - [2024-10-24T00:30:10.382+0000] {dag.py:4180} INFO - Setting next_dagrun for etl_dag to 2024-10-24 00:00:00+00:00, run_after=2024-10-25 00:00:00+00:00
[2024-10-24T00:30:10.402+0000] {processor.py:208} INFO - Processing /opt/airflow/dags/etl_process_data.py took 0.272 seconds
[2024-10-24T00:30:40.704+0000] {processor.py:186} INFO - Started process (PID=140) to work on /opt/airflow/dags/etl_process_data.py
[2024-10-24T00:30:40.705+0000] {processor.py:914} INFO - Processing file /opt/airflow/dags/etl_process_data.py for tasks to queue
[2024-10-24T00:30:40.707+0000] {logging_mixin.py:190} INFO - [2024-10-24T00:30:40.706+0000] {dagbag.py:588} INFO - Filling up the DagBag from /opt/airflow/dags/etl_process_data.py
[2024-10-24T00:30:40.732+0000] {processor.py:925} INFO - DAG(s) 'etl_dag' retrieved from /opt/airflow/dags/etl_process_data.py
[2024-10-24T00:30:40.761+0000] {logging_mixin.py:190} INFO - [2024-10-24T00:30:40.761+0000] {dag.py:3239} INFO - Sync 1 DAGs
[2024-10-24T00:30:40.781+0000] {logging_mixin.py:190} INFO - [2024-10-24T00:30:40.781+0000] {dag.py:4180} INFO - Setting next_dagrun for etl_dag to 2024-10-24 00:00:00+00:00, run_after=2024-10-25 00:00:00+00:00
[2024-10-24T00:30:40.928+0000] {processor.py:208} INFO - Processing /opt/airflow/dags/etl_process_data.py took 0.228 seconds
[2024-10-24T00:31:11.377+0000] {processor.py:186} INFO - Started process (PID=151) to work on /opt/airflow/dags/etl_process_data.py
[2024-10-24T00:31:11.378+0000] {processor.py:914} INFO - Processing file /opt/airflow/dags/etl_process_data.py for tasks to queue
[2024-10-24T00:31:11.380+0000] {logging_mixin.py:190} INFO - [2024-10-24T00:31:11.380+0000] {dagbag.py:588} INFO - Filling up the DagBag from /opt/airflow/dags/etl_process_data.py
[2024-10-24T00:31:11.406+0000] {processor.py:925} INFO - DAG(s) 'etl_dag' retrieved from /opt/airflow/dags/etl_process_data.py
[2024-10-24T00:31:11.618+0000] {logging_mixin.py:190} INFO - [2024-10-24T00:31:11.618+0000] {dag.py:3239} INFO - Sync 1 DAGs
[2024-10-24T00:31:11.635+0000] {logging_mixin.py:190} INFO - [2024-10-24T00:31:11.634+0000] {dag.py:4180} INFO - Setting next_dagrun for etl_dag to 2024-10-24 00:00:00+00:00, run_after=2024-10-25 00:00:00+00:00
[2024-10-24T00:31:11.650+0000] {processor.py:208} INFO - Processing /opt/airflow/dags/etl_process_data.py took 0.278 seconds
[2024-10-24T00:31:41.952+0000] {processor.py:186} INFO - Started process (PID=160) to work on /opt/airflow/dags/etl_process_data.py
[2024-10-24T00:31:41.953+0000] {processor.py:914} INFO - Processing file /opt/airflow/dags/etl_process_data.py for tasks to queue
[2024-10-24T00:31:41.956+0000] {logging_mixin.py:190} INFO - [2024-10-24T00:31:41.956+0000] {dagbag.py:588} INFO - Filling up the DagBag from /opt/airflow/dags/etl_process_data.py
[2024-10-24T00:31:41.980+0000] {processor.py:925} INFO - DAG(s) 'etl_dag' retrieved from /opt/airflow/dags/etl_process_data.py
[2024-10-24T00:31:42.154+0000] {logging_mixin.py:190} INFO - [2024-10-24T00:31:42.153+0000] {dag.py:3239} INFO - Sync 1 DAGs
[2024-10-24T00:31:42.172+0000] {logging_mixin.py:190} INFO - [2024-10-24T00:31:42.172+0000] {dag.py:4180} INFO - Setting next_dagrun for etl_dag to 2024-10-24 00:00:00+00:00, run_after=2024-10-25 00:00:00+00:00
[2024-10-24T00:31:42.188+0000] {processor.py:208} INFO - Processing /opt/airflow/dags/etl_process_data.py took 0.241 seconds
[2024-10-24T00:32:12.684+0000] {processor.py:186} INFO - Started process (PID=172) to work on /opt/airflow/dags/etl_process_data.py
[2024-10-24T00:32:12.685+0000] {processor.py:914} INFO - Processing file /opt/airflow/dags/etl_process_data.py for tasks to queue
[2024-10-24T00:32:12.687+0000] {logging_mixin.py:190} INFO - [2024-10-24T00:32:12.687+0000] {dagbag.py:588} INFO - Filling up the DagBag from /opt/airflow/dags/etl_process_data.py
[2024-10-24T00:32:12.845+0000] {processor.py:925} INFO - DAG(s) 'etl_dag' retrieved from /opt/airflow/dags/etl_process_data.py
[2024-10-24T00:32:12.942+0000] {logging_mixin.py:190} INFO - [2024-10-24T00:32:12.941+0000] {dag.py:3239} INFO - Sync 1 DAGs
[2024-10-24T00:32:12.956+0000] {logging_mixin.py:190} INFO - [2024-10-24T00:32:12.956+0000] {dag.py:4180} INFO - Setting next_dagrun for etl_dag to 2024-10-24 00:00:00+00:00, run_after=2024-10-25 00:00:00+00:00
[2024-10-24T00:32:12.974+0000] {processor.py:208} INFO - Processing /opt/airflow/dags/etl_process_data.py took 0.296 seconds
[2024-10-24T00:32:43.341+0000] {processor.py:186} INFO - Started process (PID=181) to work on /opt/airflow/dags/etl_process_data.py
[2024-10-24T00:32:43.342+0000] {processor.py:914} INFO - Processing file /opt/airflow/dags/etl_process_data.py for tasks to queue
[2024-10-24T00:32:43.344+0000] {logging_mixin.py:190} INFO - [2024-10-24T00:32:43.344+0000] {dagbag.py:588} INFO - Filling up the DagBag from /opt/airflow/dags/etl_process_data.py
[2024-10-24T00:32:43.368+0000] {processor.py:925} INFO - DAG(s) 'etl_dag' retrieved from /opt/airflow/dags/etl_process_data.py
[2024-10-24T00:32:43.391+0000] {logging_mixin.py:190} INFO - [2024-10-24T00:32:43.391+0000] {dag.py:3239} INFO - Sync 1 DAGs
[2024-10-24T00:32:43.409+0000] {logging_mixin.py:190} INFO - [2024-10-24T00:32:43.409+0000] {dag.py:4180} INFO - Setting next_dagrun for etl_dag to 2024-10-24 00:00:00+00:00, run_after=2024-10-25 00:00:00+00:00
[2024-10-24T00:32:43.427+0000] {processor.py:208} INFO - Processing /opt/airflow/dags/etl_process_data.py took 0.090 seconds
[2024-10-24T00:33:13.877+0000] {processor.py:186} INFO - Started process (PID=190) to work on /opt/airflow/dags/etl_process_data.py
[2024-10-24T00:33:13.878+0000] {processor.py:914} INFO - Processing file /opt/airflow/dags/etl_process_data.py for tasks to queue
[2024-10-24T00:33:13.880+0000] {logging_mixin.py:190} INFO - [2024-10-24T00:33:13.880+0000] {dagbag.py:588} INFO - Filling up the DagBag from /opt/airflow/dags/etl_process_data.py
[2024-10-24T00:33:13.904+0000] {processor.py:925} INFO - DAG(s) 'etl_dag' retrieved from /opt/airflow/dags/etl_process_data.py
[2024-10-24T00:33:13.996+0000] {logging_mixin.py:190} INFO - [2024-10-24T00:33:13.996+0000] {dag.py:3239} INFO - Sync 1 DAGs
[2024-10-24T00:33:14.014+0000] {logging_mixin.py:190} INFO - [2024-10-24T00:33:14.014+0000] {dag.py:4180} INFO - Setting next_dagrun for etl_dag to 2024-10-24 00:00:00+00:00, run_after=2024-10-25 00:00:00+00:00
[2024-10-24T00:33:14.031+0000] {processor.py:208} INFO - Processing /opt/airflow/dags/etl_process_data.py took 0.160 seconds
[2024-10-24T00:33:44.271+0000] {processor.py:186} INFO - Started process (PID=199) to work on /opt/airflow/dags/etl_process_data.py
[2024-10-24T00:33:44.272+0000] {processor.py:914} INFO - Processing file /opt/airflow/dags/etl_process_data.py for tasks to queue
[2024-10-24T00:33:44.275+0000] {logging_mixin.py:190} INFO - [2024-10-24T00:33:44.274+0000] {dagbag.py:588} INFO - Filling up the DagBag from /opt/airflow/dags/etl_process_data.py
[2024-10-24T00:33:44.306+0000] {processor.py:925} INFO - DAG(s) 'etl_dag' retrieved from /opt/airflow/dags/etl_process_data.py
[2024-10-24T00:33:44.332+0000] {logging_mixin.py:190} INFO - [2024-10-24T00:33:44.332+0000] {dag.py:3239} INFO - Sync 1 DAGs
[2024-10-24T00:33:44.354+0000] {logging_mixin.py:190} INFO - [2024-10-24T00:33:44.354+0000] {dag.py:4180} INFO - Setting next_dagrun for etl_dag to 2024-10-24 00:00:00+00:00, run_after=2024-10-25 00:00:00+00:00
[2024-10-24T00:33:44.377+0000] {processor.py:208} INFO - Processing /opt/airflow/dags/etl_process_data.py took 0.111 seconds
[2024-10-24T00:41:18.119+0000] {processor.py:186} INFO - Started process (PID=52) to work on /opt/airflow/dags/etl_process_data.py
[2024-10-24T00:41:18.120+0000] {processor.py:914} INFO - Processing file /opt/airflow/dags/etl_process_data.py for tasks to queue
[2024-10-24T00:41:18.123+0000] {logging_mixin.py:190} INFO - [2024-10-24T00:41:18.122+0000] {dagbag.py:588} INFO - Filling up the DagBag from /opt/airflow/dags/etl_process_data.py
[2024-10-24T00:41:18.147+0000] {processor.py:925} INFO - DAG(s) 'etl_dag' retrieved from /opt/airflow/dags/etl_process_data.py
[2024-10-24T00:41:18.452+0000] {logging_mixin.py:190} INFO - [2024-10-24T00:41:18.451+0000] {dag.py:3239} INFO - Sync 1 DAGs
[2024-10-24T00:41:18.471+0000] {logging_mixin.py:190} INFO - [2024-10-24T00:41:18.471+0000] {dag.py:4180} INFO - Setting next_dagrun for etl_dag to 2024-10-24 00:00:00+00:00, run_after=2024-10-25 00:00:00+00:00
[2024-10-24T00:41:18.498+0000] {processor.py:208} INFO - Processing /opt/airflow/dags/etl_process_data.py took 0.386 seconds
[2024-10-24T00:41:48.656+0000] {processor.py:186} INFO - Started process (PID=61) to work on /opt/airflow/dags/etl_process_data.py
[2024-10-24T00:41:48.657+0000] {processor.py:914} INFO - Processing file /opt/airflow/dags/etl_process_data.py for tasks to queue
[2024-10-24T00:41:48.662+0000] {logging_mixin.py:190} INFO - [2024-10-24T00:41:48.662+0000] {dagbag.py:588} INFO - Filling up the DagBag from /opt/airflow/dags/etl_process_data.py
[2024-10-24T00:41:48.680+0000] {processor.py:925} INFO - DAG(s) 'etl_dag' retrieved from /opt/airflow/dags/etl_process_data.py
[2024-10-24T00:41:48.714+0000] {logging_mixin.py:190} INFO - [2024-10-24T00:41:48.714+0000] {dag.py:3239} INFO - Sync 1 DAGs
[2024-10-24T00:41:48.737+0000] {logging_mixin.py:190} INFO - [2024-10-24T00:41:48.737+0000] {dag.py:4180} INFO - Setting next_dagrun for etl_dag to 2024-10-24 00:00:00+00:00, run_after=2024-10-25 00:00:00+00:00
[2024-10-24T00:41:48.756+0000] {processor.py:208} INFO - Processing /opt/airflow/dags/etl_process_data.py took 0.106 seconds
[2024-10-24T00:42:19.152+0000] {processor.py:186} INFO - Started process (PID=73) to work on /opt/airflow/dags/etl_process_data.py
[2024-10-24T00:42:19.154+0000] {processor.py:914} INFO - Processing file /opt/airflow/dags/etl_process_data.py for tasks to queue
[2024-10-24T00:42:19.159+0000] {logging_mixin.py:190} INFO - [2024-10-24T00:42:19.158+0000] {dagbag.py:588} INFO - Filling up the DagBag from /opt/airflow/dags/etl_process_data.py
[2024-10-24T00:42:19.179+0000] {processor.py:925} INFO - DAG(s) 'etl_dag' retrieved from /opt/airflow/dags/etl_process_data.py
[2024-10-24T00:42:19.431+0000] {logging_mixin.py:190} INFO - [2024-10-24T00:42:19.430+0000] {dag.py:3239} INFO - Sync 1 DAGs
[2024-10-24T00:42:19.445+0000] {logging_mixin.py:190} INFO - [2024-10-24T00:42:19.445+0000] {dag.py:4180} INFO - Setting next_dagrun for etl_dag to 2024-10-24 00:00:00+00:00, run_after=2024-10-25 00:00:00+00:00
[2024-10-24T00:42:19.460+0000] {processor.py:208} INFO - Processing /opt/airflow/dags/etl_process_data.py took 0.315 seconds
[2024-10-24T00:42:49.732+0000] {processor.py:186} INFO - Started process (PID=84) to work on /opt/airflow/dags/etl_process_data.py
[2024-10-24T00:42:49.733+0000] {processor.py:914} INFO - Processing file /opt/airflow/dags/etl_process_data.py for tasks to queue
[2024-10-24T00:42:49.736+0000] {logging_mixin.py:190} INFO - [2024-10-24T00:42:49.735+0000] {dagbag.py:588} INFO - Filling up the DagBag from /opt/airflow/dags/etl_process_data.py
[2024-10-24T00:42:49.759+0000] {processor.py:925} INFO - DAG(s) 'etl_dag' retrieved from /opt/airflow/dags/etl_process_data.py
[2024-10-24T00:42:49.798+0000] {logging_mixin.py:190} INFO - [2024-10-24T00:42:49.798+0000] {dag.py:3239} INFO - Sync 1 DAGs
[2024-10-24T00:42:49.824+0000] {logging_mixin.py:190} INFO - [2024-10-24T00:42:49.823+0000] {dag.py:4180} INFO - Setting next_dagrun for etl_dag to 2024-10-24 00:00:00+00:00, run_after=2024-10-25 00:00:00+00:00
[2024-10-24T00:42:50.074+0000] {processor.py:208} INFO - Processing /opt/airflow/dags/etl_process_data.py took 0.347 seconds
[2024-10-24T00:43:20.588+0000] {processor.py:186} INFO - Started process (PID=102) to work on /opt/airflow/dags/etl_process_data.py
[2024-10-24T00:43:20.589+0000] {processor.py:914} INFO - Processing file /opt/airflow/dags/etl_process_data.py for tasks to queue
[2024-10-24T00:43:20.592+0000] {logging_mixin.py:190} INFO - [2024-10-24T00:43:20.591+0000] {dagbag.py:588} INFO - Filling up the DagBag from /opt/airflow/dags/etl_process_data.py
[2024-10-24T00:43:20.611+0000] {processor.py:925} INFO - DAG(s) 'etl_dag' retrieved from /opt/airflow/dags/etl_process_data.py
[2024-10-24T00:43:20.925+0000] {logging_mixin.py:190} INFO - [2024-10-24T00:43:20.925+0000] {dag.py:3239} INFO - Sync 1 DAGs
[2024-10-24T00:43:20.943+0000] {logging_mixin.py:190} INFO - [2024-10-24T00:43:20.943+0000] {dag.py:4180} INFO - Setting next_dagrun for etl_dag to 2024-10-24 00:00:00+00:00, run_after=2024-10-25 00:00:00+00:00
[2024-10-24T00:43:20.961+0000] {processor.py:208} INFO - Processing /opt/airflow/dags/etl_process_data.py took 0.380 seconds
[2024-10-24T00:43:51.405+0000] {processor.py:186} INFO - Started process (PID=115) to work on /opt/airflow/dags/etl_process_data.py
[2024-10-24T00:43:51.406+0000] {processor.py:914} INFO - Processing file /opt/airflow/dags/etl_process_data.py for tasks to queue
[2024-10-24T00:43:51.408+0000] {logging_mixin.py:190} INFO - [2024-10-24T00:43:51.408+0000] {dagbag.py:588} INFO - Filling up the DagBag from /opt/airflow/dags/etl_process_data.py
[2024-10-24T00:43:51.426+0000] {processor.py:925} INFO - DAG(s) 'etl_dag' retrieved from /opt/airflow/dags/etl_process_data.py
[2024-10-24T00:43:51.594+0000] {logging_mixin.py:190} INFO - [2024-10-24T00:43:51.594+0000] {dag.py:3239} INFO - Sync 1 DAGs
[2024-10-24T00:43:51.612+0000] {logging_mixin.py:190} INFO - [2024-10-24T00:43:51.612+0000] {dag.py:4180} INFO - Setting next_dagrun for etl_dag to 2024-10-24 00:00:00+00:00, run_after=2024-10-25 00:00:00+00:00
[2024-10-24T00:43:51.627+0000] {processor.py:208} INFO - Processing /opt/airflow/dags/etl_process_data.py took 0.227 seconds
[2024-10-24T00:44:22.206+0000] {processor.py:186} INFO - Started process (PID=129) to work on /opt/airflow/dags/etl_process_data.py
[2024-10-24T00:44:22.207+0000] {processor.py:914} INFO - Processing file /opt/airflow/dags/etl_process_data.py for tasks to queue
[2024-10-24T00:44:22.209+0000] {logging_mixin.py:190} INFO - [2024-10-24T00:44:22.209+0000] {dagbag.py:588} INFO - Filling up the DagBag from /opt/airflow/dags/etl_process_data.py
[2024-10-24T00:44:22.227+0000] {processor.py:925} INFO - DAG(s) 'etl_dag' retrieved from /opt/airflow/dags/etl_process_data.py
[2024-10-24T00:44:22.454+0000] {logging_mixin.py:190} INFO - [2024-10-24T00:44:22.454+0000] {dag.py:3239} INFO - Sync 1 DAGs
[2024-10-24T00:44:22.469+0000] {logging_mixin.py:190} INFO - [2024-10-24T00:44:22.469+0000] {dag.py:4180} INFO - Setting next_dagrun for etl_dag to 2024-10-24 00:00:00+00:00, run_after=2024-10-25 00:00:00+00:00
[2024-10-24T00:44:22.488+0000] {processor.py:208} INFO - Processing /opt/airflow/dags/etl_process_data.py took 0.287 seconds
[2024-10-24T00:44:52.959+0000] {processor.py:186} INFO - Started process (PID=139) to work on /opt/airflow/dags/etl_process_data.py
[2024-10-24T00:44:52.960+0000] {processor.py:914} INFO - Processing file /opt/airflow/dags/etl_process_data.py for tasks to queue
[2024-10-24T00:44:52.963+0000] {logging_mixin.py:190} INFO - [2024-10-24T00:44:52.963+0000] {dagbag.py:588} INFO - Filling up the DagBag from /opt/airflow/dags/etl_process_data.py
[2024-10-24T00:44:52.996+0000] {processor.py:925} INFO - DAG(s) 'etl_dag' retrieved from /opt/airflow/dags/etl_process_data.py
[2024-10-24T00:44:53.039+0000] {logging_mixin.py:190} INFO - [2024-10-24T00:44:53.038+0000] {dag.py:3239} INFO - Sync 1 DAGs
[2024-10-24T00:44:53.069+0000] {logging_mixin.py:190} INFO - [2024-10-24T00:44:53.069+0000] {dag.py:4180} INFO - Setting next_dagrun for etl_dag to 2024-10-24 00:00:00+00:00, run_after=2024-10-25 00:00:00+00:00
[2024-10-24T00:44:53.096+0000] {processor.py:208} INFO - Processing /opt/airflow/dags/etl_process_data.py took 0.146 seconds
[2024-10-24T00:45:23.451+0000] {processor.py:186} INFO - Started process (PID=148) to work on /opt/airflow/dags/etl_process_data.py
[2024-10-24T00:45:23.452+0000] {processor.py:914} INFO - Processing file /opt/airflow/dags/etl_process_data.py for tasks to queue
[2024-10-24T00:45:23.454+0000] {logging_mixin.py:190} INFO - [2024-10-24T00:45:23.454+0000] {dagbag.py:588} INFO - Filling up the DagBag from /opt/airflow/dags/etl_process_data.py
[2024-10-24T00:45:23.477+0000] {processor.py:925} INFO - DAG(s) 'etl_dag' retrieved from /opt/airflow/dags/etl_process_data.py
[2024-10-24T00:45:23.589+0000] {logging_mixin.py:190} INFO - [2024-10-24T00:45:23.589+0000] {dag.py:3239} INFO - Sync 1 DAGs
[2024-10-24T00:45:23.610+0000] {logging_mixin.py:190} INFO - [2024-10-24T00:45:23.609+0000] {dag.py:4180} INFO - Setting next_dagrun for etl_dag to 2024-10-24 00:00:00+00:00, run_after=2024-10-25 00:00:00+00:00
[2024-10-24T00:45:23.631+0000] {processor.py:208} INFO - Processing /opt/airflow/dags/etl_process_data.py took 0.187 seconds
[2024-10-24T00:45:53.980+0000] {processor.py:186} INFO - Started process (PID=159) to work on /opt/airflow/dags/etl_process_data.py
[2024-10-24T00:45:53.981+0000] {processor.py:914} INFO - Processing file /opt/airflow/dags/etl_process_data.py for tasks to queue
[2024-10-24T00:45:53.984+0000] {logging_mixin.py:190} INFO - [2024-10-24T00:45:53.983+0000] {dagbag.py:588} INFO - Filling up the DagBag from /opt/airflow/dags/etl_process_data.py
[2024-10-24T00:45:54.002+0000] {processor.py:925} INFO - DAG(s) 'etl_dag' retrieved from /opt/airflow/dags/etl_process_data.py
[2024-10-24T00:45:54.031+0000] {logging_mixin.py:190} INFO - [2024-10-24T00:45:54.031+0000] {dag.py:3239} INFO - Sync 1 DAGs
[2024-10-24T00:45:54.052+0000] {logging_mixin.py:190} INFO - [2024-10-24T00:45:54.052+0000] {dag.py:4180} INFO - Setting next_dagrun for etl_dag to 2024-10-24 00:00:00+00:00, run_after=2024-10-25 00:00:00+00:00
[2024-10-24T00:45:54.072+0000] {processor.py:208} INFO - Processing /opt/airflow/dags/etl_process_data.py took 0.098 seconds
[2024-10-24T00:46:24.496+0000] {processor.py:186} INFO - Started process (PID=168) to work on /opt/airflow/dags/etl_process_data.py
[2024-10-24T00:46:24.497+0000] {processor.py:914} INFO - Processing file /opt/airflow/dags/etl_process_data.py for tasks to queue
[2024-10-24T00:46:24.500+0000] {logging_mixin.py:190} INFO - [2024-10-24T00:46:24.499+0000] {dagbag.py:588} INFO - Filling up the DagBag from /opt/airflow/dags/etl_process_data.py
[2024-10-24T00:46:24.517+0000] {processor.py:925} INFO - DAG(s) 'etl_dag' retrieved from /opt/airflow/dags/etl_process_data.py
[2024-10-24T00:46:24.620+0000] {logging_mixin.py:190} INFO - [2024-10-24T00:46:24.620+0000] {dag.py:3239} INFO - Sync 1 DAGs
[2024-10-24T00:46:24.638+0000] {logging_mixin.py:190} INFO - [2024-10-24T00:46:24.638+0000] {dag.py:4180} INFO - Setting next_dagrun for etl_dag to 2024-10-24 00:00:00+00:00, run_after=2024-10-25 00:00:00+00:00
[2024-10-24T00:46:24.657+0000] {processor.py:208} INFO - Processing /opt/airflow/dags/etl_process_data.py took 0.166 seconds
[2024-10-24T00:46:54.958+0000] {processor.py:186} INFO - Started process (PID=178) to work on /opt/airflow/dags/etl_process_data.py
[2024-10-24T00:46:54.959+0000] {processor.py:914} INFO - Processing file /opt/airflow/dags/etl_process_data.py for tasks to queue
[2024-10-24T00:46:54.961+0000] {logging_mixin.py:190} INFO - [2024-10-24T00:46:54.961+0000] {dagbag.py:588} INFO - Filling up the DagBag from /opt/airflow/dags/etl_process_data.py
[2024-10-24T00:46:54.987+0000] {processor.py:925} INFO - DAG(s) 'etl_dag' retrieved from /opt/airflow/dags/etl_process_data.py
[2024-10-24T00:46:55.017+0000] {logging_mixin.py:190} INFO - [2024-10-24T00:46:55.017+0000] {dag.py:3239} INFO - Sync 1 DAGs
[2024-10-24T00:46:55.041+0000] {logging_mixin.py:190} INFO - [2024-10-24T00:46:55.041+0000] {dag.py:4180} INFO - Setting next_dagrun for etl_dag to 2024-10-24 00:00:00+00:00, run_after=2024-10-25 00:00:00+00:00
[2024-10-24T00:46:55.063+0000] {processor.py:208} INFO - Processing /opt/airflow/dags/etl_process_data.py took 0.110 seconds
[2024-10-24T00:47:25.615+0000] {processor.py:186} INFO - Started process (PID=193) to work on /opt/airflow/dags/etl_process_data.py
[2024-10-24T00:47:25.616+0000] {processor.py:914} INFO - Processing file /opt/airflow/dags/etl_process_data.py for tasks to queue
[2024-10-24T00:47:25.618+0000] {logging_mixin.py:190} INFO - [2024-10-24T00:47:25.618+0000] {dagbag.py:588} INFO - Filling up the DagBag from /opt/airflow/dags/etl_process_data.py
[2024-10-24T00:47:25.638+0000] {processor.py:925} INFO - DAG(s) 'etl_dag' retrieved from /opt/airflow/dags/etl_process_data.py
[2024-10-24T00:47:25.745+0000] {logging_mixin.py:190} INFO - [2024-10-24T00:47:25.745+0000] {dag.py:3239} INFO - Sync 1 DAGs
[2024-10-24T00:47:25.778+0000] {logging_mixin.py:190} INFO - [2024-10-24T00:47:25.778+0000] {dag.py:4180} INFO - Setting next_dagrun for etl_dag to 2024-10-24 00:00:00+00:00, run_after=2024-10-25 00:00:00+00:00
[2024-10-24T00:47:25.798+0000] {processor.py:208} INFO - Processing /opt/airflow/dags/etl_process_data.py took 0.187 seconds
[2024-10-24T00:47:56.247+0000] {processor.py:186} INFO - Started process (PID=205) to work on /opt/airflow/dags/etl_process_data.py
[2024-10-24T00:47:56.248+0000] {processor.py:914} INFO - Processing file /opt/airflow/dags/etl_process_data.py for tasks to queue
[2024-10-24T00:47:56.252+0000] {logging_mixin.py:190} INFO - [2024-10-24T00:47:56.251+0000] {dagbag.py:588} INFO - Filling up the DagBag from /opt/airflow/dags/etl_process_data.py
[2024-10-24T00:47:56.271+0000] {processor.py:925} INFO - DAG(s) 'etl_dag' retrieved from /opt/airflow/dags/etl_process_data.py
[2024-10-24T00:47:56.301+0000] {logging_mixin.py:190} INFO - [2024-10-24T00:47:56.300+0000] {dag.py:3239} INFO - Sync 1 DAGs
[2024-10-24T00:47:56.321+0000] {logging_mixin.py:190} INFO - [2024-10-24T00:47:56.321+0000] {dag.py:4180} INFO - Setting next_dagrun for etl_dag to 2024-10-24 00:00:00+00:00, run_after=2024-10-25 00:00:00+00:00
[2024-10-24T00:47:56.340+0000] {processor.py:208} INFO - Processing /opt/airflow/dags/etl_process_data.py took 0.099 seconds
[2024-10-24T00:48:26.698+0000] {processor.py:186} INFO - Started process (PID=214) to work on /opt/airflow/dags/etl_process_data.py
[2024-10-24T00:48:26.699+0000] {processor.py:914} INFO - Processing file /opt/airflow/dags/etl_process_data.py for tasks to queue
[2024-10-24T00:48:26.703+0000] {logging_mixin.py:190} INFO - [2024-10-24T00:48:26.702+0000] {dagbag.py:588} INFO - Filling up the DagBag from /opt/airflow/dags/etl_process_data.py
[2024-10-24T00:48:26.721+0000] {processor.py:925} INFO - DAG(s) 'etl_dag' retrieved from /opt/airflow/dags/etl_process_data.py
[2024-10-24T00:48:26.827+0000] {logging_mixin.py:190} INFO - [2024-10-24T00:48:26.826+0000] {dag.py:3239} INFO - Sync 1 DAGs
[2024-10-24T00:48:26.845+0000] {logging_mixin.py:190} INFO - [2024-10-24T00:48:26.844+0000] {dag.py:4180} INFO - Setting next_dagrun for etl_dag to 2024-10-24 00:00:00+00:00, run_after=2024-10-25 00:00:00+00:00
[2024-10-24T00:48:26.861+0000] {processor.py:208} INFO - Processing /opt/airflow/dags/etl_process_data.py took 0.169 seconds
[2024-10-24T00:48:57.209+0000] {processor.py:186} INFO - Started process (PID=223) to work on /opt/airflow/dags/etl_process_data.py
[2024-10-24T00:48:57.209+0000] {processor.py:914} INFO - Processing file /opt/airflow/dags/etl_process_data.py for tasks to queue
[2024-10-24T00:48:57.211+0000] {logging_mixin.py:190} INFO - [2024-10-24T00:48:57.211+0000] {dagbag.py:588} INFO - Filling up the DagBag from /opt/airflow/dags/etl_process_data.py
[2024-10-24T00:48:57.228+0000] {processor.py:925} INFO - DAG(s) 'etl_dag' retrieved from /opt/airflow/dags/etl_process_data.py
[2024-10-24T00:48:57.255+0000] {logging_mixin.py:190} INFO - [2024-10-24T00:48:57.254+0000] {dag.py:3239} INFO - Sync 1 DAGs
[2024-10-24T00:48:57.276+0000] {logging_mixin.py:190} INFO - [2024-10-24T00:48:57.275+0000] {dag.py:4180} INFO - Setting next_dagrun for etl_dag to 2024-10-24 00:00:00+00:00, run_after=2024-10-25 00:00:00+00:00
[2024-10-24T00:48:57.294+0000] {processor.py:208} INFO - Processing /opt/airflow/dags/etl_process_data.py took 0.089 seconds
[2024-10-24T00:49:27.683+0000] {processor.py:186} INFO - Started process (PID=232) to work on /opt/airflow/dags/etl_process_data.py
[2024-10-24T00:49:27.684+0000] {processor.py:914} INFO - Processing file /opt/airflow/dags/etl_process_data.py for tasks to queue
[2024-10-24T00:49:27.687+0000] {logging_mixin.py:190} INFO - [2024-10-24T00:49:27.686+0000] {dagbag.py:588} INFO - Filling up the DagBag from /opt/airflow/dags/etl_process_data.py
[2024-10-24T00:49:27.707+0000] {processor.py:925} INFO - DAG(s) 'etl_dag' retrieved from /opt/airflow/dags/etl_process_data.py
[2024-10-24T00:49:27.838+0000] {logging_mixin.py:190} INFO - [2024-10-24T00:49:27.838+0000] {dag.py:3239} INFO - Sync 1 DAGs
[2024-10-24T00:49:27.860+0000] {logging_mixin.py:190} INFO - [2024-10-24T00:49:27.860+0000] {dag.py:4180} INFO - Setting next_dagrun for etl_dag to 2024-10-24 00:00:00+00:00, run_after=2024-10-25 00:00:00+00:00
[2024-10-24T00:49:27.885+0000] {processor.py:208} INFO - Processing /opt/airflow/dags/etl_process_data.py took 0.207 seconds
[2024-10-24T00:49:58.157+0000] {processor.py:186} INFO - Started process (PID=241) to work on /opt/airflow/dags/etl_process_data.py
[2024-10-24T00:49:58.159+0000] {processor.py:914} INFO - Processing file /opt/airflow/dags/etl_process_data.py for tasks to queue
[2024-10-24T00:49:58.162+0000] {logging_mixin.py:190} INFO - [2024-10-24T00:49:58.161+0000] {dagbag.py:588} INFO - Filling up the DagBag from /opt/airflow/dags/etl_process_data.py
[2024-10-24T00:49:58.185+0000] {processor.py:925} INFO - DAG(s) 'etl_dag' retrieved from /opt/airflow/dags/etl_process_data.py
[2024-10-24T00:49:58.224+0000] {logging_mixin.py:190} INFO - [2024-10-24T00:49:58.223+0000] {dag.py:3239} INFO - Sync 1 DAGs
[2024-10-24T00:49:58.249+0000] {logging_mixin.py:190} INFO - [2024-10-24T00:49:58.248+0000] {dag.py:4180} INFO - Setting next_dagrun for etl_dag to 2024-10-24 00:00:00+00:00, run_after=2024-10-25 00:00:00+00:00
[2024-10-24T00:49:58.271+0000] {processor.py:208} INFO - Processing /opt/airflow/dags/etl_process_data.py took 0.120 seconds
[2024-10-24T00:50:28.651+0000] {processor.py:186} INFO - Started process (PID=250) to work on /opt/airflow/dags/etl_process_data.py
[2024-10-24T00:50:28.652+0000] {processor.py:914} INFO - Processing file /opt/airflow/dags/etl_process_data.py for tasks to queue
[2024-10-24T00:50:28.654+0000] {logging_mixin.py:190} INFO - [2024-10-24T00:50:28.654+0000] {dagbag.py:588} INFO - Filling up the DagBag from /opt/airflow/dags/etl_process_data.py
[2024-10-24T00:50:28.675+0000] {processor.py:925} INFO - DAG(s) 'etl_dag' retrieved from /opt/airflow/dags/etl_process_data.py
[2024-10-24T00:50:28.792+0000] {logging_mixin.py:190} INFO - [2024-10-24T00:50:28.791+0000] {dag.py:3239} INFO - Sync 1 DAGs
[2024-10-24T00:50:28.810+0000] {logging_mixin.py:190} INFO - [2024-10-24T00:50:28.810+0000] {dag.py:4180} INFO - Setting next_dagrun for etl_dag to 2024-10-24 00:00:00+00:00, run_after=2024-10-25 00:00:00+00:00
[2024-10-24T00:50:28.839+0000] {processor.py:208} INFO - Processing /opt/airflow/dags/etl_process_data.py took 0.193 seconds
[2024-10-24T00:50:59.139+0000] {processor.py:186} INFO - Started process (PID=259) to work on /opt/airflow/dags/etl_process_data.py
[2024-10-24T00:50:59.140+0000] {processor.py:914} INFO - Processing file /opt/airflow/dags/etl_process_data.py for tasks to queue
[2024-10-24T00:50:59.143+0000] {logging_mixin.py:190} INFO - [2024-10-24T00:50:59.143+0000] {dagbag.py:588} INFO - Filling up the DagBag from /opt/airflow/dags/etl_process_data.py
[2024-10-24T00:50:59.162+0000] {processor.py:925} INFO - DAG(s) 'etl_dag' retrieved from /opt/airflow/dags/etl_process_data.py
[2024-10-24T00:50:59.197+0000] {logging_mixin.py:190} INFO - [2024-10-24T00:50:59.197+0000] {dag.py:3239} INFO - Sync 1 DAGs
[2024-10-24T00:50:59.222+0000] {logging_mixin.py:190} INFO - [2024-10-24T00:50:59.222+0000] {dag.py:4180} INFO - Setting next_dagrun for etl_dag to 2024-10-24 00:00:00+00:00, run_after=2024-10-25 00:00:00+00:00
[2024-10-24T00:50:59.242+0000] {processor.py:208} INFO - Processing /opt/airflow/dags/etl_process_data.py took 0.109 seconds
[2024-10-24T00:51:29.660+0000] {processor.py:186} INFO - Started process (PID=267) to work on /opt/airflow/dags/etl_process_data.py
[2024-10-24T00:51:29.661+0000] {processor.py:914} INFO - Processing file /opt/airflow/dags/etl_process_data.py for tasks to queue
[2024-10-24T00:51:29.663+0000] {logging_mixin.py:190} INFO - [2024-10-24T00:51:29.663+0000] {dagbag.py:588} INFO - Filling up the DagBag from /opt/airflow/dags/etl_process_data.py
[2024-10-24T00:51:29.681+0000] {processor.py:925} INFO - DAG(s) 'etl_dag' retrieved from /opt/airflow/dags/etl_process_data.py
[2024-10-24T00:51:29.793+0000] {logging_mixin.py:190} INFO - [2024-10-24T00:51:29.792+0000] {dag.py:3239} INFO - Sync 1 DAGs
[2024-10-24T00:51:29.813+0000] {logging_mixin.py:190} INFO - [2024-10-24T00:51:29.812+0000] {dag.py:4180} INFO - Setting next_dagrun for etl_dag to 2024-10-24 00:00:00+00:00, run_after=2024-10-25 00:00:00+00:00
[2024-10-24T00:51:29.830+0000] {processor.py:208} INFO - Processing /opt/airflow/dags/etl_process_data.py took 0.176 seconds
[2024-10-24T00:52:00.126+0000] {processor.py:186} INFO - Started process (PID=276) to work on /opt/airflow/dags/etl_process_data.py
[2024-10-24T00:52:00.127+0000] {processor.py:914} INFO - Processing file /opt/airflow/dags/etl_process_data.py for tasks to queue
[2024-10-24T00:52:00.130+0000] {logging_mixin.py:190} INFO - [2024-10-24T00:52:00.129+0000] {dagbag.py:588} INFO - Filling up the DagBag from /opt/airflow/dags/etl_process_data.py
[2024-10-24T00:52:00.153+0000] {processor.py:925} INFO - DAG(s) 'etl_dag' retrieved from /opt/airflow/dags/etl_process_data.py
[2024-10-24T00:52:00.195+0000] {logging_mixin.py:190} INFO - [2024-10-24T00:52:00.195+0000] {dag.py:3239} INFO - Sync 1 DAGs
[2024-10-24T00:52:00.218+0000] {logging_mixin.py:190} INFO - [2024-10-24T00:52:00.217+0000] {dag.py:4180} INFO - Setting next_dagrun for etl_dag to 2024-10-24 00:00:00+00:00, run_after=2024-10-25 00:00:00+00:00
[2024-10-24T00:52:00.236+0000] {processor.py:208} INFO - Processing /opt/airflow/dags/etl_process_data.py took 0.116 seconds
[2024-10-24T00:52:30.599+0000] {processor.py:186} INFO - Started process (PID=285) to work on /opt/airflow/dags/etl_process_data.py
[2024-10-24T00:52:30.600+0000] {processor.py:914} INFO - Processing file /opt/airflow/dags/etl_process_data.py for tasks to queue
[2024-10-24T00:52:30.604+0000] {logging_mixin.py:190} INFO - [2024-10-24T00:52:30.603+0000] {dagbag.py:588} INFO - Filling up the DagBag from /opt/airflow/dags/etl_process_data.py
[2024-10-24T00:52:30.627+0000] {processor.py:925} INFO - DAG(s) 'etl_dag' retrieved from /opt/airflow/dags/etl_process_data.py
[2024-10-24T00:52:30.750+0000] {logging_mixin.py:190} INFO - [2024-10-24T00:52:30.750+0000] {dag.py:3239} INFO - Sync 1 DAGs
[2024-10-24T00:52:30.768+0000] {logging_mixin.py:190} INFO - [2024-10-24T00:52:30.767+0000] {dag.py:4180} INFO - Setting next_dagrun for etl_dag to 2024-10-24 00:00:00+00:00, run_after=2024-10-25 00:00:00+00:00
[2024-10-24T00:52:30.785+0000] {processor.py:208} INFO - Processing /opt/airflow/dags/etl_process_data.py took 0.193 seconds
[2024-10-24T00:53:01.072+0000] {processor.py:186} INFO - Started process (PID=294) to work on /opt/airflow/dags/etl_process_data.py
[2024-10-24T00:53:01.073+0000] {processor.py:914} INFO - Processing file /opt/airflow/dags/etl_process_data.py for tasks to queue
[2024-10-24T00:53:01.076+0000] {logging_mixin.py:190} INFO - [2024-10-24T00:53:01.075+0000] {dagbag.py:588} INFO - Filling up the DagBag from /opt/airflow/dags/etl_process_data.py
[2024-10-24T00:53:01.097+0000] {processor.py:925} INFO - DAG(s) 'etl_dag' retrieved from /opt/airflow/dags/etl_process_data.py
[2024-10-24T00:53:01.135+0000] {logging_mixin.py:190} INFO - [2024-10-24T00:53:01.135+0000] {dag.py:3239} INFO - Sync 1 DAGs
[2024-10-24T00:53:01.158+0000] {logging_mixin.py:190} INFO - [2024-10-24T00:53:01.158+0000] {dag.py:4180} INFO - Setting next_dagrun for etl_dag to 2024-10-24 00:00:00+00:00, run_after=2024-10-25 00:00:00+00:00
[2024-10-24T00:53:01.176+0000] {processor.py:208} INFO - Processing /opt/airflow/dags/etl_process_data.py took 0.113 seconds
