[2024-10-24T00:26:36.503+0000] {processor.py:186} INFO - Started process (PID=58) to work on /opt/airflow/dags/etl_process.py
[2024-10-24T00:26:36.505+0000] {processor.py:914} INFO - Processing file /opt/airflow/dags/etl_process.py for tasks to queue
[2024-10-24T00:26:36.509+0000] {logging_mixin.py:190} INFO - [2024-10-24T00:26:36.508+0000] {dagbag.py:588} INFO - Filling up the DagBag from /opt/airflow/dags/etl_process.py
[2024-10-24T00:26:36.564+0000] {processor.py:925} INFO - DAG(s) 'etl_dag' retrieved from /opt/airflow/dags/etl_process.py
[2024-10-24T00:26:36.694+0000] {logging_mixin.py:190} INFO - [2024-10-24T00:26:36.693+0000] {override.py:1900} INFO - Created Permission View: can delete on DAG:etl_dag
[2024-10-24T00:26:36.706+0000] {logging_mixin.py:190} INFO - [2024-10-24T00:26:36.705+0000] {override.py:1900} INFO - Created Permission View: can read on DAG:etl_dag
[2024-10-24T00:26:36.720+0000] {logging_mixin.py:190} INFO - [2024-10-24T00:26:36.718+0000] {override.py:1903} ERROR - Creation of Permission View Error: (psycopg2.errors.UniqueViolation) duplicate key value violates unique constraint "ab_permission_view_permission_id_view_menu_id_uq"
DETAIL:  Key (permission_id, view_menu_id)=(1, 54) already exists.

[SQL: INSERT INTO ab_permission_view (permission_id, view_menu_id) VALUES (%(permission_id)s, %(view_menu_id)s) RETURNING ab_permission_view.id]
[parameters: {'permission_id': 1, 'view_menu_id': 54}]
(Background on this error at: https://sqlalche.me/e/14/gkpj)
[2024-10-24T00:26:36.728+0000] {logging_mixin.py:190} INFO - [2024-10-24T00:26:36.727+0000] {override.py:1808} ERROR - Add View Menu Error: (psycopg2.errors.UniqueViolation) duplicate key value violates unique constraint "ab_view_menu_name_uq"
DETAIL:  Key (name)=(DAG Run:etl_dag) already exists.

[SQL: INSERT INTO ab_view_menu (name) VALUES (%(name)s) RETURNING ab_view_menu.id]
[parameters: {'name': 'DAG Run:etl_dag'}]
(Background on this error at: https://sqlalche.me/e/14/gkpj)
[2024-10-24T00:26:36.733+0000] {logging_mixin.py:190} INFO - [2024-10-24T00:26:36.733+0000] {override.py:1900} INFO - Created Permission View: can delete on None
[2024-10-24T00:26:36.750+0000] {logging_mixin.py:190} INFO - [2024-10-24T00:26:36.750+0000] {override.py:1903} ERROR - Creation of Permission View Error: (psycopg2.errors.UniqueViolation) duplicate key value violates unique constraint "ab_permission_view_permission_id_view_menu_id_uq"
DETAIL:  Key (permission_id, view_menu_id)=(3, 55) already exists.

[SQL: INSERT INTO ab_permission_view (permission_id, view_menu_id) VALUES (%(permission_id)s, %(view_menu_id)s) RETURNING ab_permission_view.id]
[parameters: {'permission_id': 3, 'view_menu_id': 55}]
(Background on this error at: https://sqlalche.me/e/14/gkpj)
[2024-10-24T00:26:36.765+0000] {logging_mixin.py:190} INFO - [2024-10-24T00:26:36.764+0000] {override.py:1900} INFO - Created Permission View: can read on DAG Run:etl_dag
[2024-10-24T00:26:36.777+0000] {logging_mixin.py:190} INFO - [2024-10-24T00:26:36.777+0000] {override.py:1900} INFO - Created Permission View: menu access on DAG Run:etl_dag
[2024-10-24T00:26:36.779+0000] {logging_mixin.py:190} INFO - [2024-10-24T00:26:36.778+0000] {dag.py:3239} INFO - Sync 1 DAGs
[2024-10-24T00:26:36.793+0000] {logging_mixin.py:190} INFO - [2024-10-24T00:26:36.793+0000] {dag.py:3262} INFO - Creating ORM DAG for etl_dag
[2024-10-24T00:26:36.804+0000] {logging_mixin.py:190} INFO - [2024-10-24T00:26:36.804+0000] {dag.py:4180} INFO - Setting next_dagrun for etl_dag to 2024-10-24 00:00:00+00:00, run_after=2024-10-25 00:00:00+00:00
[2024-10-24T00:26:36.986+0000] {logging_mixin.py:190} INFO - [2024-10-24T00:26:36.984+0000] {dagbag.py:698} ERROR - Failed to write serialized DAG: /opt/airflow/dags/etl_process.py
Traceback (most recent call last):
  File "/home/airflow/.local/lib/python3.12/site-packages/airflow/models/dagbag.py", line 686, in _serialize_dag_capturing_errors
    dag_was_updated = SerializedDagModel.write_dag(
                      ^^^^^^^^^^^^^^^^^^^^^^^^^^^^^
  File "/home/airflow/.local/lib/python3.12/site-packages/airflow/utils/session.py", line 94, in wrapper
    return func(*args, **kwargs)
           ^^^^^^^^^^^^^^^^^^^^^
  File "/home/airflow/.local/lib/python3.12/site-packages/airflow/models/serialized_dag.py", line 160, in write_dag
    if session.scalar(
       ^^^^^^^^^^^^^^^
  File "/home/airflow/.local/lib/python3.12/site-packages/sqlalchemy/orm/session.py", line 1747, in scalar
    return self.execute(
           ^^^^^^^^^^^^^
  File "/home/airflow/.local/lib/python3.12/site-packages/sqlalchemy/orm/session.py", line 1716, in execute
    conn = self._connection_for_bind(bind)
           ^^^^^^^^^^^^^^^^^^^^^^^^^^^^^^^
  File "/home/airflow/.local/lib/python3.12/site-packages/sqlalchemy/orm/session.py", line 1555, in _connection_for_bind
    return self._transaction._connection_for_bind(
           ^^^^^^^^^^^^^^^^^^^^^^^^^^^^^^^^^^^^^^^
  File "/home/airflow/.local/lib/python3.12/site-packages/sqlalchemy/orm/session.py", line 724, in _connection_for_bind
    self._assert_active()
  File "/home/airflow/.local/lib/python3.12/site-packages/sqlalchemy/orm/session.py", line 604, in _assert_active
    raise sa_exc.PendingRollbackError(
sqlalchemy.exc.PendingRollbackError: This Session's transaction has been rolled back due to a previous exception during flush. To begin a new transaction with this Session, first issue Session.rollback(). Original exception was: (psycopg2.errors.UniqueViolation) duplicate key value violates unique constraint "dag_pkey"
DETAIL:  Key (dag_id)=(etl_dag) already exists.

[SQL: INSERT INTO dag (dag_id, root_dag_id, is_paused, is_subdag, is_active, last_parsed_time, last_pickled, last_expired, scheduler_lock, pickle_id, fileloc, processor_subdir, owners, dag_display_name, description, default_view, schedule_interval, timetable_description, dataset_expression, max_active_tasks, max_active_runs, max_consecutive_failed_dag_runs, has_task_concurrency_limits, has_import_errors, next_dagrun, next_dagrun_data_interval_start, next_dagrun_data_interval_end, next_dagrun_create_after) VALUES (%(dag_id)s, %(root_dag_id)s, %(is_paused)s, %(is_subdag)s, %(is_active)s, %(last_parsed_time)s, %(last_pickled)s, %(last_expired)s, %(scheduler_lock)s, %(pickle_id)s, %(fileloc)s, %(processor_subdir)s, %(owners)s, %(dag_display_name)s, %(description)s, %(default_view)s, %(schedule_interval)s, %(timetable_description)s, %(dataset_expression)s, %(max_active_tasks)s, %(max_active_runs)s, %(max_consecutive_failed_dag_runs)s, %(has_task_concurrency_limits)s, %(has_import_errors)s, %(next_dagrun)s, %(next_dagrun_data_interval_start)s, %(next_dagrun_data_interval_end)s, %(next_dagrun_create_after)s)]
[parameters: {'dag_id': 'etl_dag', 'root_dag_id': None, 'is_paused': True, 'is_subdag': False, 'is_active': True, 'last_parsed_time': datetime.datetime(2024, 10, 24, 0, 26, 36, 803857, tzinfo=Timezone('UTC')), 'last_pickled': None, 'last_expired': None, 'scheduler_lock': None, 'pickle_id': None, 'fileloc': '/opt/airflow/dags/etl_process.py', 'processor_subdir': '/opt/airflow/dags', 'owners': 'milo', 'dag_display_name': None, 'description': 'etl process', 'default_view': 'grid', 'schedule_interval': '{"type": "timedelta", "attrs": {"days": 1, "seconds": 0, "microseconds": 0}}', 'timetable_description': '', 'dataset_expression': 'null', 'max_active_tasks': 16, 'max_active_runs': 16, 'max_consecutive_failed_dag_runs': 0, 'has_task_concurrency_limits': False, 'has_import_errors': False, 'next_dagrun': DateTime(2024, 10, 24, 0, 0, 0, tzinfo=Timezone('UTC')), 'next_dagrun_data_interval_start': DateTime(2024, 10, 24, 0, 0, 0, tzinfo=Timezone('UTC')), 'next_dagrun_data_interval_end': DateTime(2024, 10, 25, 0, 0, 0, tzinfo=Timezone('UTC')), 'next_dagrun_create_after': DateTime(2024, 10, 25, 0, 0, 0, tzinfo=Timezone('UTC'))}]
(Background on this error at: https://sqlalche.me/e/14/gkpj) (Background on this error at: https://sqlalche.me/e/14/7s2a)
[2024-10-24T00:26:36.987+0000] {logging_mixin.py:190} INFO - [2024-10-24T00:26:36.987+0000] {dag.py:3239} INFO - Sync 1 DAGs
[2024-10-24T00:26:36.988+0000] {processor.py:211} ERROR - Got an exception! Propagating...
Traceback (most recent call last):
  File "/home/airflow/.local/lib/python3.12/site-packages/airflow/dag_processing/processor.py", line 207, in _run_file_processor
    _handle_dag_file_processing()
  File "/home/airflow/.local/lib/python3.12/site-packages/airflow/dag_processing/processor.py", line 188, in _handle_dag_file_processing
    result: tuple[int, int, int] = dag_file_processor.process_file(
                                   ^^^^^^^^^^^^^^^^^^^^^^^^^^^^^^^^
  File "/home/airflow/.local/lib/python3.12/site-packages/airflow/utils/session.py", line 97, in wrapper
    return func(*args, session=session, **kwargs)
           ^^^^^^^^^^^^^^^^^^^^^^^^^^^^^^^^^^^^^^
  File "/home/airflow/.local/lib/python3.12/site-packages/airflow/dag_processing/processor.py", line 942, in process_file
    serialize_errors = DagFileProcessor.save_dag_to_db(
                       ^^^^^^^^^^^^^^^^^^^^^^^^^^^^^^^^
  File "/home/airflow/.local/lib/python3.12/site-packages/airflow/api_internal/internal_api_call.py", line 139, in wrapper
    return func(*args, **kwargs)
           ^^^^^^^^^^^^^^^^^^^^^
  File "/home/airflow/.local/lib/python3.12/site-packages/airflow/utils/session.py", line 97, in wrapper
    return func(*args, session=session, **kwargs)
           ^^^^^^^^^^^^^^^^^^^^^^^^^^^^^^^^^^^^^^
  File "/home/airflow/.local/lib/python3.12/site-packages/airflow/dag_processing/processor.py", line 982, in save_dag_to_db
    import_errors = DagBag._sync_to_db(dags=dags, processor_subdir=dag_directory, session=session)
                    ^^^^^^^^^^^^^^^^^^^^^^^^^^^^^^^^^^^^^^^^^^^^^^^^^^^^^^^^^^^^^^^^^^^^^^^^^^^^^^
  File "/home/airflow/.local/lib/python3.12/site-packages/airflow/utils/session.py", line 94, in wrapper
    return func(*args, **kwargs)
           ^^^^^^^^^^^^^^^^^^^^^
  File "/home/airflow/.local/lib/python3.12/site-packages/airflow/models/dagbag.py", line 708, in _sync_to_db
    for attempt in run_with_db_retries(logger=log):
                   ^^^^^^^^^^^^^^^^^^^^^^^^^^^^^^^
  File "/home/airflow/.local/lib/python3.12/site-packages/tenacity/__init__.py", line 443, in __iter__
    do = self.iter(retry_state=retry_state)
         ^^^^^^^^^^^^^^^^^^^^^^^^^^^^^^^^^^
  File "/home/airflow/.local/lib/python3.12/site-packages/tenacity/__init__.py", line 376, in iter
    result = action(retry_state)
             ^^^^^^^^^^^^^^^^^^^
  File "/home/airflow/.local/lib/python3.12/site-packages/tenacity/__init__.py", line 398, in <lambda>
    self._add_action_func(lambda rs: rs.outcome.result())
                                     ^^^^^^^^^^^^^^^^^^^
  File "/usr/local/lib/python3.12/concurrent/futures/_base.py", line 449, in result
    return self.__get_result()
           ^^^^^^^^^^^^^^^^^^^
  File "/usr/local/lib/python3.12/concurrent/futures/_base.py", line 401, in __get_result
    raise self._exception
  File "/home/airflow/.local/lib/python3.12/site-packages/airflow/models/dagbag.py", line 724, in _sync_to_db
    DAG.bulk_write_to_db(dags.values(), processor_subdir=processor_subdir, session=session)
  File "/home/airflow/.local/lib/python3.12/site-packages/airflow/utils/session.py", line 94, in wrapper
    return func(*args, **kwargs)
           ^^^^^^^^^^^^^^^^^^^^^
  File "/home/airflow/.local/lib/python3.12/site-packages/airflow/models/dag.py", line 3252, in bulk_write_to_db
    orm_dags: list[DagModel] = session.scalars(query).unique().all()
                               ^^^^^^^^^^^^^^^^^^^^^^
  File "/home/airflow/.local/lib/python3.12/site-packages/sqlalchemy/orm/session.py", line 1778, in scalars
    return self.execute(
           ^^^^^^^^^^^^^
  File "/home/airflow/.local/lib/python3.12/site-packages/sqlalchemy/orm/session.py", line 1716, in execute
    conn = self._connection_for_bind(bind)
           ^^^^^^^^^^^^^^^^^^^^^^^^^^^^^^^
  File "/home/airflow/.local/lib/python3.12/site-packages/sqlalchemy/orm/session.py", line 1555, in _connection_for_bind
    return self._transaction._connection_for_bind(
           ^^^^^^^^^^^^^^^^^^^^^^^^^^^^^^^^^^^^^^^
  File "/home/airflow/.local/lib/python3.12/site-packages/sqlalchemy/orm/session.py", line 724, in _connection_for_bind
    self._assert_active()
  File "/home/airflow/.local/lib/python3.12/site-packages/sqlalchemy/orm/session.py", line 604, in _assert_active
    raise sa_exc.PendingRollbackError(
sqlalchemy.exc.PendingRollbackError: This Session's transaction has been rolled back due to a previous exception during flush. To begin a new transaction with this Session, first issue Session.rollback(). Original exception was: (psycopg2.errors.UniqueViolation) duplicate key value violates unique constraint "dag_pkey"
DETAIL:  Key (dag_id)=(etl_dag) already exists.

[SQL: INSERT INTO dag (dag_id, root_dag_id, is_paused, is_subdag, is_active, last_parsed_time, last_pickled, last_expired, scheduler_lock, pickle_id, fileloc, processor_subdir, owners, dag_display_name, description, default_view, schedule_interval, timetable_description, dataset_expression, max_active_tasks, max_active_runs, max_consecutive_failed_dag_runs, has_task_concurrency_limits, has_import_errors, next_dagrun, next_dagrun_data_interval_start, next_dagrun_data_interval_end, next_dagrun_create_after) VALUES (%(dag_id)s, %(root_dag_id)s, %(is_paused)s, %(is_subdag)s, %(is_active)s, %(last_parsed_time)s, %(last_pickled)s, %(last_expired)s, %(scheduler_lock)s, %(pickle_id)s, %(fileloc)s, %(processor_subdir)s, %(owners)s, %(dag_display_name)s, %(description)s, %(default_view)s, %(schedule_interval)s, %(timetable_description)s, %(dataset_expression)s, %(max_active_tasks)s, %(max_active_runs)s, %(max_consecutive_failed_dag_runs)s, %(has_task_concurrency_limits)s, %(has_import_errors)s, %(next_dagrun)s, %(next_dagrun_data_interval_start)s, %(next_dagrun_data_interval_end)s, %(next_dagrun_create_after)s)]
[parameters: {'dag_id': 'etl_dag', 'root_dag_id': None, 'is_paused': True, 'is_subdag': False, 'is_active': True, 'last_parsed_time': datetime.datetime(2024, 10, 24, 0, 26, 36, 803857, tzinfo=Timezone('UTC')), 'last_pickled': None, 'last_expired': None, 'scheduler_lock': None, 'pickle_id': None, 'fileloc': '/opt/airflow/dags/etl_process.py', 'processor_subdir': '/opt/airflow/dags', 'owners': 'milo', 'dag_display_name': None, 'description': 'etl process', 'default_view': 'grid', 'schedule_interval': '{"type": "timedelta", "attrs": {"days": 1, "seconds": 0, "microseconds": 0}}', 'timetable_description': '', 'dataset_expression': 'null', 'max_active_tasks': 16, 'max_active_runs': 16, 'max_consecutive_failed_dag_runs': 0, 'has_task_concurrency_limits': False, 'has_import_errors': False, 'next_dagrun': DateTime(2024, 10, 24, 0, 0, 0, tzinfo=Timezone('UTC')), 'next_dagrun_data_interval_start': DateTime(2024, 10, 24, 0, 0, 0, tzinfo=Timezone('UTC')), 'next_dagrun_data_interval_end': DateTime(2024, 10, 25, 0, 0, 0, tzinfo=Timezone('UTC')), 'next_dagrun_create_after': DateTime(2024, 10, 25, 0, 0, 0, tzinfo=Timezone('UTC'))}]
(Background on this error at: https://sqlalche.me/e/14/gkpj) (Background on this error at: https://sqlalche.me/e/14/7s2a)
[2024-10-24T00:27:07.228+0000] {processor.py:186} INFO - Started process (PID=67) to work on /opt/airflow/dags/etl_process.py
[2024-10-24T00:27:07.229+0000] {processor.py:914} INFO - Processing file /opt/airflow/dags/etl_process.py for tasks to queue
[2024-10-24T00:27:07.232+0000] {logging_mixin.py:190} INFO - [2024-10-24T00:27:07.231+0000] {dagbag.py:588} INFO - Filling up the DagBag from /opt/airflow/dags/etl_process.py
[2024-10-24T00:27:07.255+0000] {processor.py:925} INFO - DAG(s) 'etl_dag' retrieved from /opt/airflow/dags/etl_process.py
[2024-10-24T00:27:07.277+0000] {logging_mixin.py:190} INFO - [2024-10-24T00:27:07.277+0000] {dag.py:3239} INFO - Sync 1 DAGs
[2024-10-24T00:27:07.296+0000] {logging_mixin.py:190} INFO - [2024-10-24T00:27:07.296+0000] {dag.py:4180} INFO - Setting next_dagrun for etl_dag to 2024-10-24 00:00:00+00:00, run_after=2024-10-25 00:00:00+00:00
[2024-10-24T00:27:07.317+0000] {processor.py:208} INFO - Processing /opt/airflow/dags/etl_process.py took 0.094 seconds
[2024-10-24T00:27:37.714+0000] {processor.py:186} INFO - Started process (PID=76) to work on /opt/airflow/dags/etl_process.py
[2024-10-24T00:27:37.715+0000] {processor.py:914} INFO - Processing file /opt/airflow/dags/etl_process.py for tasks to queue
[2024-10-24T00:27:37.718+0000] {logging_mixin.py:190} INFO - [2024-10-24T00:27:37.718+0000] {dagbag.py:588} INFO - Filling up the DagBag from /opt/airflow/dags/etl_process.py
[2024-10-24T00:27:37.750+0000] {processor.py:925} INFO - DAG(s) 'etl_dag' retrieved from /opt/airflow/dags/etl_process.py
[2024-10-24T00:27:37.853+0000] {logging_mixin.py:190} INFO - [2024-10-24T00:27:37.852+0000] {dag.py:3239} INFO - Sync 1 DAGs
[2024-10-24T00:27:37.875+0000] {logging_mixin.py:190} INFO - [2024-10-24T00:27:37.875+0000] {dag.py:4180} INFO - Setting next_dagrun for etl_dag to 2024-10-24 00:00:00+00:00, run_after=2024-10-25 00:00:00+00:00
[2024-10-24T00:27:38.091+0000] {processor.py:208} INFO - Processing /opt/airflow/dags/etl_process.py took 0.384 seconds
[2024-10-24T00:28:08.346+0000] {processor.py:186} INFO - Started process (PID=91) to work on /opt/airflow/dags/etl_process.py
[2024-10-24T00:28:08.347+0000] {processor.py:914} INFO - Processing file /opt/airflow/dags/etl_process.py for tasks to queue
[2024-10-24T00:28:08.349+0000] {logging_mixin.py:190} INFO - [2024-10-24T00:28:08.349+0000] {dagbag.py:588} INFO - Filling up the DagBag from /opt/airflow/dags/etl_process.py
[2024-10-24T00:28:08.370+0000] {processor.py:925} INFO - DAG(s) 'etl_dag' retrieved from /opt/airflow/dags/etl_process.py
[2024-10-24T00:28:08.378+0000] {logging_mixin.py:190} INFO - [2024-10-24T00:28:08.378+0000] {dag.py:3239} INFO - Sync 1 DAGs
[2024-10-24T00:28:08.396+0000] {logging_mixin.py:190} INFO - [2024-10-24T00:28:08.395+0000] {dag.py:4180} INFO - Setting next_dagrun for etl_dag to 2024-10-24 00:00:00+00:00, run_after=2024-10-25 00:00:00+00:00
[2024-10-24T00:28:08.411+0000] {processor.py:208} INFO - Processing /opt/airflow/dags/etl_process.py took 0.069 seconds
[2024-10-24T00:28:38.701+0000] {processor.py:186} INFO - Started process (PID=100) to work on /opt/airflow/dags/etl_process.py
[2024-10-24T00:28:38.702+0000] {processor.py:914} INFO - Processing file /opt/airflow/dags/etl_process.py for tasks to queue
[2024-10-24T00:28:38.705+0000] {logging_mixin.py:190} INFO - [2024-10-24T00:28:38.705+0000] {dagbag.py:588} INFO - Filling up the DagBag from /opt/airflow/dags/etl_process.py
[2024-10-24T00:28:38.731+0000] {processor.py:925} INFO - DAG(s) 'etl_dag' retrieved from /opt/airflow/dags/etl_process.py
[2024-10-24T00:28:38.829+0000] {logging_mixin.py:190} INFO - [2024-10-24T00:28:38.829+0000] {dag.py:3239} INFO - Sync 1 DAGs
[2024-10-24T00:28:38.974+0000] {logging_mixin.py:190} INFO - [2024-10-24T00:28:38.974+0000] {dag.py:4180} INFO - Setting next_dagrun for etl_dag to 2024-10-24 00:00:00+00:00, run_after=2024-10-25 00:00:00+00:00
[2024-10-24T00:28:39.002+0000] {processor.py:208} INFO - Processing /opt/airflow/dags/etl_process.py took 0.306 seconds
[2024-10-24T00:29:09.173+0000] {processor.py:186} INFO - Started process (PID=109) to work on /opt/airflow/dags/etl_process.py
[2024-10-24T00:29:09.174+0000] {processor.py:914} INFO - Processing file /opt/airflow/dags/etl_process.py for tasks to queue
[2024-10-24T00:29:09.177+0000] {logging_mixin.py:190} INFO - [2024-10-24T00:29:09.177+0000] {dagbag.py:588} INFO - Filling up the DagBag from /opt/airflow/dags/etl_process.py
[2024-10-24T00:29:09.203+0000] {processor.py:925} INFO - DAG(s) 'etl_dag' retrieved from /opt/airflow/dags/etl_process.py
[2024-10-24T00:29:09.229+0000] {logging_mixin.py:190} INFO - [2024-10-24T00:29:09.229+0000] {dag.py:3239} INFO - Sync 1 DAGs
[2024-10-24T00:29:09.255+0000] {logging_mixin.py:190} INFO - [2024-10-24T00:29:09.255+0000] {dag.py:4180} INFO - Setting next_dagrun for etl_dag to 2024-10-24 00:00:00+00:00, run_after=2024-10-25 00:00:00+00:00
[2024-10-24T00:29:09.275+0000] {processor.py:208} INFO - Processing /opt/airflow/dags/etl_process.py took 0.109 seconds
[2024-10-24T00:29:39.615+0000] {processor.py:186} INFO - Started process (PID=118) to work on /opt/airflow/dags/etl_process.py
[2024-10-24T00:29:39.616+0000] {processor.py:914} INFO - Processing file /opt/airflow/dags/etl_process.py for tasks to queue
[2024-10-24T00:29:39.618+0000] {logging_mixin.py:190} INFO - [2024-10-24T00:29:39.618+0000] {dagbag.py:588} INFO - Filling up the DagBag from /opt/airflow/dags/etl_process.py
[2024-10-24T00:29:39.642+0000] {processor.py:925} INFO - DAG(s) 'etl_dag' retrieved from /opt/airflow/dags/etl_process.py
[2024-10-24T00:29:39.862+0000] {logging_mixin.py:190} INFO - [2024-10-24T00:29:39.862+0000] {dag.py:3239} INFO - Sync 1 DAGs
[2024-10-24T00:29:39.878+0000] {logging_mixin.py:190} INFO - [2024-10-24T00:29:39.878+0000] {dag.py:4180} INFO - Setting next_dagrun for etl_dag to 2024-10-24 00:00:00+00:00, run_after=2024-10-25 00:00:00+00:00
[2024-10-24T00:29:39.896+0000] {processor.py:208} INFO - Processing /opt/airflow/dags/etl_process.py took 0.287 seconds
[2024-10-24T00:30:10.140+0000] {processor.py:186} INFO - Started process (PID=130) to work on /opt/airflow/dags/etl_process.py
[2024-10-24T00:30:10.141+0000] {processor.py:914} INFO - Processing file /opt/airflow/dags/etl_process.py for tasks to queue
[2024-10-24T00:30:10.144+0000] {logging_mixin.py:190} INFO - [2024-10-24T00:30:10.144+0000] {dagbag.py:588} INFO - Filling up the DagBag from /opt/airflow/dags/etl_process.py
[2024-10-24T00:30:10.167+0000] {processor.py:925} INFO - DAG(s) 'etl_dag' retrieved from /opt/airflow/dags/etl_process.py
[2024-10-24T00:30:10.190+0000] {logging_mixin.py:190} INFO - [2024-10-24T00:30:10.190+0000] {dag.py:3239} INFO - Sync 1 DAGs
[2024-10-24T00:30:10.212+0000] {logging_mixin.py:190} INFO - [2024-10-24T00:30:10.212+0000] {dag.py:4180} INFO - Setting next_dagrun for etl_dag to 2024-10-24 00:00:00+00:00, run_after=2024-10-25 00:00:00+00:00
[2024-10-24T00:30:10.231+0000] {processor.py:208} INFO - Processing /opt/airflow/dags/etl_process.py took 0.095 seconds
[2024-10-24T00:30:40.709+0000] {processor.py:186} INFO - Started process (PID=141) to work on /opt/airflow/dags/etl_process.py
[2024-10-24T00:30:40.709+0000] {processor.py:914} INFO - Processing file /opt/airflow/dags/etl_process.py for tasks to queue
[2024-10-24T00:30:40.711+0000] {logging_mixin.py:190} INFO - [2024-10-24T00:30:40.711+0000] {dagbag.py:588} INFO - Filling up the DagBag from /opt/airflow/dags/etl_process.py
[2024-10-24T00:30:40.739+0000] {processor.py:925} INFO - DAG(s) 'etl_dag' retrieved from /opt/airflow/dags/etl_process.py
[2024-10-24T00:30:40.962+0000] {logging_mixin.py:190} INFO - [2024-10-24T00:30:40.962+0000] {dag.py:3239} INFO - Sync 1 DAGs
[2024-10-24T00:30:40.978+0000] {logging_mixin.py:190} INFO - [2024-10-24T00:30:40.978+0000] {dag.py:4180} INFO - Setting next_dagrun for etl_dag to 2024-10-24 00:00:00+00:00, run_after=2024-10-25 00:00:00+00:00
[2024-10-24T00:30:40.996+0000] {processor.py:208} INFO - Processing /opt/airflow/dags/etl_process.py took 0.291 seconds
[2024-10-24T00:31:11.383+0000] {processor.py:186} INFO - Started process (PID=152) to work on /opt/airflow/dags/etl_process.py
[2024-10-24T00:31:11.384+0000] {processor.py:914} INFO - Processing file /opt/airflow/dags/etl_process.py for tasks to queue
[2024-10-24T00:31:11.386+0000] {logging_mixin.py:190} INFO - [2024-10-24T00:31:11.386+0000] {dagbag.py:588} INFO - Filling up the DagBag from /opt/airflow/dags/etl_process.py
[2024-10-24T00:31:11.410+0000] {processor.py:925} INFO - DAG(s) 'etl_dag' retrieved from /opt/airflow/dags/etl_process.py
[2024-10-24T00:31:11.431+0000] {logging_mixin.py:190} INFO - [2024-10-24T00:31:11.431+0000] {dag.py:3239} INFO - Sync 1 DAGs
[2024-10-24T00:31:11.571+0000] {logging_mixin.py:190} INFO - [2024-10-24T00:31:11.570+0000] {dag.py:4180} INFO - Setting next_dagrun for etl_dag to 2024-10-24 00:00:00+00:00, run_after=2024-10-25 00:00:00+00:00
[2024-10-24T00:31:11.588+0000] {processor.py:208} INFO - Processing /opt/airflow/dags/etl_process.py took 0.210 seconds
[2024-10-24T00:31:41.960+0000] {processor.py:186} INFO - Started process (PID=161) to work on /opt/airflow/dags/etl_process.py
[2024-10-24T00:31:41.961+0000] {processor.py:914} INFO - Processing file /opt/airflow/dags/etl_process.py for tasks to queue
[2024-10-24T00:31:41.963+0000] {logging_mixin.py:190} INFO - [2024-10-24T00:31:41.963+0000] {dagbag.py:588} INFO - Filling up the DagBag from /opt/airflow/dags/etl_process.py
[2024-10-24T00:31:41.987+0000] {processor.py:925} INFO - DAG(s) 'etl_dag' retrieved from /opt/airflow/dags/etl_process.py
[2024-10-24T00:31:42.237+0000] {logging_mixin.py:190} INFO - [2024-10-24T00:31:42.236+0000] {dag.py:3239} INFO - Sync 1 DAGs
[2024-10-24T00:31:42.254+0000] {logging_mixin.py:190} INFO - [2024-10-24T00:31:42.254+0000] {dag.py:4180} INFO - Setting next_dagrun for etl_dag to 2024-10-24 00:00:00+00:00, run_after=2024-10-25 00:00:00+00:00
[2024-10-24T00:31:42.274+0000] {processor.py:208} INFO - Processing /opt/airflow/dags/etl_process.py took 0.319 seconds
[2024-10-24T00:32:12.689+0000] {processor.py:186} INFO - Started process (PID=173) to work on /opt/airflow/dags/etl_process.py
[2024-10-24T00:32:12.690+0000] {processor.py:914} INFO - Processing file /opt/airflow/dags/etl_process.py for tasks to queue
[2024-10-24T00:32:12.692+0000] {logging_mixin.py:190} INFO - [2024-10-24T00:32:12.692+0000] {dagbag.py:588} INFO - Filling up the DagBag from /opt/airflow/dags/etl_process.py
[2024-10-24T00:32:12.851+0000] {processor.py:925} INFO - DAG(s) 'etl_dag' retrieved from /opt/airflow/dags/etl_process.py
[2024-10-24T00:32:12.872+0000] {logging_mixin.py:190} INFO - [2024-10-24T00:32:12.872+0000] {dag.py:3239} INFO - Sync 1 DAGs
[2024-10-24T00:32:12.892+0000] {logging_mixin.py:190} INFO - [2024-10-24T00:32:12.891+0000] {dag.py:4180} INFO - Setting next_dagrun for etl_dag to 2024-10-24 00:00:00+00:00, run_after=2024-10-25 00:00:00+00:00
[2024-10-24T00:32:12.907+0000] {processor.py:208} INFO - Processing /opt/airflow/dags/etl_process.py took 0.222 seconds
[2024-10-24T00:32:43.347+0000] {processor.py:186} INFO - Started process (PID=182) to work on /opt/airflow/dags/etl_process.py
[2024-10-24T00:32:43.348+0000] {processor.py:914} INFO - Processing file /opt/airflow/dags/etl_process.py for tasks to queue
[2024-10-24T00:32:43.349+0000] {logging_mixin.py:190} INFO - [2024-10-24T00:32:43.349+0000] {dagbag.py:588} INFO - Filling up the DagBag from /opt/airflow/dags/etl_process.py
[2024-10-24T00:32:43.373+0000] {processor.py:925} INFO - DAG(s) 'etl_dag' retrieved from /opt/airflow/dags/etl_process.py
[2024-10-24T00:32:43.463+0000] {logging_mixin.py:190} INFO - [2024-10-24T00:32:43.463+0000] {dag.py:3239} INFO - Sync 1 DAGs
[2024-10-24T00:32:43.481+0000] {logging_mixin.py:190} INFO - [2024-10-24T00:32:43.481+0000] {dag.py:4180} INFO - Setting next_dagrun for etl_dag to 2024-10-24 00:00:00+00:00, run_after=2024-10-25 00:00:00+00:00
[2024-10-24T00:32:43.497+0000] {processor.py:208} INFO - Processing /opt/airflow/dags/etl_process.py took 0.155 seconds
[2024-10-24T00:33:13.884+0000] {processor.py:186} INFO - Started process (PID=191) to work on /opt/airflow/dags/etl_process.py
[2024-10-24T00:33:13.885+0000] {processor.py:914} INFO - Processing file /opt/airflow/dags/etl_process.py for tasks to queue
[2024-10-24T00:33:13.887+0000] {logging_mixin.py:190} INFO - [2024-10-24T00:33:13.886+0000] {dagbag.py:588} INFO - Filling up the DagBag from /opt/airflow/dags/etl_process.py
[2024-10-24T00:33:13.910+0000] {processor.py:925} INFO - DAG(s) 'etl_dag' retrieved from /opt/airflow/dags/etl_process.py
[2024-10-24T00:33:13.931+0000] {logging_mixin.py:190} INFO - [2024-10-24T00:33:13.931+0000] {dag.py:3239} INFO - Sync 1 DAGs
[2024-10-24T00:33:13.949+0000] {logging_mixin.py:190} INFO - [2024-10-24T00:33:13.949+0000] {dag.py:4180} INFO - Setting next_dagrun for etl_dag to 2024-10-24 00:00:00+00:00, run_after=2024-10-25 00:00:00+00:00
[2024-10-24T00:33:13.967+0000] {processor.py:208} INFO - Processing /opt/airflow/dags/etl_process.py took 0.087 seconds
[2024-10-24T00:33:44.281+0000] {processor.py:186} INFO - Started process (PID=200) to work on /opt/airflow/dags/etl_process.py
[2024-10-24T00:33:44.281+0000] {processor.py:914} INFO - Processing file /opt/airflow/dags/etl_process.py for tasks to queue
[2024-10-24T00:33:44.285+0000] {logging_mixin.py:190} INFO - [2024-10-24T00:33:44.285+0000] {dagbag.py:588} INFO - Filling up the DagBag from /opt/airflow/dags/etl_process.py
[2024-10-24T00:33:44.312+0000] {processor.py:925} INFO - DAG(s) 'etl_dag' retrieved from /opt/airflow/dags/etl_process.py
[2024-10-24T00:33:44.420+0000] {logging_mixin.py:190} INFO - [2024-10-24T00:33:44.419+0000] {dag.py:3239} INFO - Sync 1 DAGs
[2024-10-24T00:33:44.440+0000] {logging_mixin.py:190} INFO - [2024-10-24T00:33:44.439+0000] {dag.py:4180} INFO - Setting next_dagrun for etl_dag to 2024-10-24 00:00:00+00:00, run_after=2024-10-25 00:00:00+00:00
[2024-10-24T00:33:44.460+0000] {processor.py:208} INFO - Processing /opt/airflow/dags/etl_process.py took 0.184 seconds
[2024-10-24T00:41:18.219+0000] {processor.py:186} INFO - Started process (PID=53) to work on /opt/airflow/dags/etl_process.py
[2024-10-24T00:41:18.221+0000] {processor.py:914} INFO - Processing file /opt/airflow/dags/etl_process.py for tasks to queue
[2024-10-24T00:41:18.225+0000] {logging_mixin.py:190} INFO - [2024-10-24T00:41:18.224+0000] {dagbag.py:588} INFO - Filling up the DagBag from /opt/airflow/dags/etl_process.py
[2024-10-24T00:41:18.257+0000] {processor.py:925} INFO - DAG(s) 'etl_dag' retrieved from /opt/airflow/dags/etl_process.py
[2024-10-24T00:41:18.302+0000] {logging_mixin.py:190} INFO - [2024-10-24T00:41:18.302+0000] {dag.py:3239} INFO - Sync 1 DAGs
[2024-10-24T00:41:18.330+0000] {logging_mixin.py:190} INFO - [2024-10-24T00:41:18.330+0000] {dag.py:4180} INFO - Setting next_dagrun for etl_dag to 2024-10-24 00:00:00+00:00, run_after=2024-10-25 00:00:00+00:00
[2024-10-24T00:41:18.363+0000] {processor.py:208} INFO - Processing /opt/airflow/dags/etl_process.py took 0.150 seconds
[2024-10-24T00:41:48.723+0000] {processor.py:186} INFO - Started process (PID=62) to work on /opt/airflow/dags/etl_process.py
[2024-10-24T00:41:48.724+0000] {processor.py:914} INFO - Processing file /opt/airflow/dags/etl_process.py for tasks to queue
[2024-10-24T00:41:48.728+0000] {logging_mixin.py:190} INFO - [2024-10-24T00:41:48.728+0000] {dagbag.py:588} INFO - Filling up the DagBag from /opt/airflow/dags/etl_process.py
[2024-10-24T00:41:48.748+0000] {processor.py:925} INFO - DAG(s) 'etl_dag' retrieved from /opt/airflow/dags/etl_process.py
[2024-10-24T00:41:48.970+0000] {logging_mixin.py:190} INFO - [2024-10-24T00:41:48.970+0000] {dag.py:3239} INFO - Sync 1 DAGs
[2024-10-24T00:41:48.985+0000] {logging_mixin.py:190} INFO - [2024-10-24T00:41:48.985+0000] {dag.py:4180} INFO - Setting next_dagrun for etl_dag to 2024-10-24 00:00:00+00:00, run_after=2024-10-25 00:00:00+00:00
[2024-10-24T00:41:49.004+0000] {processor.py:208} INFO - Processing /opt/airflow/dags/etl_process.py took 0.286 seconds
[2024-10-24T00:42:19.163+0000] {processor.py:186} INFO - Started process (PID=74) to work on /opt/airflow/dags/etl_process.py
[2024-10-24T00:42:19.164+0000] {processor.py:914} INFO - Processing file /opt/airflow/dags/etl_process.py for tasks to queue
[2024-10-24T00:42:19.167+0000] {logging_mixin.py:190} INFO - [2024-10-24T00:42:19.166+0000] {dagbag.py:588} INFO - Filling up the DagBag from /opt/airflow/dags/etl_process.py
[2024-10-24T00:42:19.189+0000] {processor.py:925} INFO - DAG(s) 'etl_dag' retrieved from /opt/airflow/dags/etl_process.py
[2024-10-24T00:42:19.226+0000] {logging_mixin.py:190} INFO - [2024-10-24T00:42:19.226+0000] {dag.py:3239} INFO - Sync 1 DAGs
[2024-10-24T00:42:19.259+0000] {logging_mixin.py:190} INFO - [2024-10-24T00:42:19.259+0000] {dag.py:4180} INFO - Setting next_dagrun for etl_dag to 2024-10-24 00:00:00+00:00, run_after=2024-10-25 00:00:00+00:00
[2024-10-24T00:42:19.284+0000] {processor.py:208} INFO - Processing /opt/airflow/dags/etl_process.py took 0.128 seconds
[2024-10-24T00:42:49.738+0000] {processor.py:186} INFO - Started process (PID=85) to work on /opt/airflow/dags/etl_process.py
[2024-10-24T00:42:49.739+0000] {processor.py:914} INFO - Processing file /opt/airflow/dags/etl_process.py for tasks to queue
[2024-10-24T00:42:49.742+0000] {logging_mixin.py:190} INFO - [2024-10-24T00:42:49.742+0000] {dagbag.py:588} INFO - Filling up the DagBag from /opt/airflow/dags/etl_process.py
[2024-10-24T00:42:49.766+0000] {processor.py:925} INFO - DAG(s) 'etl_dag' retrieved from /opt/airflow/dags/etl_process.py
[2024-10-24T00:42:50.109+0000] {logging_mixin.py:190} INFO - [2024-10-24T00:42:50.109+0000] {dag.py:3239} INFO - Sync 1 DAGs
[2024-10-24T00:42:50.127+0000] {logging_mixin.py:190} INFO - [2024-10-24T00:42:50.127+0000] {dag.py:4180} INFO - Setting next_dagrun for etl_dag to 2024-10-24 00:00:00+00:00, run_after=2024-10-25 00:00:00+00:00
[2024-10-24T00:42:50.144+0000] {processor.py:208} INFO - Processing /opt/airflow/dags/etl_process.py took 0.411 seconds
[2024-10-24T00:43:20.593+0000] {processor.py:186} INFO - Started process (PID=103) to work on /opt/airflow/dags/etl_process.py
[2024-10-24T00:43:20.593+0000] {processor.py:914} INFO - Processing file /opt/airflow/dags/etl_process.py for tasks to queue
[2024-10-24T00:43:20.596+0000] {logging_mixin.py:190} INFO - [2024-10-24T00:43:20.595+0000] {dagbag.py:588} INFO - Filling up the DagBag from /opt/airflow/dags/etl_process.py
[2024-10-24T00:43:20.613+0000] {processor.py:925} INFO - DAG(s) 'etl_dag' retrieved from /opt/airflow/dags/etl_process.py
[2024-10-24T00:43:20.644+0000] {logging_mixin.py:190} INFO - [2024-10-24T00:43:20.644+0000] {dag.py:3239} INFO - Sync 1 DAGs
[2024-10-24T00:43:20.864+0000] {logging_mixin.py:190} INFO - [2024-10-24T00:43:20.864+0000] {dag.py:4180} INFO - Setting next_dagrun for etl_dag to 2024-10-24 00:00:00+00:00, run_after=2024-10-25 00:00:00+00:00
[2024-10-24T00:43:20.893+0000] {processor.py:208} INFO - Processing /opt/airflow/dags/etl_process.py took 0.305 seconds
[2024-10-24T00:43:51.411+0000] {processor.py:186} INFO - Started process (PID=116) to work on /opt/airflow/dags/etl_process.py
[2024-10-24T00:43:51.412+0000] {processor.py:914} INFO - Processing file /opt/airflow/dags/etl_process.py for tasks to queue
[2024-10-24T00:43:51.414+0000] {logging_mixin.py:190} INFO - [2024-10-24T00:43:51.413+0000] {dagbag.py:588} INFO - Filling up the DagBag from /opt/airflow/dags/etl_process.py
[2024-10-24T00:43:51.436+0000] {processor.py:925} INFO - DAG(s) 'etl_dag' retrieved from /opt/airflow/dags/etl_process.py
[2024-10-24T00:43:51.682+0000] {logging_mixin.py:190} INFO - [2024-10-24T00:43:51.681+0000] {dag.py:3239} INFO - Sync 1 DAGs
[2024-10-24T00:43:51.698+0000] {logging_mixin.py:190} INFO - [2024-10-24T00:43:51.698+0000] {dag.py:4180} INFO - Setting next_dagrun for etl_dag to 2024-10-24 00:00:00+00:00, run_after=2024-10-25 00:00:00+00:00
[2024-10-24T00:43:51.715+0000] {processor.py:208} INFO - Processing /opt/airflow/dags/etl_process.py took 0.309 seconds
[2024-10-24T00:44:22.212+0000] {processor.py:186} INFO - Started process (PID=130) to work on /opt/airflow/dags/etl_process.py
[2024-10-24T00:44:22.212+0000] {processor.py:914} INFO - Processing file /opt/airflow/dags/etl_process.py for tasks to queue
[2024-10-24T00:44:22.214+0000] {logging_mixin.py:190} INFO - [2024-10-24T00:44:22.214+0000] {dagbag.py:588} INFO - Filling up the DagBag from /opt/airflow/dags/etl_process.py
[2024-10-24T00:44:22.231+0000] {processor.py:925} INFO - DAG(s) 'etl_dag' retrieved from /opt/airflow/dags/etl_process.py
[2024-10-24T00:44:22.382+0000] {logging_mixin.py:190} INFO - [2024-10-24T00:44:22.382+0000] {dag.py:3239} INFO - Sync 1 DAGs
[2024-10-24T00:44:22.401+0000] {logging_mixin.py:190} INFO - [2024-10-24T00:44:22.401+0000] {dag.py:4180} INFO - Setting next_dagrun for etl_dag to 2024-10-24 00:00:00+00:00, run_after=2024-10-25 00:00:00+00:00
[2024-10-24T00:44:22.420+0000] {processor.py:208} INFO - Processing /opt/airflow/dags/etl_process.py took 0.213 seconds
[2024-10-24T00:44:52.972+0000] {processor.py:186} INFO - Started process (PID=140) to work on /opt/airflow/dags/etl_process.py
[2024-10-24T00:44:52.973+0000] {processor.py:914} INFO - Processing file /opt/airflow/dags/etl_process.py for tasks to queue
[2024-10-24T00:44:52.977+0000] {logging_mixin.py:190} INFO - [2024-10-24T00:44:52.977+0000] {dagbag.py:588} INFO - Filling up the DagBag from /opt/airflow/dags/etl_process.py
[2024-10-24T00:44:53.007+0000] {processor.py:925} INFO - DAG(s) 'etl_dag' retrieved from /opt/airflow/dags/etl_process.py
[2024-10-24T00:44:53.160+0000] {logging_mixin.py:190} INFO - [2024-10-24T00:44:53.159+0000] {dag.py:3239} INFO - Sync 1 DAGs
[2024-10-24T00:44:53.182+0000] {logging_mixin.py:190} INFO - [2024-10-24T00:44:53.182+0000] {dag.py:4180} INFO - Setting next_dagrun for etl_dag to 2024-10-24 00:00:00+00:00, run_after=2024-10-25 00:00:00+00:00
[2024-10-24T00:44:53.206+0000] {processor.py:208} INFO - Processing /opt/airflow/dags/etl_process.py took 0.244 seconds
[2024-10-24T00:45:23.455+0000] {processor.py:186} INFO - Started process (PID=149) to work on /opt/airflow/dags/etl_process.py
[2024-10-24T00:45:23.456+0000] {processor.py:914} INFO - Processing file /opt/airflow/dags/etl_process.py for tasks to queue
[2024-10-24T00:45:23.458+0000] {logging_mixin.py:190} INFO - [2024-10-24T00:45:23.458+0000] {dagbag.py:588} INFO - Filling up the DagBag from /opt/airflow/dags/etl_process.py
[2024-10-24T00:45:23.480+0000] {processor.py:925} INFO - DAG(s) 'etl_dag' retrieved from /opt/airflow/dags/etl_process.py
[2024-10-24T00:45:23.514+0000] {logging_mixin.py:190} INFO - [2024-10-24T00:45:23.514+0000] {dag.py:3239} INFO - Sync 1 DAGs
[2024-10-24T00:45:23.536+0000] {logging_mixin.py:190} INFO - [2024-10-24T00:45:23.536+0000] {dag.py:4180} INFO - Setting next_dagrun for etl_dag to 2024-10-24 00:00:00+00:00, run_after=2024-10-25 00:00:00+00:00
[2024-10-24T00:45:23.553+0000] {processor.py:208} INFO - Processing /opt/airflow/dags/etl_process.py took 0.102 seconds
[2024-10-24T00:45:53.987+0000] {processor.py:186} INFO - Started process (PID=160) to work on /opt/airflow/dags/etl_process.py
[2024-10-24T00:45:53.988+0000] {processor.py:914} INFO - Processing file /opt/airflow/dags/etl_process.py for tasks to queue
[2024-10-24T00:45:53.990+0000] {logging_mixin.py:190} INFO - [2024-10-24T00:45:53.990+0000] {dagbag.py:588} INFO - Filling up the DagBag from /opt/airflow/dags/etl_process.py
[2024-10-24T00:45:54.006+0000] {processor.py:925} INFO - DAG(s) 'etl_dag' retrieved from /opt/airflow/dags/etl_process.py
[2024-10-24T00:45:54.104+0000] {logging_mixin.py:190} INFO - [2024-10-24T00:45:54.104+0000] {dag.py:3239} INFO - Sync 1 DAGs
[2024-10-24T00:45:54.122+0000] {logging_mixin.py:190} INFO - [2024-10-24T00:45:54.122+0000] {dag.py:4180} INFO - Setting next_dagrun for etl_dag to 2024-10-24 00:00:00+00:00, run_after=2024-10-25 00:00:00+00:00
[2024-10-24T00:45:54.138+0000] {processor.py:208} INFO - Processing /opt/airflow/dags/etl_process.py took 0.156 seconds
[2024-10-24T00:46:24.502+0000] {processor.py:186} INFO - Started process (PID=169) to work on /opt/airflow/dags/etl_process.py
[2024-10-24T00:46:24.502+0000] {processor.py:914} INFO - Processing file /opt/airflow/dags/etl_process.py for tasks to queue
[2024-10-24T00:46:24.505+0000] {logging_mixin.py:190} INFO - [2024-10-24T00:46:24.505+0000] {dagbag.py:588} INFO - Filling up the DagBag from /opt/airflow/dags/etl_process.py
[2024-10-24T00:46:24.521+0000] {processor.py:925} INFO - DAG(s) 'etl_dag' retrieved from /opt/airflow/dags/etl_process.py
[2024-10-24T00:46:24.549+0000] {logging_mixin.py:190} INFO - [2024-10-24T00:46:24.549+0000] {dag.py:3239} INFO - Sync 1 DAGs
[2024-10-24T00:46:24.569+0000] {logging_mixin.py:190} INFO - [2024-10-24T00:46:24.569+0000] {dag.py:4180} INFO - Setting next_dagrun for etl_dag to 2024-10-24 00:00:00+00:00, run_after=2024-10-25 00:00:00+00:00
[2024-10-24T00:46:24.587+0000] {processor.py:208} INFO - Processing /opt/airflow/dags/etl_process.py took 0.090 seconds
[2024-10-24T00:46:54.972+0000] {processor.py:186} INFO - Started process (PID=179) to work on /opt/airflow/dags/etl_process.py
[2024-10-24T00:46:54.973+0000] {processor.py:914} INFO - Processing file /opt/airflow/dags/etl_process.py for tasks to queue
[2024-10-24T00:46:54.975+0000] {logging_mixin.py:190} INFO - [2024-10-24T00:46:54.975+0000] {dagbag.py:588} INFO - Filling up the DagBag from /opt/airflow/dags/etl_process.py
[2024-10-24T00:46:54.998+0000] {processor.py:925} INFO - DAG(s) 'etl_dag' retrieved from /opt/airflow/dags/etl_process.py
[2024-10-24T00:46:55.115+0000] {logging_mixin.py:190} INFO - [2024-10-24T00:46:55.115+0000] {dag.py:3239} INFO - Sync 1 DAGs
[2024-10-24T00:46:55.138+0000] {logging_mixin.py:190} INFO - [2024-10-24T00:46:55.137+0000] {dag.py:4180} INFO - Setting next_dagrun for etl_dag to 2024-10-24 00:00:00+00:00, run_after=2024-10-25 00:00:00+00:00
[2024-10-24T00:46:55.156+0000] {processor.py:208} INFO - Processing /opt/airflow/dags/etl_process.py took 0.191 seconds
[2024-10-24T00:47:25.691+0000] {processor.py:186} INFO - Started process (PID=194) to work on /opt/airflow/dags/etl_process.py
[2024-10-24T00:47:25.692+0000] {processor.py:914} INFO - Processing file /opt/airflow/dags/etl_process.py for tasks to queue
[2024-10-24T00:47:25.695+0000] {logging_mixin.py:190} INFO - [2024-10-24T00:47:25.694+0000] {dagbag.py:588} INFO - Filling up the DagBag from /opt/airflow/dags/etl_process.py
[2024-10-24T00:47:25.711+0000] {processor.py:925} INFO - DAG(s) 'etl_dag' retrieved from /opt/airflow/dags/etl_process.py
[2024-10-24T00:47:25.740+0000] {logging_mixin.py:190} INFO - [2024-10-24T00:47:25.739+0000] {dag.py:3239} INFO - Sync 1 DAGs
[2024-10-24T00:47:25.759+0000] {logging_mixin.py:190} INFO - [2024-10-24T00:47:25.759+0000] {dag.py:4180} INFO - Setting next_dagrun for etl_dag to 2024-10-24 00:00:00+00:00, run_after=2024-10-25 00:00:00+00:00
[2024-10-24T00:47:25.775+0000] {processor.py:208} INFO - Processing /opt/airflow/dags/etl_process.py took 0.089 seconds
[2024-10-24T00:47:56.255+0000] {processor.py:186} INFO - Started process (PID=206) to work on /opt/airflow/dags/etl_process.py
[2024-10-24T00:47:56.256+0000] {processor.py:914} INFO - Processing file /opt/airflow/dags/etl_process.py for tasks to queue
[2024-10-24T00:47:56.259+0000] {logging_mixin.py:190} INFO - [2024-10-24T00:47:56.258+0000] {dagbag.py:588} INFO - Filling up the DagBag from /opt/airflow/dags/etl_process.py
[2024-10-24T00:47:56.277+0000] {processor.py:925} INFO - DAG(s) 'etl_dag' retrieved from /opt/airflow/dags/etl_process.py
[2024-10-24T00:47:56.379+0000] {logging_mixin.py:190} INFO - [2024-10-24T00:47:56.379+0000] {dag.py:3239} INFO - Sync 1 DAGs
[2024-10-24T00:47:56.397+0000] {logging_mixin.py:190} INFO - [2024-10-24T00:47:56.397+0000] {dag.py:4180} INFO - Setting next_dagrun for etl_dag to 2024-10-24 00:00:00+00:00, run_after=2024-10-25 00:00:00+00:00
[2024-10-24T00:47:56.415+0000] {processor.py:208} INFO - Processing /opt/airflow/dags/etl_process.py took 0.166 seconds
[2024-10-24T00:48:26.706+0000] {processor.py:186} INFO - Started process (PID=215) to work on /opt/airflow/dags/etl_process.py
[2024-10-24T00:48:26.706+0000] {processor.py:914} INFO - Processing file /opt/airflow/dags/etl_process.py for tasks to queue
[2024-10-24T00:48:26.709+0000] {logging_mixin.py:190} INFO - [2024-10-24T00:48:26.708+0000] {dagbag.py:588} INFO - Filling up the DagBag from /opt/airflow/dags/etl_process.py
[2024-10-24T00:48:26.727+0000] {processor.py:925} INFO - DAG(s) 'etl_dag' retrieved from /opt/airflow/dags/etl_process.py
[2024-10-24T00:48:26.758+0000] {logging_mixin.py:190} INFO - [2024-10-24T00:48:26.757+0000] {dag.py:3239} INFO - Sync 1 DAGs
[2024-10-24T00:48:26.779+0000] {logging_mixin.py:190} INFO - [2024-10-24T00:48:26.778+0000] {dag.py:4180} INFO - Setting next_dagrun for etl_dag to 2024-10-24 00:00:00+00:00, run_after=2024-10-25 00:00:00+00:00
[2024-10-24T00:48:26.796+0000] {processor.py:208} INFO - Processing /opt/airflow/dags/etl_process.py took 0.097 seconds
[2024-10-24T00:48:57.213+0000] {processor.py:186} INFO - Started process (PID=224) to work on /opt/airflow/dags/etl_process.py
[2024-10-24T00:48:57.214+0000] {processor.py:914} INFO - Processing file /opt/airflow/dags/etl_process.py for tasks to queue
[2024-10-24T00:48:57.216+0000] {logging_mixin.py:190} INFO - [2024-10-24T00:48:57.215+0000] {dagbag.py:588} INFO - Filling up the DagBag from /opt/airflow/dags/etl_process.py
[2024-10-24T00:48:57.231+0000] {processor.py:925} INFO - DAG(s) 'etl_dag' retrieved from /opt/airflow/dags/etl_process.py
[2024-10-24T00:48:57.332+0000] {logging_mixin.py:190} INFO - [2024-10-24T00:48:57.332+0000] {dag.py:3239} INFO - Sync 1 DAGs
[2024-10-24T00:48:57.350+0000] {logging_mixin.py:190} INFO - [2024-10-24T00:48:57.349+0000] {dag.py:4180} INFO - Setting next_dagrun for etl_dag to 2024-10-24 00:00:00+00:00, run_after=2024-10-25 00:00:00+00:00
[2024-10-24T00:48:57.370+0000] {processor.py:208} INFO - Processing /opt/airflow/dags/etl_process.py took 0.161 seconds
[2024-10-24T00:49:27.689+0000] {processor.py:186} INFO - Started process (PID=233) to work on /opt/airflow/dags/etl_process.py
[2024-10-24T00:49:27.690+0000] {processor.py:914} INFO - Processing file /opt/airflow/dags/etl_process.py for tasks to queue
[2024-10-24T00:49:27.692+0000] {logging_mixin.py:190} INFO - [2024-10-24T00:49:27.692+0000] {dagbag.py:588} INFO - Filling up the DagBag from /opt/airflow/dags/etl_process.py
[2024-10-24T00:49:27.711+0000] {processor.py:925} INFO - DAG(s) 'etl_dag' retrieved from /opt/airflow/dags/etl_process.py
[2024-10-24T00:49:27.744+0000] {logging_mixin.py:190} INFO - [2024-10-24T00:49:27.744+0000] {dag.py:3239} INFO - Sync 1 DAGs
[2024-10-24T00:49:27.766+0000] {logging_mixin.py:190} INFO - [2024-10-24T00:49:27.766+0000] {dag.py:4180} INFO - Setting next_dagrun for etl_dag to 2024-10-24 00:00:00+00:00, run_after=2024-10-25 00:00:00+00:00
[2024-10-24T00:49:27.789+0000] {processor.py:208} INFO - Processing /opt/airflow/dags/etl_process.py took 0.105 seconds
[2024-10-24T00:49:58.168+0000] {processor.py:186} INFO - Started process (PID=242) to work on /opt/airflow/dags/etl_process.py
[2024-10-24T00:49:58.168+0000] {processor.py:914} INFO - Processing file /opt/airflow/dags/etl_process.py for tasks to queue
[2024-10-24T00:49:58.171+0000] {logging_mixin.py:190} INFO - [2024-10-24T00:49:58.171+0000] {dagbag.py:588} INFO - Filling up the DagBag from /opt/airflow/dags/etl_process.py
[2024-10-24T00:49:58.193+0000] {processor.py:925} INFO - DAG(s) 'etl_dag' retrieved from /opt/airflow/dags/etl_process.py
[2024-10-24T00:49:58.319+0000] {logging_mixin.py:190} INFO - [2024-10-24T00:49:58.318+0000] {dag.py:3239} INFO - Sync 1 DAGs
[2024-10-24T00:49:58.338+0000] {logging_mixin.py:190} INFO - [2024-10-24T00:49:58.337+0000] {dag.py:4180} INFO - Setting next_dagrun for etl_dag to 2024-10-24 00:00:00+00:00, run_after=2024-10-25 00:00:00+00:00
[2024-10-24T00:49:58.360+0000] {processor.py:208} INFO - Processing /opt/airflow/dags/etl_process.py took 0.198 seconds
[2024-10-24T00:50:28.658+0000] {processor.py:186} INFO - Started process (PID=251) to work on /opt/airflow/dags/etl_process.py
[2024-10-24T00:50:28.658+0000] {processor.py:914} INFO - Processing file /opt/airflow/dags/etl_process.py for tasks to queue
[2024-10-24T00:50:28.661+0000] {logging_mixin.py:190} INFO - [2024-10-24T00:50:28.660+0000] {dagbag.py:588} INFO - Filling up the DagBag from /opt/airflow/dags/etl_process.py
[2024-10-24T00:50:28.681+0000] {processor.py:925} INFO - DAG(s) 'etl_dag' retrieved from /opt/airflow/dags/etl_process.py
[2024-10-24T00:50:28.713+0000] {logging_mixin.py:190} INFO - [2024-10-24T00:50:28.713+0000] {dag.py:3239} INFO - Sync 1 DAGs
[2024-10-24T00:50:28.738+0000] {logging_mixin.py:190} INFO - [2024-10-24T00:50:28.737+0000] {dag.py:4180} INFO - Setting next_dagrun for etl_dag to 2024-10-24 00:00:00+00:00, run_after=2024-10-25 00:00:00+00:00
[2024-10-24T00:50:28.755+0000] {processor.py:208} INFO - Processing /opt/airflow/dags/etl_process.py took 0.101 seconds
[2024-10-24T00:50:59.144+0000] {processor.py:186} INFO - Started process (PID=260) to work on /opt/airflow/dags/etl_process.py
[2024-10-24T00:50:59.144+0000] {processor.py:914} INFO - Processing file /opt/airflow/dags/etl_process.py for tasks to queue
[2024-10-24T00:50:59.148+0000] {logging_mixin.py:190} INFO - [2024-10-24T00:50:59.148+0000] {dagbag.py:588} INFO - Filling up the DagBag from /opt/airflow/dags/etl_process.py
[2024-10-24T00:50:59.168+0000] {processor.py:925} INFO - DAG(s) 'etl_dag' retrieved from /opt/airflow/dags/etl_process.py
[2024-10-24T00:50:59.288+0000] {logging_mixin.py:190} INFO - [2024-10-24T00:50:59.288+0000] {dag.py:3239} INFO - Sync 1 DAGs
[2024-10-24T00:50:59.308+0000] {logging_mixin.py:190} INFO - [2024-10-24T00:50:59.308+0000] {dag.py:4180} INFO - Setting next_dagrun for etl_dag to 2024-10-24 00:00:00+00:00, run_after=2024-10-25 00:00:00+00:00
[2024-10-24T00:50:59.329+0000] {processor.py:208} INFO - Processing /opt/airflow/dags/etl_process.py took 0.190 seconds
[2024-10-24T00:51:29.667+0000] {processor.py:186} INFO - Started process (PID=268) to work on /opt/airflow/dags/etl_process.py
[2024-10-24T00:51:29.667+0000] {processor.py:914} INFO - Processing file /opt/airflow/dags/etl_process.py for tasks to queue
[2024-10-24T00:51:29.670+0000] {logging_mixin.py:190} INFO - [2024-10-24T00:51:29.669+0000] {dagbag.py:588} INFO - Filling up the DagBag from /opt/airflow/dags/etl_process.py
[2024-10-24T00:51:29.687+0000] {processor.py:925} INFO - DAG(s) 'etl_dag' retrieved from /opt/airflow/dags/etl_process.py
[2024-10-24T00:51:29.716+0000] {logging_mixin.py:190} INFO - [2024-10-24T00:51:29.716+0000] {dag.py:3239} INFO - Sync 1 DAGs
[2024-10-24T00:51:29.738+0000] {logging_mixin.py:190} INFO - [2024-10-24T00:51:29.738+0000] {dag.py:4180} INFO - Setting next_dagrun for etl_dag to 2024-10-24 00:00:00+00:00, run_after=2024-10-25 00:00:00+00:00
[2024-10-24T00:51:29.757+0000] {processor.py:208} INFO - Processing /opt/airflow/dags/etl_process.py took 0.096 seconds
[2024-10-24T00:52:00.135+0000] {processor.py:186} INFO - Started process (PID=277) to work on /opt/airflow/dags/etl_process.py
[2024-10-24T00:52:00.136+0000] {processor.py:914} INFO - Processing file /opt/airflow/dags/etl_process.py for tasks to queue
[2024-10-24T00:52:00.138+0000] {logging_mixin.py:190} INFO - [2024-10-24T00:52:00.138+0000] {dagbag.py:588} INFO - Filling up the DagBag from /opt/airflow/dags/etl_process.py
[2024-10-24T00:52:00.161+0000] {processor.py:925} INFO - DAG(s) 'etl_dag' retrieved from /opt/airflow/dags/etl_process.py
[2024-10-24T00:52:00.278+0000] {logging_mixin.py:190} INFO - [2024-10-24T00:52:00.278+0000] {dag.py:3239} INFO - Sync 1 DAGs
[2024-10-24T00:52:00.297+0000] {logging_mixin.py:190} INFO - [2024-10-24T00:52:00.297+0000] {dag.py:4180} INFO - Setting next_dagrun for etl_dag to 2024-10-24 00:00:00+00:00, run_after=2024-10-25 00:00:00+00:00
[2024-10-24T00:52:00.316+0000] {processor.py:208} INFO - Processing /opt/airflow/dags/etl_process.py took 0.187 seconds
[2024-10-24T00:52:30.604+0000] {processor.py:186} INFO - Started process (PID=286) to work on /opt/airflow/dags/etl_process.py
[2024-10-24T00:52:30.605+0000] {processor.py:914} INFO - Processing file /opt/airflow/dags/etl_process.py for tasks to queue
[2024-10-24T00:52:30.609+0000] {logging_mixin.py:190} INFO - [2024-10-24T00:52:30.608+0000] {dagbag.py:588} INFO - Filling up the DagBag from /opt/airflow/dags/etl_process.py
[2024-10-24T00:52:30.634+0000] {processor.py:925} INFO - DAG(s) 'etl_dag' retrieved from /opt/airflow/dags/etl_process.py
[2024-10-24T00:52:30.675+0000] {logging_mixin.py:190} INFO - [2024-10-24T00:52:30.675+0000] {dag.py:3239} INFO - Sync 1 DAGs
[2024-10-24T00:52:30.700+0000] {logging_mixin.py:190} INFO - [2024-10-24T00:52:30.700+0000] {dag.py:4180} INFO - Setting next_dagrun for etl_dag to 2024-10-24 00:00:00+00:00, run_after=2024-10-25 00:00:00+00:00
[2024-10-24T00:52:30.723+0000] {processor.py:208} INFO - Processing /opt/airflow/dags/etl_process.py took 0.125 seconds
[2024-10-24T00:53:01.081+0000] {processor.py:186} INFO - Started process (PID=295) to work on /opt/airflow/dags/etl_process.py
[2024-10-24T00:53:01.082+0000] {processor.py:914} INFO - Processing file /opt/airflow/dags/etl_process.py for tasks to queue
[2024-10-24T00:53:01.087+0000] {logging_mixin.py:190} INFO - [2024-10-24T00:53:01.086+0000] {dagbag.py:588} INFO - Filling up the DagBag from /opt/airflow/dags/etl_process.py
[2024-10-24T00:53:01.106+0000] {processor.py:925} INFO - DAG(s) 'etl_dag' retrieved from /opt/airflow/dags/etl_process.py
[2024-10-24T00:53:01.224+0000] {logging_mixin.py:190} INFO - [2024-10-24T00:53:01.223+0000] {dag.py:3239} INFO - Sync 1 DAGs
[2024-10-24T00:53:01.243+0000] {logging_mixin.py:190} INFO - [2024-10-24T00:53:01.243+0000] {dag.py:4180} INFO - Setting next_dagrun for etl_dag to 2024-10-24 00:00:00+00:00, run_after=2024-10-25 00:00:00+00:00
[2024-10-24T00:53:01.263+0000] {processor.py:208} INFO - Processing /opt/airflow/dags/etl_process.py took 0.188 seconds
